0.0004353523254394531, 1623191326.0235457, 5, 34
0.00022029876708984375, 1623191326.023947, 5, 34
0.00021791458129882812, 1623191326.024535, 5, 27
0.00014019012451171875, 1623191326.0247788, 5, 52
0.00013971328735351562, 1623191326.0251658, 5, 52
0.0001418590545654297, 1623191326.0254338, 5, 28
0.00019431114196777344, 1623191326.0259056, 5, 19
0.00013756752014160156, 1623191326.0261478, 5, 37
0.00011610984802246094, 1623191326.0264978, 5, 49
0.00011110305786132812, 1623191326.0267928, 5, 26
0.00011420249938964844, 1623191326.0271254, 5, 58
0.00011038780212402344, 1623191326.0274277, 5, 19
0.00010728836059570312, 1623191326.0277424, 5, 34
0.00011420249938964844, 1623191326.0280747, 5, 29
0.00010848045349121094, 1623191326.0284462, 5, 47
0.00010538101196289062, 1623191326.028745, 5, 46
0.00012040138244628906, 1623191326.02906, 5, 56
0.00013017654418945312, 1623191326.0293856, 5, 26
0.00012111663818359375, 1623191326.0297058, 5, 43
0.00011754035949707031, 1623191326.0300329, 5, 29
0.00011897087097167969, 1623191326.030346, 5, 27
0.000118255615234375, 1623191326.0306585, 5, 50
0.00011897087097167969, 1623191326.0309694, 5, 33
0.00011730194091796875, 1623191326.031256, 5, 51
0.00011801719665527344, 1623191326.0315504, 5, 32
0.00014901161193847656, 1623191326.031877, 5, 31
0.0002143383026123047, 1623191326.0322802, 5, 44
0.0002205371856689453, 1623191326.0325525, 5, 42
0.00017118453979492188, 1623191326.0327275, 5, 37
0.0001609325408935547, 1623191326.0328958, 5, 37
0.0001544952392578125, 1623191326.0330613, 5, 50
0.00017881393432617188, 1623191326.0332499, 5, 18
0.00017547607421875, 1623191326.0334525, 5, 17
0.00014066696166992188, 1623191326.033619, 5, 42
0.0002956390380859375, 1623191326.0338926, 5, 46
0.00033092498779296875, 1623191326.0340297, 5, 23
0.00044345855712890625, 1623191326.0342426, 5, 29
0.0004911422729492188, 1623191326.0344715, 5, 35
0.0005252361297607422, 1623191326.0346286, 5, 29
0.0007016658782958984, 1623191326.034904, 5, 48
0.0008130073547363281, 1623191326.0351129, 5, 32
0.0008757114410400391, 1623191326.035361, 5, 48
0.0009596347808837891, 1623191326.0355537, 5, 45
0.001069784164428711, 1623191326.0357628, 5, 17
0.0011508464813232422, 1623191326.035942, 5, 43
0.0011837482452392578, 1623191326.0360708, 5, 26
0.001280069351196289, 1623191326.0362618, 5, 14
0.0013213157653808594, 1623191326.036398, 5, 39
0.0013074874877929688, 1623191326.0364807, 5, 47
0.0013785362243652344, 1623191326.0366955, 5, 34
0.0014789104461669922, 1623191326.036899, 5, 23
0.0015103816986083984, 1623191326.0370266, 5, 17
0.0016238689422607422, 1623191326.0372367, 5, 49
0.0016713142395019531, 1623191326.0374353, 5, 20
0.0016276836395263672, 1623191326.037648, 5, 20
0.0016160011291503906, 1623191326.0378284, 5, 30
0.0016748905181884766, 1623191326.0380993, 5, 28
0.0016798973083496094, 1623191326.038308, 5, 25
0.0017757415771484375, 1623191326.038584, 5, 41
0.0017282962799072266, 1623191326.0387173, 5, 36
0.0017399787902832031, 1623191326.0388422, 5, 38
0.001760721206665039, 1623191326.0389664, 5, 53
0.0018885135650634766, 1623191326.0391934, 5, 33
0.001966714859008789, 1623191326.0393698, 5, 42
0.002112150192260742, 1623191326.0397224, 5, 46
0.002324819564819336, 1623191326.0401013, 5, 36
0.0026786327362060547, 1623191326.0405593, 5, 35
0.0027930736541748047, 1623191326.0407722, 5, 37
0.0029807090759277344, 1623191326.041056, 5, 34
0.003275632858276367, 1623191326.041446, 5, 44
0.0034837722778320312, 1623191326.0417533, 5, 47
0.0036203861236572266, 1623191326.0419853, 5, 29
0.003776073455810547, 1623191326.0422556, 5, 38
0.003919363021850586, 1623191326.042497, 5, 51
0.004171848297119141, 1623191326.0429006, 5, 26
0.004089832305908203, 1623191326.043066, 5, 32
0.004362583160400391, 1623191326.0436049, 5, 13
0.003996849060058594, 1623191326.0437949, 5, 61
0.0036973953247070312, 1623191326.0439608, 5, 45
0.0036134719848632812, 1623191326.0441587, 5, 28
0.0035333633422851562, 1623191326.044321, 5, 22
0.0034019947052001953, 1623191326.044496, 5, 41
0.003142833709716797, 1623191326.0446165, 5, 43
0.0030579566955566406, 1623191326.044818, 5, 23
0.0031321048736572266, 1623191326.0451074, 5, 28
0.0028395652770996094, 1623191326.0452158, 5, 32
0.0025827884674072266, 1623191326.0453045, 5, 30
0.0023114681243896484, 1623191326.045388, 5, 30
0.001901388168334961, 1623191326.045469, 5, 23
0.0016355514526367188, 1623191326.0455494, 5, 24
0.0014314651489257812, 1623191326.0456305, 5, 37
0.0011332035064697266, 1623191326.0457103, 5, 26
0.0009260177612304688, 1623191326.0457885, 5, 41
0.00021505355834960938, 1623191326.0466447, 5, 31
0.00032067298889160156, 1623191326.0470083, 5, 33
0.00030303001403808594, 1623191326.0472043, 5, 46
0.00037026405334472656, 1623191326.0474818, 5, 34
0.0005540847778320312, 1623191326.047859, 5, 59
0.0005009174346923828, 1623191326.0480046, 5, 30
0.0006382465362548828, 1623191326.048283, 5, 32
0.0005693435668945312, 1623191326.0484645, 5, 35
0.0005817413330078125, 1623191326.0486753, 5, 34
0.0005407333374023438, 1623191326.0488222, 5, 50
0.0006103515625, 1623191326.049067, 5, 40
0.0005559921264648438, 1623191326.04929, 5, 31
0.00046563148498535156, 1623191326.0495598, 5, 50
0.00047779083251953125, 1623191326.049811, 5, 42
0.0006234645843505859, 1623191326.0501552, 5, 58
0.000492095947265625, 1623191326.0502775, 5, 45
0.0004291534423828125, 1623191326.0505483, 5, 27
0.0002484321594238281, 1623191326.0508108, 5, 50
0.0003199577331542969, 1623191326.0511754, 5, 42
0.00031685829162597656, 1623191326.0514154, 5, 35
0.00022602081298828125, 1623191326.0515769, 5, 15
0.0001926422119140625, 1623191326.0517445, 5, 22
0.0002467632293701172, 1623191326.0520046, 5, 28
0.00014901161193847656, 1623191326.0523129, 5, 44
0.00018334388732910156, 1623191326.052602, 5, 46
0.00014472007751464844, 1623191326.0527704, 5, 24
0.0002033710479736328, 1623191326.0531003, 5, 31
0.00015783309936523438, 1623191326.0532606, 5, 22
0.0002117156982421875, 1623191326.0535119, 5, 39
0.00018334388732910156, 1623191326.053688, 5, 31
0.00010633468627929688, 1623191326.0538116, 5, 49
0.00016641616821289062, 1623191326.054056, 5, 24
0.00013184547424316406, 1623191326.0542064, 5, 37
0.0001926422119140625, 1623191326.0544379, 5, 38
0.0001914501190185547, 1623191326.0546248, 5, 37
0.00018858909606933594, 1623191326.0547917, 5, 46
0.000110626220703125, 1623191326.054951, 5, 55
0.0001690387725830078, 1623191326.0552008, 5, 37
0.00020074844360351562, 1623191326.0553932, 5, 28
0.00023317337036132812, 1623191326.0555403, 5, 45
0.00041604042053222656, 1623191326.0558968, 5, 47
0.0004451274871826172, 1623191326.0561078, 5, 44
0.0004658699035644531, 1623191326.0563276, 5, 24
0.0003933906555175781, 1623191326.0565333, 5, 20
0.00034689903259277344, 1623191326.056722, 5, 21
0.0002493858337402344, 1623191326.0569193, 5, 42
0.00014019012451171875, 1623191326.0570998, 5, 40
0.0003199577331542969, 1623191326.0575314, 5, 35
0.00041675567626953125, 1623191326.057952, 5, 51
0.0006470680236816406, 1623191326.0583594, 5, 16
0.0007953643798828125, 1623191326.0586967, 5, 29
0.0009751319885253906, 1623191326.0590568, 5, 23
0.0008895397186279297, 1623191326.0592492, 5, 32
0.0006978511810302734, 1623191326.0593848, 5, 47
0.0008022785186767578, 1623191326.059695, 5, 42
0.0006444454193115234, 1623191326.0599053, 5, 42
0.0006480216979980469, 1623191326.060139, 5, 24
0.0006854534149169922, 1623191326.0603702, 5, 12
0.0006628036499023438, 1623191326.060543, 5, 43
0.0006349086761474609, 1623191326.0607598, 5, 53
0.0008032321929931641, 1623191326.0611355, 5, 26
0.0007481575012207031, 1623191326.061284, 5, 44
0.000965118408203125, 1623191326.061675, 5, 23
0.00093841552734375, 1623191326.061878, 5, 20
0.001018524169921875, 1623191326.0621572, 5, 45
0.0009922981262207031, 1623191326.0622482, 5, 37
0.0009343624114990234, 1623191326.0623996, 5, 21
0.0009505748748779297, 1623191326.062607, 5, 48
0.0008912086486816406, 1623191326.0627704, 5, 54
0.0009057521820068359, 1623191326.0629017, 5, 21
0.0007834434509277344, 1623191326.0629919, 5, 14
0.0007729530334472656, 1623191326.0631223, 5, 35
0.0006272792816162109, 1623191326.0632117, 5, 24
0.0006911754608154297, 1623191326.0634384, 5, 38
0.0006997585296630859, 1623191326.063633, 5, 29
0.0006039142608642578, 1623191326.063768, 5, 41
0.00061798095703125, 1623191326.0639193, 5, 44
0.0006420612335205078, 1623191326.0640574, 5, 17
0.0007328987121582031, 1623191326.0642564, 5, 31
0.0008318424224853516, 1623191326.0644581, 5, 25
0.0008709430694580078, 1623191326.0646427, 5, 42
0.0008728504180908203, 1623191326.0647964, 5, 45
0.0008533000946044922, 1623191326.0648801, 5, 25
0.0009245872497558594, 1623191326.0650506, 5, 39
0.0010433197021484375, 1623191326.0652685, 5, 44
0.0011157989501953125, 1623191326.0654395, 5, 21
0.0012340545654296875, 1623191326.065654, 5, 37
0.001163482666015625, 1623191326.0657964, 5, 17
0.0011131763458251953, 1623191326.0659413, 5, 36
0.0010209083557128906, 1623191326.0660803, 5, 22
0.0009510517120361328, 1623191326.0662303, 5, 20
0.0009870529174804688, 1623191326.0664322, 5, 49
0.00099945068359375, 1623191326.066629, 5, 33
0.0010509490966796875, 1623191326.0668066, 5, 49
0.001077413558959961, 1623191326.0670059, 5, 33
0.001119375228881836, 1623191326.0672064, 5, 38
0.0012595653533935547, 1623191326.0674567, 5, 36
0.0013294219970703125, 1623191326.0676262, 5, 42
0.001499176025390625, 1623191326.0678935, 5, 30
0.0015680789947509766, 1623191326.068059, 5, 33
0.0016014575958251953, 1623191326.06819, 5, 27
0.0016632080078125, 1623191326.0683484, 5, 35
0.0017724037170410156, 1623191326.0685523, 5, 21
0.001874685287475586, 1623191326.0687506, 5, 35
0.0019562244415283203, 1623191326.0689323, 5, 34
0.002015829086303711, 1623191326.0690925, 5, 38
0.002161741256713867, 1623191326.0693367, 5, 35
0.002215862274169922, 1623191326.069524, 5, 12
0.0022711753845214844, 1623191326.069675, 5, 24
0.002357959747314453, 1623191326.0698545, 5, 58
0.0023462772369384766, 1623191326.069941, 5, 28
0.002395153045654297, 1623191326.0700872, 5, 30
0.002414226531982422, 1623191326.07022, 5, 31
0.0024611949920654297, 1623191326.070415, 5, 24
0.002500295639038086, 1623191326.0705514, 5, 24
0.0024983882904052734, 1623191326.0707035, 5, 36
0.0025565624237060547, 1623191326.07087, 5, 44
0.002569913864135742, 1623191326.0709832, 5, 45
0.0026009082794189453, 1623191326.0711155, 5, 65
0.0026412010192871094, 1623191326.0712526, 5, 21
0.0027997493743896484, 1623191326.0715086, 5, 35
0.002855062484741211, 1623191326.0716605, 5, 25
0.002972841262817383, 1623191326.0718741, 5, 42
0.002899169921875, 1623191326.0719967, 5, 27
0.002923250198364258, 1623191326.0722046, 5, 37
0.0028679370880126953, 1623191326.0723658, 5, 37
0.002827882766723633, 1623191326.0725064, 5, 47
0.0027828216552734375, 1623191326.0726595, 5, 46
0.002752542495727539, 1623191326.0728018, 5, 46
0.0029048919677734375, 1623191326.0730937, 5, 31
0.003026247024536133, 1623191326.073331, 5, 28
0.003091573715209961, 1623191326.0735042, 5, 26
0.003173828125, 1623191326.0736907, 5, 49
0.0031769275665283203, 1623191326.073923, 5, 46
0.0031414031982421875, 1623191326.0741005, 5, 31
0.0031402111053466797, 1623191326.0742638, 5, 23
0.0030646324157714844, 1623191326.0744028, 5, 27
0.0030739307403564453, 1623191326.0745864, 5, 40
0.003075838088989258, 1623191326.0746999, 5, 37
0.0031256675720214844, 1623191326.074974, 5, 53
0.003134489059448242, 1623191326.0750911, 5, 46
0.0032150745391845703, 1623191326.0752738, 5, 35
0.0033330917358398438, 1623191326.0754907, 5, 38
0.0035979747772216797, 1623191326.0759356, 5, 23
0.003708362579345703, 1623191326.0761797, 5, 45
0.0036661624908447266, 1623191326.076335, 5, 34
0.003629446029663086, 1623191326.076517, 5, 47
0.0036420822143554688, 1623191326.0767365, 5, 24
0.0036499500274658203, 1623191326.0769408, 5, 42
0.0035626888275146484, 1623191326.0770702, 5, 29
0.003469705581665039, 1623191326.077185, 5, 47
0.0033855438232421875, 1623191326.0773191, 5, 25
0.0033948421478271484, 1623191326.0775175, 5, 38
0.003481149673461914, 1623191326.0777292, 5, 59
0.0034079551696777344, 1623191326.0778127, 5, 26
0.0033614635467529297, 1623191326.07799, 5, 35
0.0032949447631835938, 1623191326.0781074, 5, 32
0.003370523452758789, 1623191326.078377, 5, 55
0.0032982826232910156, 1623191326.0784807, 5, 26
0.003214120864868164, 1623191326.0785782, 5, 13
0.0031757354736328125, 1623191326.0788105, 5, 51
0.0031261444091796875, 1623191326.0790179, 5, 33
0.0029952526092529297, 1623191326.0791447, 5, 19
0.002929210662841797, 1623191326.079274, 5, 53
0.002901792526245117, 1623191326.0794673, 5, 41
0.002884387969970703, 1623191326.079614, 5, 36
0.0028231143951416016, 1623191326.0797918, 5, 49
0.002819538116455078, 1623191326.079985, 5, 29
0.0029070377349853516, 1623191326.0801892, 5, 24
0.0028994083404541016, 1623191326.0802872, 5, 28
0.002933502197265625, 1623191326.0804286, 5, 38
0.002938508987426758, 1623191326.0805373, 5, 40
0.0029833316802978516, 1623191326.080757, 5, 51
0.002978086471557617, 1623191326.0809426, 5, 47
0.002993345260620117, 1623191326.081071, 5, 71
0.002944469451904297, 1623191326.0812109, 5, 51
0.0028591156005859375, 1623191326.0813549, 5, 35
0.002779245376586914, 1623191326.0814388, 5, 39
0.002835988998413086, 1623191326.08161, 5, 17
0.002871990203857422, 1623191326.0817494, 5, 33
0.0028662681579589844, 1623191326.0819051, 5, 27
0.002840757369995117, 1623191326.08206, 5, 20
0.0029404163360595703, 1623191326.0822668, 5, 24
0.002999544143676758, 1623191326.0824802, 5, 17
0.0030956268310546875, 1623191326.0826828, 5, 55
0.0032210350036621094, 1623191326.0829084, 5, 46
0.0032434463500976562, 1623191326.0830307, 5, 35
0.0033333301544189453, 1623191326.0832868, 5, 27
0.003370523452758789, 1623191326.083424, 5, 21
0.0033597946166992188, 1623191326.0835953, 5, 30
0.003296375274658203, 1623191326.0837443, 5, 44
0.003300189971923828, 1623191326.0839891, 5, 29
0.0033140182495117188, 1623191326.0842445, 5, 24
0.0032966136932373047, 1623191326.0843604, 5, 26
0.003335237503051758, 1623191326.0845194, 5, 61
0.0032722949981689453, 1623191326.0846598, 5, 41
0.0032253265380859375, 1623191326.084807, 5, 36
0.003249645233154297, 1623191326.0850043, 5, 19
0.003344297409057617, 1623191326.0852118, 5, 49
0.0034341812133789062, 1623191326.0854616, 5, 36
0.003440380096435547, 1623191326.0855768, 5, 46
0.0035402774810791016, 1623191326.0857775, 5, 34
0.0036246776580810547, 1623191326.0859766, 5, 33
0.0037305355072021484, 1623191326.0861838, 5, 53
0.003887176513671875, 1623191326.08644, 5, 39
0.003901243209838867, 1623191326.0865552, 5, 49
0.003955364227294922, 1623191326.0867097, 5, 40
0.004040956497192383, 1623191326.0869114, 5, 28
0.004081249237060547, 1623191326.0871217, 5, 38
0.004178285598754883, 1623191326.087328, 5, 36
0.004194498062133789, 1623191326.0874686, 5, 21
0.004242658615112305, 1623191326.0876598, 5, 29
0.00428318977355957, 1623191326.087882, 5, 18
0.004648923873901367, 1623191326.088355, 5, 25
0.0048007965087890625, 1623191326.0886073, 5, 44
0.004766225814819336, 1623191326.0887167, 5, 37
0.0048177242279052734, 1623191326.0888689, 5, 41
0.00492548942565918, 1623191326.089075, 5, 19
0.0049135684967041016, 1623191326.0892353, 5, 39
0.0048329830169677734, 1623191326.0893207, 5, 37
0.004945516586303711, 1623191326.0896106, 5, 43
0.005110979080200195, 1623191326.0898867, 5, 30
0.0052106380462646484, 1623191326.090086, 5, 45
0.12520337104797363, 1623191326.2101765, 5, 26
0.12537264823913574, 1623191326.210444, 5, 35
0.12540984153747559, 1623191326.2105806, 5, 44
0.12540054321289062, 1623191326.2106748, 5, 32
0.1254289150238037, 1623191326.2108028, 5, 55
0.12536978721618652, 1623191326.2109094, 5, 28
0.12534809112548828, 1623191326.210994, 5, 40
0.12532758712768555, 1623191326.2110744, 5, 58
0.12533307075500488, 1623191326.21118, 5, 51
0.12533211708068848, 1623191326.21128, 5, 34
0.1253354549407959, 1623191326.211383, 5, 54
0.125335693359375, 1623191326.2114828, 5, 47
0.1253190040588379, 1623191326.2115655, 5, 45
0.12529897689819336, 1623191326.2116442, 5, 24
0.1252446174621582, 1623191326.2117538, 5, 32
0.12528014183044434, 1623191326.2119582, 5, 44
0.12529873847961426, 1623191326.2120826, 5, 25
0.1253044605255127, 1623191326.2121866, 5, 15
0.1252918243408203, 1623191326.2122712, 5, 40
0.1252729892730713, 1623191326.212367, 5, 16
0.12527203559875488, 1623191326.2124634, 5, 36
0.12520647048950195, 1623191326.212545, 5, 49
0.12518739700317383, 1623191326.2126248, 5, 52
0.12521648406982422, 1623191326.2127492, 5, 24
0.12520813941955566, 1623191326.2128375, 5, 40
0.12519073486328125, 1623191326.212916, 5, 23
0.12514066696166992, 1623191326.212993, 5, 48
0.12511610984802246, 1623191326.2130687, 5, 33
0.12509417533874512, 1623191326.213143, 5, 53
0.12506556510925293, 1623191326.213217, 5, 46
0.12505197525024414, 1623191326.2132912, 5, 56
0.12494587898254395, 1623191326.2133684, 5, 30
0.12493634223937988, 1623191326.2134614, 5, 22
0.12486696243286133, 1623191326.213542, 5, 39
0.1248025894165039, 1623191326.2136357, 5, 43
0.1246790885925293, 1623191326.2137132, 5, 24
0.12458562850952148, 1623191326.2138028, 5, 26
0.12447595596313477, 1623191326.2139554, 5, 34
0.12439298629760742, 1623191326.2140906, 5, 34
0.12437295913696289, 1623191326.2142167, 5, 52
0.12424945831298828, 1623191326.2143102, 5, 35
0.12410640716552734, 1623191326.2143939, 5, 28
0.12408947944641113, 1623191326.2144902, 5, 45
0.12404823303222656, 1623191326.2145765, 5, 34
0.12415122985839844, 1623191326.2147758, 5, 20
0.1241297721862793, 1623191326.2148778, 5, 44
0.12413454055786133, 1623191326.2149749, 5, 43
0.12414979934692383, 1623191326.2150757, 5, 45
0.12414216995239258, 1623191326.2151582, 5, 20
0.12413525581359863, 1623191326.2152388, 5, 48
0.12414097785949707, 1623191326.2153323, 5, 36
0.12410521507263184, 1623191326.2154307, 5, 58
0.12406754493713379, 1623191326.215538, 5, 42
0.12404632568359375, 1623191326.2156403, 5, 36
0.12401843070983887, 1623191326.2157314, 5, 53
0.12404918670654297, 1623191326.2159102, 5, 32
0.12408924102783203, 1623191326.2160418, 5, 42
0.1241302490234375, 1623191326.2161725, 5, 44
0.1241464614868164, 1623191326.216276, 5, 46
0.12414979934692383, 1623191326.216368, 5, 28
0.12418413162231445, 1623191326.2164927, 5, 33
0.1242063045501709, 1623191326.216605, 5, 46
0.12421488761901855, 1623191326.2167006, 5, 37
0.12423133850097656, 1623191326.2168024, 5, 21
0.12424302101135254, 1623191326.2168999, 5, 35
0.12424588203430176, 1623191326.2169938, 5, 43
0.12425446510314941, 1623191326.2170882, 5, 44
0.12426972389221191, 1623191326.21719, 5, 46
0.12427949905395508, 1623191326.2172866, 5, 55
0.12428617477416992, 1623191326.2173793, 5, 46
0.12431097030639648, 1623191326.2174907, 5, 47
0.12431907653808594, 1623191326.217585, 5, 26
0.12430787086486816, 1623191326.217661, 5, 27
0.12429690361022949, 1623191326.2177374, 5, 31
0.12427878379821777, 1623191326.217837, 5, 44
0.12426304817199707, 1623191326.217917, 5, 41
0.12425351142883301, 1623191326.2179942, 5, 28
0.12424278259277344, 1623191326.2180696, 5, 32
0.12423253059387207, 1623191326.2181447, 5, 25
0.1242227554321289, 1623191326.2182198, 5, 16
0.12420988082885742, 1623191326.2182958, 5, 48
0.12419724464416504, 1623191326.218373, 5, 47
0.12428474426269531, 1623191326.218546, 5, 57
0.12430739402770996, 1623191326.2186546, 5, 25
0.12428450584411621, 1623191326.218733, 5, 57
0.1242818832397461, 1623191326.2188137, 5, 27
0.12427330017089844, 1623191326.2188938, 5, 37
0.12426114082336426, 1623191326.2189705, 5, 24
0.1242520809173584, 1623191326.219046, 5, 16
0.12424254417419434, 1623191326.2191212, 5, 32
0.12423372268676758, 1623191326.2191966, 5, 36
0.12421894073486328, 1623191326.2192714, 5, 29
0.12423181533813477, 1623191326.2193713, 5, 69
0.12424588203430176, 1623191326.2194753, 5, 25
0.12423825263977051, 1623191326.219554, 5, 33
0.12422776222229004, 1623191326.2196321, 5, 31
0.1242208480834961, 1623191326.219711, 5, 24
0.12420654296875, 1623191326.2197864, 5, 38
0.12424635887145996, 1623191326.219916, 5, 48
0.12424159049987793, 1623191326.219998, 5, 49
0.12418985366821289, 1623191326.2200787, 5, 36
0.12420296669006348, 1623191326.2201846, 5, 41
0.12421274185180664, 1623191326.2202854, 5, 33
0.12419438362121582, 1623191326.2203577, 5, 41
0.12417221069335938, 1623191326.220425, 5, 29
0.12415289878845215, 1623191326.220491, 5, 26
0.12413382530212402, 1623191326.2205567, 5, 20
0.1241147518157959, 1623191326.2206225, 5, 27
0.12409567832946777, 1623191326.2206893, 5, 48
0.12407708168029785, 1623191326.220756, 5, 16
0.1239619255065918, 1623191326.2208219, 5, 28
0.12392687797546387, 1623191326.2209084, 5, 33
0.12387537956237793, 1623191326.2210085, 5, 18
0.1238243579864502, 1623191326.2210846, 5, 25
0.12373733520507812, 1623191326.221158, 5, 24
0.12364482879638672, 1623191326.2212477, 5, 27
0.12364029884338379, 1623191326.2213411, 5, 44
0.12358570098876953, 1623191326.2214348, 5, 40
0.12355208396911621, 1623191326.2215264, 5, 36
0.12350797653198242, 1623191326.2216022, 5, 34
0.12343621253967285, 1623191326.2216756, 5, 45
0.12334012985229492, 1623191326.2217486, 5, 42
0.12322258949279785, 1623191326.221821, 5, 36
0.12298965454101562, 1623191326.2218933, 5, 52
0.12291622161865234, 1623191326.2219687, 5, 41
0.122833251953125, 1623191326.2220428, 5, 30
0.12288117408752441, 1623191326.2221982, 5, 54
0.1228492259979248, 1623191326.22228, 5, 31
0.12286186218261719, 1623191326.222392, 5, 22
0.1228480339050293, 1623191326.222468, 5, 29
0.12277078628540039, 1623191326.2225409, 5, 24
0.1290140151977539, 1623191326.2289212, 5, 49
0.12921810150146484, 1623191326.2292564, 5, 44
0.12946629524230957, 1623191326.2296033, 5, 20
0.12955999374389648, 1623191326.229839, 5, 46
0.1295170783996582, 1623191326.2299645, 5, 47
0.1295783519744873, 1623191326.2301545, 5, 28
0.1295909881591797, 1623191326.230336, 5, 40
0.12974953651428223, 1623191326.2306, 5, 31
0.12977814674377441, 1623191326.230788, 5, 48
0.12985491752624512, 1623191326.2309859, 5, 33
0.1298680305480957, 1623191326.231169, 5, 25
0.1298813819885254, 1623191326.2313664, 5, 41
0.1299748420715332, 1623191326.2316315, 5, 23
0.12997174263000488, 1623191326.231794, 5, 43
0.13001275062561035, 1623191326.23198, 5, 36
0.13004541397094727, 1623191326.232122, 5, 35
0.13004112243652344, 1623191326.2322557, 5, 22
0.12997007369995117, 1623191326.2323666, 5, 24
0.1298532485961914, 1623191326.2324743, 5, 32
0.12978816032409668, 1623191326.2325835, 5, 35
0.12963104248046875, 1623191326.232681, 5, 38
0.1294238567352295, 1623191326.2327626, 5, 45
0.1291792392730713, 1623191326.2328398, 5, 30
0.12902235984802246, 1623191326.2329388, 5, 51
0.12893891334533691, 1623191326.233106, 5, 32
0.1288759708404541, 1623191326.2332382, 5, 37
0.12868237495422363, 1623191326.233324, 5, 29
0.12849974632263184, 1623191326.2334044, 5, 36
0.12827515602111816, 1623191326.2334847, 5, 36
0.12811493873596191, 1623191326.2336082, 5, 32
0.12796854972839355, 1623191326.233691, 5, 45
0.12776422500610352, 1623191326.2337883, 5, 39
0.12756991386413574, 1623191326.2338667, 5, 54
0.1273658275604248, 1623191326.2339423, 5, 25
0.12720203399658203, 1623191326.2340393, 5, 41
0.12701773643493652, 1623191326.2341354, 5, 39
0.1268444061279297, 1623191326.2342415, 5, 43
0.12665224075317383, 1623191326.2343507, 5, 26
0.12643861770629883, 1623191326.2344694, 5, 44
0.12622833251953125, 1623191326.2345457, 5, 46
0.1260535717010498, 1623191326.2346199, 5, 62
0.12584757804870605, 1623191326.2346945, 5, 45
0.12561392784118652, 1623191326.2347822, 5, 32
0.1254734992980957, 1623191326.2348754, 5, 40
0.1253957748413086, 1623191326.2350245, 5, 44
0.12527990341186523, 1623191326.235134, 5, 24
0.1251535415649414, 1623191326.2352366, 5, 21
0.125, 1623191326.2353451, 5, 21
0.12489557266235352, 1623191326.23547, 5, 41
0.12476325035095215, 1623191326.2356274, 5, 25
0.12472128868103027, 1623191326.2357914, 5, 62
0.12471437454223633, 1623191326.2360387, 5, 25
0.12481880187988281, 1623191326.2364666, 5, 30
0.12506937980651855, 1623191326.2370322, 5, 39
0.12483477592468262, 1623191326.2371612, 5, 30
0.12458324432373047, 1623191326.2372453, 5, 21
0.12436151504516602, 1623191326.2373216, 5, 35
0.12422394752502441, 1623191326.237459, 5, 47
0.12405824661254883, 1623191326.2375562, 5, 29
0.12385940551757812, 1623191326.2376356, 5, 27
0.1236732006072998, 1623191326.2377117, 5, 40
0.12356162071228027, 1623191326.2377846, 5, 39
0.12342405319213867, 1623191326.237855, 5, 24
0.12327694892883301, 1623191326.2379246, 5, 30
0.12309074401855469, 1623191326.2379947, 5, 16
0.1228647232055664, 1623191326.238064, 5, 38
0.12263798713684082, 1623191326.238133, 5, 29
0.12252211570739746, 1623191326.2382023, 5, 19
0.12240076065063477, 1623191326.2383063, 5, 26
0.12227225303649902, 1623191326.2384028, 5, 29
0.12207341194152832, 1623191326.2384996, 5, 44
0.1218869686126709, 1623191326.2385733, 5, 29
0.12170004844665527, 1623191326.2386441, 5, 46
0.12153935432434082, 1623191326.2387161, 5, 42
0.12146949768066406, 1623191326.2389045, 5, 47
0.12130594253540039, 1623191326.239011, 5, 19
0.12128829956054688, 1623191326.2392428, 5, 26
0.12115621566772461, 1623191326.239388, 5, 39
0.12103462219238281, 1623191326.2395275, 5, 33
0.1208808422088623, 1623191326.2396379, 5, 29
0.12068438529968262, 1623191326.2397387, 5, 29
0.1207571029663086, 1623191326.2400417, 5, 22
0.12061691284179688, 1623191326.240181, 5, 33
0.12047052383422852, 1623191326.240384, 5, 54
0.12026524543762207, 1623191326.2405045, 5, 51
0.12006902694702148, 1623191326.2406092, 5, 52
0.11984515190124512, 1623191326.2407134, 5, 15
0.11970305442810059, 1623191326.2408319, 5, 38
0.11954736709594727, 1623191326.240988, 5, 28
0.1193399429321289, 1623191326.2411187, 5, 23
0.11919307708740234, 1623191326.241267, 5, 52
0.11902761459350586, 1623191326.2413893, 5, 54
0.1190652847290039, 1623191326.2416039, 5, 21
0.11906599998474121, 1623191326.2417629, 5, 63
0.11898517608642578, 1623191326.2418776, 5, 43
0.11895012855529785, 1623191326.242011, 5, 47
0.11895561218261719, 1623191326.2421274, 5, 43
0.11887335777282715, 1623191326.2422452, 5, 23
0.11886286735534668, 1623191326.242351, 5, 49
0.1188502311706543, 1623191326.242456, 5, 25
0.11879158020019531, 1623191326.2425623, 5, 47
0.11868524551391602, 1623191326.2426822, 5, 29
0.1186981201171875, 1623191326.242858, 5, 39
0.11862659454345703, 1623191326.2429683, 5, 49
0.11855149269104004, 1623191326.2430851, 5, 43
0.11855006217956543, 1623191326.243192, 5, 34
0.11854958534240723, 1623191326.2432888, 5, 54
0.11855578422546387, 1623191326.243387, 5, 23
0.11849236488342285, 1623191326.2434795, 5, 42
0.11835551261901855, 1623191326.243573, 5, 34
0.11832690238952637, 1623191326.2436655, 5, 44
0.11824202537536621, 1623191326.243747, 5, 34
0.11825799942016602, 1623191326.243873, 5, 47
0.11817669868469238, 1623191326.2439718, 5, 40
0.11815047264099121, 1623191326.2440624, 5, 44
0.11808133125305176, 1623191326.2441654, 5, 28
0.11807608604431152, 1623191326.2443063, 5, 25
0.1181032657623291, 1623191326.2444382, 5, 24
0.11811614036560059, 1623191326.2445726, 5, 24
0.11814546585083008, 1623191326.244694, 5, 41
0.118316650390625, 1623191326.244955, 5, 26
0.11837291717529297, 1623191326.2451434, 5, 22
0.11840415000915527, 1623191326.2452981, 5, 48
0.11841893196105957, 1623191326.2454336, 5, 25
0.11841917037963867, 1623191326.2455509, 5, 21
0.11851000785827637, 1623191326.2457592, 5, 29
0.11867380142211914, 1623191326.2460413, 5, 55
0.11872053146362305, 1623191326.2462046, 5, 27
0.11873412132263184, 1623191326.2463505, 5, 54
0.11876773834228516, 1623191326.2464776, 5, 39
0.11869001388549805, 1623191326.246603, 5, 47
0.11874651908874512, 1623191326.246776, 5, 42
0.11879706382751465, 1623191326.2469575, 5, 46
0.11884546279907227, 1623191326.2471323, 5, 31
0.11878156661987305, 1623191326.2472363, 5, 27
0.11871147155761719, 1623191326.2473364, 5, 31
0.11863493919372559, 1623191326.2474358, 5, 23
0.11856961250305176, 1623191326.247535, 5, 49
0.11853718757629395, 1623191326.2476308, 5, 55
0.1184694766998291, 1623191326.2477257, 5, 26
0.11863088607788086, 1623191326.2480311, 5, 41
0.11862850189208984, 1623191326.24816, 5, 39
0.11862730979919434, 1623191326.2482705, 5, 27
0.11869597434997559, 1623191326.2484589, 5, 17
0.1187736988067627, 1623191326.2486303, 5, 45
0.118804931640625, 1623191326.2487812, 5, 36
0.11881446838378906, 1623191326.248914, 5, 51
0.11879372596740723, 1623191326.2490394, 5, 17
0.11882138252258301, 1623191326.249192, 5, 35
0.11884140968322754, 1623191326.2493305, 5, 24
0.11888360977172852, 1623191326.2494652, 5, 50
0.1189718246459961, 1623191326.2496707, 5, 26
0.11896634101867676, 1623191326.2497869, 5, 47
0.11899423599243164, 1623191326.2499557, 5, 61
0.11902594566345215, 1623191326.2500765, 5, 44
0.11904335021972656, 1623191326.2501779, 5, 33
0.1190180778503418, 1623191326.2503061, 5, 31
0.11902284622192383, 1623191326.2504678, 5, 24
0.11901712417602539, 1623191326.250589, 5, 38
0.11897635459899902, 1623191326.2507026, 5, 16
0.11893916130065918, 1623191326.2507987, 5, 51
0.1189267635345459, 1623191326.2509089, 5, 19
0.11884689331054688, 1623191326.2510154, 5, 54
0.11874032020568848, 1623191326.251114, 5, 36
0.11871051788330078, 1623191326.2512133, 5, 30
0.11869621276855469, 1623191326.251306, 5, 38
0.11864948272705078, 1623191326.2514212, 5, 31
0.12858223915100098, 1623191326.2614856, 5, 40
0.12897658348083496, 1623191326.2620041, 5, 31
0.12913131713867188, 1623191326.2622528, 5, 25
0.12925219535827637, 1623191326.2624655, 5, 58
0.12925243377685547, 1623191326.2626288, 5, 42
0.12935376167297363, 1623191326.262888, 5, 50
0.1295320987701416, 1623191326.263229, 5, 20
0.12953424453735352, 1623191326.2633767, 5, 30
0.12967228889465332, 1623191326.2636402, 5, 38
0.12980914115905762, 1623191326.2638757, 5, 25
0.1299724578857422, 1623191326.2641616, 5, 40
0.13012146949768066, 1623191326.2644641, 5, 19
0.13020944595336914, 1623191326.264691, 5, 19
0.13025808334350586, 1623191326.2648635, 5, 24
0.13053107261657715, 1623191326.2652385, 5, 37
0.13077044486999512, 1623191326.2656062, 5, 30
0.1307969093322754, 1623191326.2657647, 5, 47
0.13083386421203613, 1623191326.2659082, 5, 26
0.13096046447753906, 1623191326.2661407, 5, 22
0.13102483749389648, 1623191326.2663078, 5, 42
0.13107681274414062, 1623191326.2664742, 5, 56
0.1311039924621582, 1623191326.2665963, 5, 45
0.13116908073425293, 1623191326.2668157, 5, 35
0.131072998046875, 1623191326.266946, 5, 31
0.13105535507202148, 1623191326.2671344, 5, 49
0.13101887702941895, 1623191326.2673018, 5, 50
0.13103747367858887, 1623191326.2675083, 5, 33
0.1310594081878662, 1623191326.2676995, 5, 31
0.131148099899292, 1623191326.2679458, 5, 34
0.1311194896697998, 1623191326.2680676, 5, 41
0.13104748725891113, 1623191326.268181, 5, 39
0.1310586929321289, 1623191326.2683823, 5, 44
0.13099908828735352, 1623191326.2684836, 5, 27
0.13095831871032715, 1623191326.2685907, 5, 48
0.13090753555297852, 1623191326.268692, 5, 33
0.1308450698852539, 1623191326.268799, 5, 42
0.13078641891479492, 1623191326.2689056, 5, 30
0.13078641891479492, 1623191326.2690501, 5, 43
0.13087034225463867, 1623191326.2692318, 5, 44
0.13092827796936035, 1623191326.269376, 5, 21
0.13097643852233887, 1623191326.2695434, 5, 33
0.1309981346130371, 1623191326.2697105, 5, 38
0.1311206817626953, 1623191326.2699285, 5, 26
0.13111591339111328, 1623191326.2700694, 5, 36
0.1311185359954834, 1623191326.2701938, 5, 41
0.13109850883483887, 1623191326.2703388, 5, 31
0.1311168670654297, 1623191326.2704911, 5, 35
0.13113188743591309, 1623191326.2706301, 5, 38
0.13120079040527344, 1623191326.2708437, 5, 43
0.13120269775390625, 1623191326.2709897, 5, 27
0.13109707832336426, 1623191326.27116, 5, 37
0.1310102939605713, 1623191326.271271, 5, 39
0.13094282150268555, 1623191326.2713866, 5, 38
0.13086175918579102, 1623191326.2714744, 5, 26
0.13080167770385742, 1623191326.2716012, 5, 39
0.13078737258911133, 1623191326.2717094, 5, 35
0.13102221488952637, 1623191326.2721395, 5, 35
0.13103866577148438, 1623191326.272319, 5, 45
0.13101625442504883, 1623191326.272441, 5, 20
0.13103842735290527, 1623191326.2725933, 5, 22
0.1310725212097168, 1623191326.2727532, 5, 42
0.13095736503601074, 1623191326.2728572, 5, 35
0.13084077835083008, 1623191326.272964, 5, 21
0.1307516098022461, 1623191326.2730613, 5, 47
0.1306779384613037, 1623191326.2731626, 5, 26
0.1306469440460205, 1623191326.2732625, 5, 44
0.13062763214111328, 1623191326.2733681, 5, 42
0.1306159496307373, 1623191326.273451, 5, 51
0.13066887855529785, 1623191326.2735956, 5, 16
0.1307206153869629, 1623191326.273736, 5, 49
0.13069868087768555, 1623191326.273846, 5, 44
0.13065457344055176, 1623191326.273945, 5, 43
0.13065195083618164, 1623191326.2740803, 5, 26
0.13061070442199707, 1623191326.2741866, 5, 37
0.13058972358703613, 1623191326.274284, 5, 28
0.13054943084716797, 1623191326.2743845, 5, 29
0.130540132522583, 1623191326.2744913, 5, 45
0.13052725791931152, 1623191326.2745912, 5, 49
0.13054156303405762, 1623191326.274694, 5, 41
0.13053631782531738, 1623191326.2747743, 5, 27
0.13052821159362793, 1623191326.2748513, 5, 40
0.13051819801330566, 1623191326.2749283, 5, 32
0.130509614944458, 1623191326.2750041, 5, 29
0.13050198554992676, 1623191326.275081, 5, 55
0.1304929256439209, 1623191326.2751565, 5, 23
0.13048410415649414, 1623191326.2752326, 5, 47
0.13045620918273926, 1623191326.2753084, 5, 32
0.13045048713684082, 1623191326.2753844, 5, 25
0.13044953346252441, 1623191326.2754598, 5, 26
0.13044071197509766, 1623191326.2755353, 5, 31
0.1304161548614502, 1623191326.2756114, 5, 50
0.13040423393249512, 1623191326.2756872, 5, 27
0.13039255142211914, 1623191326.2757618, 5, 27
0.1304035186767578, 1623191326.275857, 5, 40
0.1303539276123047, 1623191326.2759354, 5, 49
0.13025355339050293, 1623191326.276011, 5, 28
0.13020706176757812, 1623191326.2760875, 5, 41
0.13017725944519043, 1623191326.2761636, 5, 47
0.1301558017730713, 1623191326.2762387, 5, 17
0.13006806373596191, 1623191326.2763147, 5, 45
0.12996268272399902, 1623191326.2763913, 5, 40
0.12994122505187988, 1623191326.276469, 5, 32
0.12986087799072266, 1623191326.2765453, 5, 29
0.12977862358093262, 1623191326.2766216, 5, 54
0.12975478172302246, 1623191326.2766974, 5, 32
0.12974047660827637, 1623191326.2767732, 5, 12
0.1297285556793213, 1623191326.2768495, 5, 24
0.1296708583831787, 1623191326.276925, 5, 42
0.1296064853668213, 1623191326.2770004, 5, 14
0.12958550453186035, 1623191326.2770767, 5, 53
0.12951874732971191, 1623191326.2771533, 5, 54
0.12949776649475098, 1623191326.2772295, 5, 34
0.12946438789367676, 1623191326.2773056, 5, 27
0.1294093132019043, 1623191326.2773824, 5, 45
0.1293928623199463, 1623191326.277458, 5, 49
0.12936925888061523, 1623191326.2775338, 5, 52
0.12935519218444824, 1623191326.27761, 5, 35
0.12934088706970215, 1623191326.2776885, 5, 57
0.12932634353637695, 1623191326.277765, 5, 24
0.12931394577026367, 1623191326.2778404, 5, 50
0.1293325424194336, 1623191326.277946, 5, 27
0.12932205200195312, 1623191326.2780213, 5, 27
0.1292428970336914, 1623191326.2780972, 5, 23
0.12920236587524414, 1623191326.2781725, 5, 31
0.12917852401733398, 1623191326.2782485, 5, 44
0.12913799285888672, 1623191326.2783241, 5, 40
0.12906527519226074, 1623191326.2784023, 5, 32
0.1290438175201416, 1623191326.2784812, 5, 26
0.12903046607971191, 1623191326.2785568, 5, 33
0.12894272804260254, 1623191326.278633, 5, 55
0.12889480590820312, 1623191326.2787077, 5, 37
0.12886381149291992, 1623191326.278783, 5, 23
0.12883973121643066, 1623191326.278859, 5, 41
0.12881779670715332, 1623191326.2789345, 5, 33
0.128800630569458, 1623191326.2790093, 5, 25
0.1287074089050293, 1623191326.2790844, 5, 47
0.12862753868103027, 1623191326.2791605, 5, 46
0.12855315208435059, 1623191326.279236, 5, 29
0.12851667404174805, 1623191326.279317, 5, 20
0.12847161293029785, 1623191326.279429, 5, 30
0.1284475326538086, 1623191326.2795105, 5, 37
0.12842845916748047, 1623191326.2795897, 5, 61
0.12830686569213867, 1623191326.2796898, 5, 27
0.12822699546813965, 1623191326.2797904, 5, 40
0.1282505989074707, 1623191326.2799368, 5, 37
0.1277635097503662, 1623191326.2801037, 5, 42
0.12772440910339355, 1623191326.2802744, 5, 50
0.12768793106079102, 1623191326.2804327, 5, 30
0.12769174575805664, 1623191326.2805905, 5, 41
0.12764739990234375, 1623191326.2806997, 5, 35
0.12773346900939941, 1623191326.280965, 5, 48
0.12778902053833008, 1623191326.2811444, 5, 52
0.1277313232421875, 1623191326.2812674, 5, 20
0.1276414394378662, 1623191326.281357, 5, 46
0.12760186195373535, 1623191326.2814407, 5, 32
0.12755966186523438, 1623191326.2815223, 5, 48
0.12741851806640625, 1623191326.2816033, 5, 35
0.1273329257965088, 1623191326.2816846, 5, 57
0.12717223167419434, 1623191326.2817655, 5, 52
0.12706637382507324, 1623191326.2818692, 5, 26
0.12696123123168945, 1623191326.281949, 5, 24
0.12689995765686035, 1623191326.282028, 5, 41
0.12681293487548828, 1623191326.2821074, 5, 33
0.1267104148864746, 1623191326.282186, 5, 53
0.12662935256958008, 1623191326.2822642, 5, 40
0.1265401840209961, 1623191326.2823424, 5, 32
0.12642955780029297, 1623191326.2824442, 5, 34
0.12635207176208496, 1623191326.2825263, 5, 38
0.12624907493591309, 1623191326.2826066, 5, 21
0.126190185546875, 1623191326.2826858, 5, 21
0.1261296272277832, 1623191326.282765, 5, 41
0.12607502937316895, 1623191326.2828443, 5, 52
0.12601757049560547, 1623191326.2829237, 5, 28
0.1258540153503418, 1623191326.2830024, 5, 26
0.12575936317443848, 1623191326.2830808, 5, 50
0.12556004524230957, 1623191326.2831595, 5, 27
0.12548828125, 1623191326.283243, 5, 48
0.12539196014404297, 1623191326.2833228, 5, 46
0.12522101402282715, 1623191326.283403, 5, 38
0.12505006790161133, 1623191326.2834826, 5, 41
0.12490653991699219, 1623191326.2835622, 5, 27
0.12478232383728027, 1623191326.2836444, 5, 35
0.12468147277832031, 1623191326.2837245, 5, 18
0.12468171119689941, 1623191326.2838924, 5, 58
0.12456488609313965, 1623191326.28398, 5, 31
0.12448954582214355, 1623191326.2840617, 5, 38
0.1244041919708252, 1623191326.2841418, 5, 19
0.12416529655456543, 1623191326.2842214, 5, 49
0.12403392791748047, 1623191326.2843015, 5, 37
0.12386965751647949, 1623191326.2843814, 5, 34
0.12373161315917969, 1623191326.2844615, 5, 44
0.12350249290466309, 1623191326.2845407, 5, 39
0.12334322929382324, 1623191326.28462, 5, 37
0.12312197685241699, 1623191326.2846997, 5, 38
0.12298750877380371, 1623191326.2847795, 5, 53
0.12292742729187012, 1623191326.284859, 5, 23
0.12283182144165039, 1623191326.2849753, 5, 39
0.12279462814331055, 1623191326.2851472, 5, 42
0.12275576591491699, 1623191326.2852492, 5, 33
0.12268257141113281, 1623191326.2853558, 5, 34
0.12239217758178711, 1623191326.2854376, 5, 29
0.12215757369995117, 1623191326.2855227, 5, 40
0.12188053131103516, 1623191326.2856214, 5, 50
0.12173342704772949, 1623191326.285721, 5, 36
0.12162971496582031, 1623191326.2857969, 5, 33
0.1215517520904541, 1623191326.2858725, 5, 31
0.1214292049407959, 1623191326.2859466, 5, 29
0.12123394012451172, 1623191326.286022, 5, 37
0.12106895446777344, 1623191326.2860956, 5, 16
0.12093734741210938, 1623191326.2861874, 5, 29
0.12080812454223633, 1623191326.2862637, 5, 31
0.12069010734558105, 1623191326.2863398, 5, 28
0.12052798271179199, 1623191326.2864163, 5, 37
0.12032175064086914, 1623191326.2864919, 5, 26
0.12010860443115234, 1623191326.2865684, 5, 28
0.11998844146728516, 1623191326.2866445, 5, 26
0.11980056762695312, 1623191326.2867212, 5, 33
0.1197350025177002, 1623191326.2867978, 5, 24
0.1195824146270752, 1623191326.2868736, 5, 26
0.11942124366760254, 1623191326.2869496, 5, 27
0.11923813819885254, 1623191326.2870252, 5, 15
0.11907649040222168, 1623191326.287101, 5, 34
0.1188819408416748, 1623191326.2871768, 5, 37
0.11866211891174316, 1623191326.2872531, 5, 31
0.11852812767028809, 1623191326.2873306, 5, 58
0.11841535568237305, 1623191326.2874072, 5, 29
0.11826348304748535, 1623191326.2874856, 5, 49
0.1181485652923584, 1623191326.2875633, 5, 29
0.1180262565612793, 1623191326.2876403, 5, 36
0.11789393424987793, 1623191326.2877162, 5, 23
0.1177370548248291, 1623191326.2877927, 5, 48
0.11764740943908691, 1623191326.287984, 5, 22
0.11748361587524414, 1623191326.2880642, 5, 36
0.11741805076599121, 1623191326.2881415, 5, 31
0.11730837821960449, 1623191326.2882187, 5, 15
0.11720538139343262, 1623191326.2882957, 5, 21
0.1171562671661377, 1623191326.2883723, 5, 34
0.11712431907653809, 1623191326.2884488, 5, 36
0.11709141731262207, 1623191326.2885246, 5, 32
0.1170654296875, 1623191326.2886002, 5, 19
0.11703991889953613, 1623191326.2886755, 5, 24
0.11701512336730957, 1623191326.2887516, 5, 45
0.11685919761657715, 1623191326.2888281, 5, 46
0.11682271957397461, 1623191326.288905, 5, 41
0.11673283576965332, 1623191326.2889817, 5, 35
0.11670303344726562, 1623191326.289061, 5, 39
0.11667275428771973, 1623191326.2891378, 5, 34
0.11664700508117676, 1623191326.2892141, 5, 31
0.11662030220031738, 1623191326.2892914, 5, 37
0.11659574508666992, 1623191326.2893686, 5, 35
0.11656427383422852, 1623191326.2894452, 5, 26
0.11646676063537598, 1623191326.2895257, 5, 33
0.1164238452911377, 1623191326.2896042, 5, 28
0.11634087562561035, 1623191326.2896814, 5, 33
0.11628961563110352, 1623191326.2897818, 5, 36
0.11615824699401855, 1623191326.2898633, 5, 33
0.11600661277770996, 1623191326.2899628, 5, 48
0.11590027809143066, 1623191326.2900674, 5, 28
0.11587333679199219, 1623191326.290162, 5, 47
0.11580634117126465, 1623191326.2902374, 5, 41
0.11568379402160645, 1623191326.290313, 5, 45
0.11548089981079102, 1623191326.290388, 5, 44
0.11545562744140625, 1623191326.2905574, 5, 36
0.11536026000976562, 1623191326.2906368, 5, 36
0.11531543731689453, 1623191326.2907133, 5, 41
0.1152646541595459, 1623191326.290789, 5, 51
0.1152338981628418, 1623191326.2908652, 5, 44
0.11517810821533203, 1623191326.2909615, 5, 28
0.11504507064819336, 1623191326.2910392, 5, 28
0.11490511894226074, 1623191326.2911284, 5, 32
0.11484146118164062, 1623191326.2912035, 5, 60
0.11479830741882324, 1623191326.2912788, 5, 21
0.11478614807128906, 1623191326.2913768, 5, 20
0.1147770881652832, 1623191326.2914746, 5, 37
0.11477398872375488, 1623191326.2915769, 5, 26
0.11476612091064453, 1623191326.291678, 5, 40
0.11478900909423828, 1623191326.2918031, 5, 22
0.11482644081115723, 1623191326.291971, 5, 36
0.11480116844177246, 1623191326.2920668, 5, 38
0.11477351188659668, 1623191326.292159, 5, 47
0.11471033096313477, 1623191326.29225, 5, 36
0.11468386650085449, 1623191326.2923424, 5, 33
0.11464619636535645, 1623191326.2924197, 5, 40
0.11445999145507812, 1623191326.2924945, 5, 20
0.11437630653381348, 1623191326.2925696, 5, 42
0.1143331527709961, 1623191326.2926435, 5, 26
0.11412668228149414, 1623191326.2927182, 5, 39
0.11396336555480957, 1623191326.2927923, 5, 40
0.11392545700073242, 1623191326.2928677, 5, 41
0.11389422416687012, 1623191326.2929416, 5, 41
0.11385297775268555, 1623191326.293016, 5, 36
0.11382937431335449, 1623191326.2930906, 5, 32
0.11380171775817871, 1623191326.293165, 5, 46
0.11377310752868652, 1623191326.2932396, 5, 37
0.11374926567077637, 1623191326.2933137, 5, 34
0.11372685432434082, 1623191326.2933886, 5, 37
0.11370325088500977, 1623191326.2934623, 5, 37
0.11357259750366211, 1623191326.2935367, 5, 50
0.11353874206542969, 1623191326.29361, 5, 29
0.11351299285888672, 1623191326.293684, 5, 40
0.11348915100097656, 1623191326.2937582, 5, 35
0.11346697807312012, 1623191326.2938344, 5, 23
0.11344528198242188, 1623191326.2939093, 5, 43
0.1134178638458252, 1623191326.2939823, 5, 26
0.11338520050048828, 1623191326.2940574, 5, 21
0.11322879791259766, 1623191326.2941318, 5, 45
0.11309409141540527, 1623191326.2942057, 5, 40
0.11296272277832031, 1623191326.29428, 5, 18
0.11291813850402832, 1623191326.294353, 5, 19
0.11283397674560547, 1623191326.2944279, 5, 30
0.11276483535766602, 1623191326.2945018, 5, 47
0.11273050308227539, 1623191326.2945755, 5, 30
0.11270308494567871, 1623191326.2946491, 5, 51
0.11267232894897461, 1623191326.2947235, 5, 56
0.11257600784301758, 1623191326.2947977, 5, 30
0.11251711845397949, 1623191326.294871, 5, 27
0.11247634887695312, 1623191326.294944, 5, 35
0.11244440078735352, 1623191326.2950175, 5, 29
0.11233830451965332, 1623191326.2950907, 5, 27
0.11225008964538574, 1623191326.295164, 5, 24
0.11214780807495117, 1623191326.2952375, 5, 26
0.11208915710449219, 1623191326.2953122, 5, 34
0.11202883720397949, 1623191326.2953863, 5, 28
0.11199212074279785, 1623191326.2954605, 5, 49
0.11196017265319824, 1623191326.2955348, 5, 51
0.11192631721496582, 1623191326.2956097, 5, 37
0.11190032958984375, 1623191326.295686, 5, 34
0.11182188987731934, 1623191326.2957606, 5, 23
0.11191678047180176, 1623191326.295957, 5, 47
0.11195087432861328, 1623191326.2960932, 5, 42
0.11194086074829102, 1623191326.2961853, 5, 20
0.11194777488708496, 1623191326.2962897, 5, 30
0.11191415786743164, 1623191326.2963884, 5, 54
0.11189699172973633, 1623191326.2964835, 5, 34
0.11182022094726562, 1623191326.296561, 5, 23
0.1117868423461914, 1623191326.2966373, 5, 36
0.11172294616699219, 1623191326.2967136, 5, 36
0.11169290542602539, 1623191326.2967887, 5, 39
0.11168241500854492, 1623191326.296878, 5, 34
0.11167597770690918, 1623191326.2969692, 5, 14
0.11165380477905273, 1623191326.2970436, 5, 47
0.11162447929382324, 1623191326.2971182, 5, 41
0.11162662506103516, 1623191326.2972178, 5, 39
0.11160612106323242, 1623191326.2972949, 5, 25
0.1114969253540039, 1623191326.2973893, 5, 30
0.11144375801086426, 1623191326.2974854, 5, 19
0.11138463020324707, 1623191326.2975888, 5, 26
0.11132669448852539, 1623191326.297669, 5, 53
0.11119198799133301, 1623191326.2977467, 5, 52
0.11099839210510254, 1623191326.2978241, 5, 44
0.11086201667785645, 1623191326.2979722, 5, 28
0.1107177734375, 1623191326.298054, 5, 43
0.11057806015014648, 1623191326.298131, 5, 32
0.11045598983764648, 1623191326.2982056, 5, 26
0.11038756370544434, 1623191326.2982798, 5, 29
0.11032533645629883, 1623191326.2983546, 5, 36
0.1102440357208252, 1623191326.2984295, 5, 50
0.11020922660827637, 1623191326.298503, 5, 23
0.11011362075805664, 1623191326.298577, 5, 37
0.11007952690124512, 1623191326.298651, 5, 27
0.1100468635559082, 1623191326.2987237, 5, 29
0.11002039909362793, 1623191326.298797, 5, 21
0.10997867584228516, 1623191326.2988703, 5, 33
0.10994243621826172, 1623191326.2989447, 5, 43
0.10991311073303223, 1623191326.2990189, 5, 34
0.10988259315490723, 1623191326.2990932, 5, 32
0.10979390144348145, 1623191326.299168, 5, 38
0.10973000526428223, 1623191326.2992427, 5, 37
0.1096959114074707, 1623191326.299317, 5, 37
0.10958075523376465, 1623191326.299391, 5, 36
0.10952043533325195, 1623191326.2994647, 5, 56
0.10947918891906738, 1623191326.2995386, 5, 26
0.10944700241088867, 1623191326.2996116, 5, 28
0.10941886901855469, 1623191326.299688, 5, 33
0.10939145088195801, 1623191326.299762, 5, 39
0.10956192016601562, 1623191326.3000321, 5, 31
0.1095881462097168, 1623191326.300161, 5, 50
0.10959720611572266, 1623191326.3002675, 5, 24
0.10958385467529297, 1623191326.3003535, 5, 48
0.10956716537475586, 1623191326.3004346, 5, 56
0.10954833030700684, 1623191326.300512, 5, 34
0.1095280647277832, 1623191326.300588, 5, 29
0.10946893692016602, 1623191326.3006628, 5, 34
0.10941958427429199, 1623191326.3007388, 5, 42
0.10938858985900879, 1623191326.300814, 5, 28
0.10938882827758789, 1623191326.3009112, 5, 28
0.10933399200439453, 1623191326.3010256, 12, 10
