0.0002830028533935547, 1623191329.7066417, 5, 34
0.0003783702850341797, 1623191329.706737, 5, 34
0.0001888275146484375, 1623191329.707247, 5, 34
0.00025582313537597656, 1623191329.707314, 5, 34
0.00014400482177734375, 1623191329.707533, 5, 27
0.00017952919006347656, 1623191329.7075684, 5, 27
0.00022411346435546875, 1623191329.7079992, 5, 52
0.0003516674041748047, 1623191329.7081268, 5, 52
0.0001983642578125, 1623191329.7085073, 5, 52
0.00023674964904785156, 1623191329.7085457, 5, 52
0.00015234947204589844, 1623191329.7087936, 5, 28
0.00021457672119140625, 1623191329.7088559, 5, 28
0.0001544952392578125, 1623191329.7092528, 5, 19
0.00022721290588378906, 1623191329.7093256, 5, 19
0.00013947486877441406, 1623191329.7095044, 5, 37
0.00020003318786621094, 1623191329.709565, 5, 37
0.00015354156494140625, 1623191329.7100163, 5, 49
0.000202178955078125, 1623191329.710065, 5, 49
0.0002033710479736328, 1623191329.7103508, 5, 26
0.0002601146697998047, 1623191329.7104075, 5, 26
0.0002129077911376953, 1623191329.7106884, 5, 58
0.0002620220184326172, 1623191329.7107375, 5, 58
0.0001270771026611328, 1623191329.7109363, 5, 19
0.00038695335388183594, 1623191329.7111962, 5, 19
0.00015735626220703125, 1623191329.711332, 5, 34
0.00016641616821289062, 1623191329.7113411, 5, 34
0.0001418590545654297, 1623191329.711574, 5, 29
0.0001556873321533203, 1623191329.711588, 5, 29
0.00017261505126953125, 1623191329.7119026, 5, 47
0.00020647048950195312, 1623191329.7119365, 5, 47
0.0001308917999267578, 1623191329.712257, 5, 46
0.00015807151794433594, 1623191329.712284, 5, 46
0.0001628398895263672, 1623191329.7125375, 5, 56
0.00019288063049316406, 1623191329.7125676, 5, 56
0.00016355514526367188, 1623191329.7129862, 5, 26
0.00019502639770507812, 1623191329.7130177, 5, 26
0.00014090538024902344, 1623191329.7134092, 5, 43
0.000152587890625, 1623191329.7134209, 5, 43
0.0001163482666015625, 1623191329.7136433, 5, 29
0.00012445449829101562, 1623191329.7136514, 5, 29
0.00011539459228515625, 1623191329.7139516, 5, 27
0.00012087821960449219, 1623191329.713957, 5, 27
0.00011539459228515625, 1623191329.7142327, 5, 50
0.00012373924255371094, 1623191329.714241, 5, 50
0.0001609325408935547, 1623191329.7145536, 5, 33
0.00019407272338867188, 1623191329.7145867, 5, 33
0.0001323223114013672, 1623191329.7149918, 5, 51
0.00015354156494140625, 1623191329.715013, 5, 51
0.00017523765563964844, 1623191329.7154295, 5, 32
0.00019073486328125, 1623191329.715445, 5, 32
0.0001621246337890625, 1623191329.7157402, 5, 31
0.00016927719116210938, 1623191329.7157474, 5, 31
0.0001308917999267578, 1623191329.7160044, 5, 44
0.0001575946807861328, 1623191329.716031, 5, 44
0.00012946128845214844, 1623191329.7162917, 5, 42
0.0001380443572998047, 1623191329.7163002, 5, 42
0.0001251697540283203, 1623191329.7165718, 5, 37
0.00012969970703125, 1623191329.7165763, 5, 37
0.00012040138244628906, 1623191329.7168512, 5, 37
0.0001246929168701172, 1623191329.7168555, 5, 37
0.00011610984802246094, 1623191329.7171288, 5, 50
0.00011777877807617188, 1623191329.7171304, 5, 50
0.0001125335693359375, 1623191329.7174652, 5, 18
0.00011754035949707031, 1623191329.7174702, 5, 18
0.00011134147644042969, 1623191329.717774, 5, 17
0.00011682510375976562, 1623191329.7177794, 5, 17
0.00011563301086425781, 1623191329.7180924, 5, 42
0.00016307830810546875, 1623191329.71814, 5, 42
0.00019311904907226562, 1623191329.718608, 5, 46
0.00028133392333984375, 1623191329.718696, 5, 46
0.000213623046875, 1623191329.718988, 5, 23
0.00024962425231933594, 1623191329.719024, 5, 23
0.0001404285430908203, 1623191329.719387, 5, 29
0.00016164779663085938, 1623191329.7194083, 5, 29
0.00012874603271484375, 1623191329.7197218, 5, 35
0.00016355514526367188, 1623191329.7197566, 5, 35
0.00013017654418945312, 1623191329.72014, 5, 29
0.00013327598571777344, 1623191329.720143, 5, 29
0.0001201629638671875, 1623191329.7204564, 5, 48
0.0001285076141357422, 1623191329.7204647, 5, 48
0.0001347064971923828, 1623191329.7207706, 5, 32
0.00017333030700683594, 1623191329.7208092, 5, 32
0.00021457672119140625, 1623191329.7210808, 5, 48
0.00022292137145996094, 1623191329.7210891, 5, 48
0.00012826919555664062, 1623191329.7213984, 5, 45
0.00012731552124023438, 1623191329.7213974, 5, 45
0.00012063980102539062, 1623191329.7217202, 5, 17
0.00012230873107910156, 1623191329.721722, 5, 17
0.00012350082397460938, 1623191329.7220144, 5, 43
0.00012493133544921875, 1623191329.7220159, 5, 43
0.00013327598571777344, 1623191329.7223194, 5, 26
0.00014448165893554688, 1623191329.7223306, 5, 26
0.0001342296600341797, 1623191329.722605, 5, 14
0.0001583099365234375, 1623191329.722629, 5, 14
0.00013566017150878906, 1623191329.7229133, 5, 39
0.00015926361083984375, 1623191329.7229369, 5, 39
0.00012540817260742188, 1623191329.723155, 5, 47
0.000125885009765625, 1623191329.7231555, 5, 47
0.00012230873107910156, 1623191329.7234404, 5, 34
0.00012302398681640625, 1623191329.7234411, 5, 34
0.00012159347534179688, 1623191329.7237263, 5, 23
0.0001220703125, 1623191329.7237267, 5, 23
0.00013709068298339844, 1623191329.724165, 5, 17
0.0001437664031982422, 1623191329.7241716, 5, 17
0.0001347064971923828, 1623191329.7244985, 5, 49
0.0001590251922607422, 1623191329.7245228, 5, 49
0.00012922286987304688, 1623191329.7248003, 5, 20
0.0001304149627685547, 1623191329.7248015, 5, 20
0.00012612342834472656, 1623191329.7251234, 5, 20
0.00012874603271484375, 1623191329.725126, 5, 20
0.0001308917999267578, 1623191329.725446, 5, 30
0.0001327991485595703, 1623191329.725448, 5, 30
0.00012612342834472656, 1623191329.7257428, 5, 28
0.00013017654418945312, 1623191329.7257469, 5, 28
0.0001289844512939453, 1623191329.7260418, 5, 25
0.00013065338134765625, 1623191329.7260435, 5, 25
0.00012993812561035156, 1623191329.7263389, 5, 41
0.00013017654418945312, 1623191329.726339, 5, 41
0.0001327991485595703, 1623191329.7266674, 5, 36
0.00013446807861328125, 1623191329.726669, 5, 36
0.00011754035949707031, 1623191329.7269542, 5, 38
0.00012350082397460938, 1623191329.7269602, 5, 38
0.00012922286987304688, 1623191329.727336, 5, 53
0.00014281272888183594, 1623191329.7273495, 5, 53
0.00012302398681640625, 1623191329.7276802, 5, 33
0.0001270771026611328, 1623191329.7276843, 5, 33
0.00016760826110839844, 1623191329.7281823, 5, 42
0.00017833709716796875, 1623191329.728193, 5, 42
0.00013375282287597656, 1623191329.7285328, 5, 46
0.00014066696166992188, 1623191329.7285397, 5, 46
0.00012969970703125, 1623191329.7288904, 5, 36
0.0001323223114013672, 1623191329.728893, 5, 36
0.00013113021850585938, 1623191329.7292027, 5, 35
0.00014710426330566406, 1623191329.7292187, 5, 35
0.00012564659118652344, 1623191329.7294822, 5, 37
0.00012445449829101562, 1623191329.729481, 5, 37
0.00017023086547851562, 1623191329.7298229, 5, 34
0.0002522468566894531, 1623191329.729905, 5, 34
0.00014543533325195312, 1623191329.7302966, 5, 44
0.0001461505889892578, 1623191329.7302973, 5, 44
0.00012111663818359375, 1623191329.7306006, 5, 47
0.00012755393981933594, 1623191329.730607, 5, 47
0.00011444091796875, 1623191329.730908, 5, 29
0.0001246929168701172, 1623191329.7309182, 5, 29
0.00011301040649414062, 1623191329.7312193, 5, 38
0.00012373924255371094, 1623191329.73123, 5, 38
0.00012230873107910156, 1623191329.7315402, 5, 51
0.00013327598571777344, 1623191329.7315512, 5, 51
0.00015616416931152344, 1623191329.7318912, 5, 26
0.00018477439880371094, 1623191329.7319198, 5, 26
0.00011563301086425781, 1623191329.732204, 5, 32
0.00012612342834472656, 1623191329.7322145, 5, 32
0.00011038780212402344, 1623191329.7325077, 5, 13
0.00012087821960449219, 1623191329.7325182, 5, 13
0.000110626220703125, 1623191329.732811, 5, 61
0.00012159347534179688, 1623191329.732822, 5, 61
0.00012040138244628906, 1623191329.7331204, 5, 45
0.00013017654418945312, 1623191329.7331302, 5, 45
0.00012755393981933594, 1623191329.733449, 5, 28
0.00013566017150878906, 1623191329.733457, 5, 28
0.00011944770812988281, 1623191329.7337503, 5, 22
0.00012683868408203125, 1623191329.7337577, 5, 22
0.000133514404296875, 1623191329.7340598, 5, 41
0.000141143798828125, 1623191329.7340674, 5, 41
0.00011539459228515625, 1623191329.7343702, 5, 43
0.00012183189392089844, 1623191329.7343767, 5, 43
0.0001163482666015625, 1623191329.7346613, 5, 23
0.00012612342834472656, 1623191329.734671, 5, 23
0.0001494884490966797, 1623191329.7349987, 5, 28
0.00017309188842773438, 1623191329.7350223, 5, 28
0.00011086463928222656, 1623191329.7352605, 5, 32
0.000118255615234375, 1623191329.7352679, 5, 32
0.000110626220703125, 1623191329.7355418, 5, 30
0.00011968612670898438, 1623191329.7355509, 5, 30
0.00011682510375976562, 1623191329.735849, 5, 30
0.0001678466796875, 1623191329.7359, 5, 30
0.00011420249938964844, 1623191329.7361755, 5, 23
0.00012087821960449219, 1623191329.7361822, 5, 23
0.00012373924255371094, 1623191329.7364478, 5, 24
0.0001285076141357422, 1623191329.7364526, 5, 24
0.00012183189392089844, 1623191329.7367196, 5, 37
0.0001289844512939453, 1623191329.7367268, 5, 37
0.00013136863708496094, 1623191329.737, 5, 26
0.00013756752014160156, 1623191329.7370062, 5, 26
0.00011420249938964844, 1623191329.7372637, 5, 41
0.00012135505676269531, 1623191329.7372708, 5, 41
0.00011658668518066406, 1623191329.737537, 5, 31
0.00012230873107910156, 1623191329.7375426, 5, 31
0.0001163482666015625, 1623191329.7377899, 5, 33
0.0001163482666015625, 1623191329.7377899, 5, 33
0.00011968612670898438, 1623191329.7380512, 5, 46
0.00012254714965820312, 1623191329.738054, 5, 46
0.00011467933654785156, 1623191329.7383177, 5, 34
0.00013709068298339844, 1623191329.7383401, 5, 34
0.00012111663818359375, 1623191329.7386045, 5, 59
0.00011515617370605469, 1623191329.7385986, 5, 59
0.00011205673217773438, 1623191329.7388515, 5, 30
0.00011730194091796875, 1623191329.7388568, 5, 30
0.00011467933654785156, 1623191329.7391121, 5, 32
0.00011873245239257812, 1623191329.7391162, 5, 32
0.0001533031463623047, 1623191329.7394514, 5, 35
0.00015306472778320312, 1623191329.7394512, 5, 35
0.00013184547424316406, 1623191329.7396865, 5, 34
0.00015354156494140625, 1623191329.7397082, 5, 34
0.00011968612670898438, 1623191329.7399142, 5, 50
0.00012230873107910156, 1623191329.7399168, 5, 50
0.00010395050048828125, 1623191329.740192, 5, 40
0.00011157989501953125, 1623191329.7401996, 5, 40
0.00010037422180175781, 1623191329.7404556, 5, 31
0.000110626220703125, 1623191329.7404659, 5, 31
0.00010728836059570312, 1623191329.740736, 5, 50
0.00011706352233886719, 1623191329.7407458, 5, 50
0.00010633468627929688, 1623191329.7410207, 5, 42
0.00011610984802246094, 1623191329.7410305, 5, 42
9.72747802734375e-05, 1623191329.741292, 5, 58
0.00011205673217773438, 1623191329.7413068, 5, 58
0.00011420249938964844, 1623191329.7415648, 5, 45
0.0001266002655029297, 1623191329.7415771, 5, 45
9.369850158691406e-05, 1623191329.7418008, 5, 27
0.00010323524475097656, 1623191329.7418103, 5, 27
9.608268737792969e-05, 1623191329.7420578, 5, 50
0.00010442733764648438, 1623191329.7420661, 5, 50
9.703636169433594e-05, 1623191329.7423549, 5, 42
0.00010776519775390625, 1623191329.7423656, 5, 42
9.489059448242188e-05, 1623191329.7426324, 5, 35
0.00010704994201660156, 1623191329.7426445, 5, 35
9.131431579589844e-05, 1623191329.7429085, 5, 15
0.00010323524475097656, 1623191329.7429204, 5, 15
9.036064147949219e-05, 1623191329.743179, 5, 22
0.00010228157043457031, 1623191329.743191, 5, 22
8.940696716308594e-05, 1623191329.7434454, 5, 28
0.00010251998901367188, 1623191329.7434585, 5, 28
9.1552734375e-05, 1623191329.7437162, 5, 44
0.00010347366333007812, 1623191329.7437282, 5, 44
0.0001780986785888672, 1623191329.7441318, 5, 46
0.00012063980102539062, 1623191329.7442584, 5, 24
0.00011110305786132812, 1623191329.7443643, 5, 31
0.00011038780212402344, 1623191329.744463, 5, 22
0.0001285076141357422, 1623191329.7445753, 5, 39
0.00010704994201660156, 1623191329.7446725, 5, 31
0.00010538101196289062, 1623191329.7447681, 5, 49
0.0001049041748046875, 1623191329.7448633, 5, 24
0.00012183189392089844, 1623191329.7449749, 5, 37
9.918212890625e-05, 1623191329.745099, 5, 38
0.0001010894775390625, 1623191329.7452114, 5, 37
0.00018525123596191406, 1623191329.745493, 5, 46
0.00018024444580078125, 1623191329.745661, 5, 55
0.00018715858459472656, 1623191329.7457633, 5, 37
0.0001392364501953125, 1623191329.745833, 5, 28
0.0001285076141357422, 1623191329.7459412, 5, 45
0.00011205673217773438, 1623191329.7461004, 5, 47
0.000164031982421875, 1623191329.746339, 5, 44
0.0001621246337890625, 1623191329.7464852, 5, 24
0.00018334388732910156, 1623191329.746666, 5, 20
0.0002181529998779297, 1623191329.7468226, 5, 21
0.00015807151794433594, 1623191329.7470639, 5, 42
0.0001456737518310547, 1623191329.7472522, 5, 40
0.00016236305236816406, 1623191329.7474635, 5, 35
8.749961853027344e-05, 1623191329.7475648, 5, 51
0.000141143798828125, 1623191329.7477348, 5, 16
0.002741575241088867, 1623191329.7466953, 5, 46
0.00017023086547851562, 1623191329.7479024, 5, 29
0.0038809776306152344, 1623191329.7480187, 5, 24
0.00018215179443359375, 1623191329.7480476, 5, 23
0.003919363021850586, 1623191329.7481725, 5, 31
0.0039327144622802734, 1623191329.7482853, 5, 22
0.0003170967102050781, 1623191329.7482913, 5, 32
0.003914833068847656, 1623191329.7483616, 5, 39
0.0038537979125976562, 1623191329.7484193, 5, 31
0.0001442432403564453, 1623191329.7484434, 5, 47
0.0038285255432128906, 1623191329.7484913, 5, 49
0.0002338886260986328, 1623191329.7486887, 5, 42
0.00403141975402832, 1623191329.7487898, 5, 24
0.004149436950683594, 1623191329.7490025, 5, 37
0.00026345252990722656, 1623191329.7490377, 5, 42
0.004092693328857422, 1623191329.7490926, 5, 38
0.004045724868774414, 1623191329.749156, 5, 37
0.003906965255737305, 1623191329.7492146, 5, 46
0.00019621849060058594, 1623191329.7491896, 5, 24
0.0038313865661621094, 1623191329.7493122, 5, 55
0.004081249237060547, 1623191329.7496574, 5, 37
0.00407099723815918, 1623191329.7497647, 5, 28
0.0005974769592285156, 1623191329.7497277, 5, 12
0.004143953323364258, 1623191329.7499566, 5, 45
0.0007920265197753906, 1623191329.750041, 5, 43
0.004152536392211914, 1623191329.750141, 5, 47
0.004065752029418945, 1623191329.7502408, 5, 44
0.0009176731109619141, 1623191329.7503147, 5, 53
0.004084110260009766, 1623191329.7504072, 5, 24
0.004086017608642578, 1623191329.7505686, 5, 20
0.0008511543273925781, 1623191329.7506232, 5, 26
0.004155397415161133, 1623191329.7507598, 5, 21
0.0008978843688964844, 1623191329.7508283, 5, 44
0.0008943080902099609, 1623191329.7510064, 5, 23
0.004170894622802734, 1623191329.7510767, 5, 42
0.0008249282836914062, 1623191329.7512028, 5, 20
0.004124879837036133, 1623191329.7512314, 5, 40
0.0008065700531005859, 1623191329.7513673, 5, 45
0.004094123840332031, 1623191329.7513952, 5, 35
0.004069805145263672, 1623191329.751547, 5, 51
0.0007250308990478516, 1623191329.7514954, 5, 37
0.004036664962768555, 1623191329.7516303, 5, 16
0.0006055831909179688, 1623191329.7516754, 5, 21
0.003976345062255859, 1623191329.7517085, 5, 29
0.0005500316619873047, 1623191329.751768, 5, 48
0.004030466079711914, 1623191329.751896, 5, 23
0.004010438919067383, 1623191329.7519846, 5, 32
0.0006210803985595703, 1623191329.7520044, 5, 54
0.0037484169006347656, 1623191329.7520475, 5, 47
0.0005660057067871094, 1623191329.7520976, 5, 21
0.003720998764038086, 1623191329.7521758, 5, 42
0.0005044937133789062, 1623191329.7521894, 5, 14
0.0034775733947753906, 1623191329.7522519, 5, 42
0.0033779144287109375, 1623191329.7523713, 5, 24
0.0004742145538330078, 1623191329.7523599, 5, 35
0.0033075809478759766, 1623191329.7524378, 5, 12
0.0032873153686523438, 1623191329.7525363, 5, 43
0.0005688667297363281, 1623191329.7525659, 5, 24
0.003204822540283203, 1623191329.7526019, 5, 53
0.0028908252716064453, 1623191329.752663, 5, 26
0.0005273818969726562, 1623191329.7526815, 5, 38
0.002831697463989258, 1623191329.752762, 5, 44
0.00047135353088378906, 1623191329.752749, 5, 29
0.0028183460235595703, 1623191329.7529304, 5, 23
0.0026226043701171875, 1623191329.7530005, 5, 20
0.0005595684051513672, 1623191329.7529614, 5, 41
0.0025365352630615234, 1623191329.7530973, 5, 45
0.0006036758422851562, 1623191329.7531645, 5, 44
0.0005717277526855469, 1623191329.753331, 5, 17
0.0025911331176757812, 1623191329.7533615, 5, 37
0.0005826950073242188, 1623191329.7535233, 5, 31
0.002466440200805664, 1623191329.7535362, 5, 21
0.0004968643188476562, 1623191329.7536237, 5, 25
0.0024318695068359375, 1623191329.75365, 5, 48
0.0003662109375, 1623191329.7536926, 5, 42
0.0023431777954101562, 1623191329.7537265, 5, 54
0.0022623538970947266, 1623191329.753794, 5, 21
0.0003135204315185547, 1623191329.75384, 5, 45
0.0022094249725341797, 1623191329.7538943, 5, 14
0.00021219253540039062, 1623191329.7539215, 5, 25
0.002108335494995117, 1623191329.753994, 5, 35
0.00011134147644042969, 1623191329.754042, 5, 39
0.0020835399627685547, 1623191329.7540805, 5, 24
0.0019965171813964844, 1623191329.7541506, 5, 38
0.00011467933654785156, 1623191329.7541986, 5, 44
0.0019373893737792969, 1623191329.754215, 5, 29
9.72747802734375e-05, 1623191329.7543166, 5, 21
0.0019459724426269531, 1623191329.7543478, 5, 41
0.0018639564514160156, 1623191329.7544248, 5, 44
8.296966552734375e-05, 1623191329.7544348, 5, 37
0.0018603801727294922, 1623191329.7546196, 5, 17
0.0017888545989990234, 1623191329.7547295, 5, 31
0.00011563301086425781, 1623191329.7547386, 5, 17
0.0017185211181640625, 1623191329.7548454, 5, 25
0.0001666545867919922, 1623191329.7549481, 5, 36
0.0016446113586425781, 1623191329.754971, 5, 42
0.00013399124145507812, 1623191329.755092, 5, 22
0.0016021728515625, 1623191329.7551286, 5, 45
0.0015599727630615234, 1623191329.7552693, 5, 25
0.00011682510375976562, 1623191329.7552764, 5, 20
0.0015387535095214844, 1623191329.7554693, 5, 39
0.00012040138244628906, 1623191329.755531, 5, 49
0.0015721321105957031, 1623191329.755656, 5, 44
0.000110626220703125, 1623191329.7556775, 5, 33
0.0015408992767333984, 1623191329.7557602, 5, 21
0.0016646385192871094, 1623191329.7560165, 5, 37
0.00024771690368652344, 1623191329.7560086, 5, 49
0.00146484375, 1623191329.7560878, 5, 17
0.00014710426330566406, 1623191329.75614, 5, 33
0.0013883113861083984, 1623191329.7561698, 5, 36
0.0012836456298828125, 1623191329.7562416, 5, 22
0.00014781951904296875, 1623191329.7562594, 5, 38
0.001146554946899414, 1623191329.7563062, 5, 20
0.0010192394256591797, 1623191329.75643, 5, 49
0.00015473365783691406, 1623191329.7564704, 5, 36
0.0010571479797363281, 1623191329.756624, 5, 33
0.00012755393981933594, 1623191329.7566004, 5, 42
0.0009312629699707031, 1623191329.7566922, 5, 49
0.0007634162902832031, 1623191329.7567563, 5, 33
0.0001709461212158203, 1623191329.756876, 5, 30
0.0008039474487304688, 1623191329.7569156, 5, 38
0.00012159347534179688, 1623191329.7570224, 5, 33
0.0007548332214355469, 1623191329.7570705, 5, 36
0.0007405281066894531, 1623191329.7572134, 5, 42
0.0001876354217529297, 1623191329.7572334, 5, 27
0.0005815029144287109, 1623191329.7572865, 5, 30
0.000492095947265625, 1623191329.757393, 5, 33
0.0005059242248535156, 1623191329.7575517, 5, 27
0.0003306865692138672, 1623191329.7575927, 5, 35
0.0003952980041503906, 1623191329.7576573, 5, 35
0.00019049644470214844, 1623191329.75774, 5, 21
0.00023508071899414062, 1623191329.7577846, 5, 21
0.000102996826171875, 1623191329.7579095, 5, 35
0.0001327991485595703, 1623191329.7579393, 5, 35
0.00019073486328125, 1623191329.7583106, 5, 34
0.0002162456512451172, 1623191329.758336, 5, 34
0.0001494884490966797, 1623191329.7584448, 5, 38
0.00015234947204589844, 1623191329.7584476, 5, 38
0.0001087188720703125, 1623191329.7586496, 5, 35
0.00013780593872070312, 1623191329.7586787, 5, 35
0.00010418891906738281, 1623191329.7588968, 5, 12
0.000118255615234375, 1623191329.758911, 5, 12
0.0001552104949951172, 1623191329.7590694, 5, 24
0.00016260147094726562, 1623191329.7590768, 5, 24
0.00010657310485839844, 1623191329.7591999, 5, 58
0.00012350082397460938, 1623191329.7592168, 5, 58
0.00011420249938964844, 1623191329.7593956, 5, 28
0.0001227855682373047, 1623191329.7594042, 5, 28
0.00011944770812988281, 1623191329.759514, 5, 30
0.00015592575073242188, 1623191329.7595506, 5, 30
9.775161743164062e-05, 1623191329.7596083, 5, 31
0.00012159347534179688, 1623191329.759632, 5, 31
8.225440979003906e-05, 1623191329.7597184, 5, 24
9.512901306152344e-05, 1623191329.7597313, 5, 24
9.584426879882812e-05, 1623191329.7599254, 5, 24
0.00011467933654785156, 1623191329.7599442, 5, 24
0.00010585784912109375, 1623191329.7600417, 5, 36
0.00011944770812988281, 1623191329.7600553, 5, 36
0.0001068115234375, 1623191329.7601948, 5, 44
0.0001232624053955078, 1623191329.7602112, 5, 44
0.0001087188720703125, 1623191329.7603114, 5, 45
0.00014281272888183594, 1623191329.7603455, 5, 45
9.775161743164062e-05, 1623191329.7604024, 5, 65
0.00011754035949707031, 1623191329.7604222, 5, 65
8.988380432128906e-05, 1623191329.7605124, 5, 21
0.00010395050048828125, 1623191329.7605264, 5, 21
0.0001342296600341797, 1623191329.760688, 5, 35
0.00016450881958007812, 1623191329.7607183, 5, 35
0.0001475811004638672, 1623191329.7608387, 5, 25
0.00020074844360351562, 1623191329.760892, 5, 25
0.0001277923583984375, 1623191329.7609894, 5, 42
0.00015592575073242188, 1623191329.7610176, 5, 42
0.0001838207244873047, 1623191329.7612379, 5, 27
0.00021266937255859375, 1623191329.7612667, 5, 27
0.00012540817260742188, 1623191329.761392, 5, 37
0.00016355514526367188, 1623191329.7614303, 5, 37
0.00010251998901367188, 1623191329.7615318, 5, 37
0.00011587142944335938, 1623191329.7615452, 5, 37
7.748603820800781e-05, 1623191329.7616336, 5, 47
9.489059448242188e-05, 1623191329.761651, 5, 47
0.00011348724365234375, 1623191329.7617915, 5, 46
0.00011968612670898438, 1623191329.7617977, 5, 46
0.00010156631469726562, 1623191329.7618985, 5, 46
0.00013256072998046875, 1623191329.7619295, 5, 46
7.605552673339844e-05, 1623191329.7620063, 5, 31
8.20159912109375e-05, 1623191329.7620122, 5, 31
0.00011277198791503906, 1623191329.7623372, 5, 28
0.0001347064971923828, 1623191329.7623591, 5, 28
8.749961853027344e-05, 1623191329.762458, 5, 26
0.00011467933654785156, 1623191329.7624853, 5, 26
0.00013899803161621094, 1623191329.7627506, 5, 49
0.0001518726348876953, 1623191329.7627635, 5, 49
0.00012612342834472656, 1623191329.7629077, 5, 46
0.00018835067749023438, 1623191329.76297, 5, 46
0.00015354156494140625, 1623191329.7631629, 5, 31
0.0001537799835205078, 1623191329.763163, 5, 31
0.0001666545867919922, 1623191329.7633278, 5, 23
0.00016736984252929688, 1623191329.7633286, 5, 23
0.00010347366333007812, 1623191329.7634108, 5, 27
0.00021719932556152344, 1623191329.7635245, 5, 27
0.00016546249389648438, 1623191329.7636027, 5, 40
0.00020432472229003906, 1623191329.7636416, 5, 40
9.584426879882812e-05, 1623191329.7637036, 5, 37
0.0001437664031982422, 1623191329.7637515, 5, 37
0.00020933151245117188, 1623191329.7639644, 5, 53
0.00022864341735839844, 1623191329.7639837, 5, 53
0.00011277198791503906, 1623191329.7641225, 5, 46
0.00012445449829101562, 1623191329.7641342, 5, 46
7.295608520507812e-05, 1623191329.7642164, 5, 35
9.250640869140625e-05, 1623191329.764236, 5, 35
8.0108642578125e-05, 1623191329.7644055, 5, 38
0.00010418891906738281, 1623191329.7644296, 5, 38
9.059906005859375e-05, 1623191329.764516, 5, 23
0.00010704994201660156, 1623191329.7645326, 5, 23
7.390975952148438e-05, 1623191329.764622, 5, 45
9.179115295410156e-05, 1623191329.7646399, 5, 45
0.00017118453979492188, 1623191329.7648852, 5, 34
0.00014400482177734375, 1623191329.764858, 5, 34
0.00022268295288085938, 1623191329.765176, 5, 47
0.0002377033233642578, 1623191329.765191, 5, 47
0.00013184547424316406, 1623191329.7653568, 5, 24
0.0001418590545654297, 1623191329.7653668, 5, 24
9.441375732421875e-05, 1623191329.7654858, 5, 42
0.00010061264038085938, 1623191329.765492, 5, 42
7.534027099609375e-05, 1623191329.7656102, 5, 29
8.630752563476562e-05, 1623191329.7656212, 5, 29
8.320808410644531e-05, 1623191329.7659001, 5, 47
9.560585021972656e-05, 1623191329.7659125, 5, 47
0.00010371208190917969, 1623191329.766079, 5, 25
0.00015974044799804688, 1623191329.766135, 5, 25
0.00018405914306640625, 1623191329.766337, 5, 38
0.00018548965454101562, 1623191329.7663383, 5, 38
0.00010085105895996094, 1623191329.7664282, 5, 59
7.081031799316406e-05, 1623191329.7664995, 5, 26
0.00012826919555664062, 1623191329.7664557, 5, 59
0.00026988983154296875, 1623191329.7666986, 5, 26
0.00026345252990722656, 1623191329.766793, 5, 35
0.0002617835998535156, 1623191329.7667913, 5, 35
0.0001289844512939453, 1623191329.766933, 5, 32
0.00022101402282714844, 1623191329.767025, 5, 32
0.00016927719116210938, 1623191329.7671576, 5, 55
0.00021767616271972656, 1623191329.767206, 5, 55
0.000156402587890625, 1623191329.7673495, 5, 26
0.00018405914306640625, 1623191329.7673771, 5, 26
9.250640869140625e-05, 1623191329.7674627, 5, 13
0.0001308917999267578, 1623191329.767501, 5, 13
9.34600830078125e-05, 1623191329.7675846, 5, 51
0.0001277923583984375, 1623191329.767619, 5, 51
9.846687316894531e-05, 1623191329.767702, 5, 33
0.000141143798828125, 1623191329.7677448, 5, 33
0.00018405914306640625, 1623191329.7679217, 5, 19
0.00021338462829589844, 1623191329.767951, 5, 19
0.00010728836059570312, 1623191329.7681534, 5, 53
0.00011849403381347656, 1623191329.7681646, 5, 53
0.00010704994201660156, 1623191329.7682714, 5, 41
0.0001266002655029297, 1623191329.768291, 5, 41
0.00011849403381347656, 1623191329.76843, 5, 36
0.00014901161193847656, 1623191329.7684605, 5, 36
0.00011086463928222656, 1623191329.7685544, 5, 49
0.00011587142944335938, 1623191329.7685595, 5, 49
0.0001251697540283203, 1623191329.768803, 5, 29
0.0001552104949951172, 1623191329.768833, 5, 29
0.00011754035949707031, 1623191329.7689137, 5, 24
0.00015974044799804688, 1623191329.768956, 5, 24
0.00011086463928222656, 1623191329.7690265, 5, 28
0.00014734268188476562, 1623191329.769063, 5, 28
8.20159912109375e-05, 1623191329.7692165, 5, 38
9.417533874511719e-05, 1623191329.7692287, 5, 38
8.893013000488281e-05, 1623191329.7693295, 5, 40
8.96453857421875e-05, 1623191329.7693303, 5, 40
0.00015091896057128906, 1623191329.769684, 5, 51
0.00018334388732910156, 1623191329.7697165, 5, 51
0.00013637542724609375, 1623191329.7699125, 5, 47
0.0001590251922607422, 1623191329.7699351, 5, 47
9.250640869140625e-05, 1623191329.770121, 5, 71
0.0001277923583984375, 1623191329.7701564, 5, 71
0.00011610984802246094, 1623191329.7702522, 5, 51
0.00014209747314453125, 1623191329.7702782, 5, 51
7.963180541992188e-05, 1623191329.7703457, 5, 35
0.00014162063598632812, 1623191329.7704077, 5, 35
0.00011420249938964844, 1623191329.7705696, 5, 39
0.00011420249938964844, 1623191329.7705696, 5, 39
0.0001304149627685547, 1623191329.7707138, 5, 17
0.00011372566223144531, 1623191329.770697, 5, 17
6.699562072753906e-05, 1623191329.770785, 5, 33
0.00011396408081054688, 1623191329.770832, 5, 33
0.00011205673217773438, 1623191329.7709498, 5, 27
0.00011610984802246094, 1623191329.770954, 5, 27
8.106231689453125e-05, 1623191329.7710626, 5, 20
0.0001125335693359375, 1623191329.771094, 5, 20
0.00012111663818359375, 1623191329.77123, 5, 24
0.00014591217041015625, 1623191329.7712548, 5, 24
7.891654968261719e-05, 1623191329.771328, 5, 17
0.00010919570922851562, 1623191329.7713583, 5, 17
0.00010037422180175781, 1623191329.7714984, 5, 55
0.0001125335693359375, 1623191329.7715106, 5, 55
0.00011157989501953125, 1623191329.7716298, 5, 46
8.916854858398438e-05, 1623191329.7716074, 5, 46
9.1552734375e-05, 1623191329.7717478, 5, 35
0.0001232624053955078, 1623191329.7717795, 5, 35
9.965896606445312e-05, 1623191329.7719746, 5, 27
9.965896606445312e-05, 1623191329.7719746, 5, 27
7.414817810058594e-05, 1623191329.772053, 5, 21
0.0001666545867919922, 1623191329.7721455, 5, 21
0.00011277198791503906, 1623191329.7722118, 5, 30
0.00015401840209960938, 1623191329.772253, 5, 30
0.00013113021850585938, 1623191329.772354, 5, 44
0.0001697540283203125, 1623191329.7723925, 5, 44
8.58306884765625e-05, 1623191329.772476, 5, 29
9.655952453613281e-05, 1623191329.7724867, 5, 29
9.131431579589844e-05, 1623191329.7725844, 5, 24
0.00012111663818359375, 1623191329.7726142, 5, 24
0.00011324882507324219, 1623191329.7727704, 5, 26
0.00014281272888183594, 1623191329.7728, 5, 26
7.891654968261719e-05, 1623191329.772886, 5, 61
0.00011491775512695312, 1623191329.772922, 5, 61
0.00010824203491210938, 1623191329.7730918, 5, 41
0.00012063980102539062, 1623191329.7731042, 5, 41
0.00011301040649414062, 1623191329.7732112, 5, 36
7.939338684082031e-05, 1623191329.7732825, 5, 19
0.00012755393981933594, 1623191329.7732258, 5, 36
8.654594421386719e-05, 1623191329.7733867, 5, 49
0.0002276897430419922, 1623191329.7734308, 5, 19
9.512901306152344e-05, 1623191329.7734945, 5, 36
0.000247955322265625, 1623191329.7735481, 5, 49
0.00027251243591308594, 1623191329.7736719, 5, 36
0.0001385211944580078, 1623191329.7736783, 5, 46
0.00012135505676269531, 1623191329.7737823, 5, 34
7.271766662597656e-05, 1623191329.7738535, 5, 33
0.00022411346435546875, 1623191329.773764, 5, 46
0.00016498565673828125, 1623191329.7740436, 5, 53
0.0003676414489746094, 1623191329.7740285, 5, 34
0.00015282630920410156, 1623191329.7741756, 5, 39
0.00043201446533203125, 1623191329.7742128, 5, 33
0.00010657310485839844, 1623191329.774291, 5, 49
7.605552673339844e-05, 1623191329.7743626, 5, 40
0.0005297660827636719, 1623191329.7744083, 5, 53
0.0005104541778564453, 1623191329.7745333, 5, 39
0.0004162788391113281, 1623191329.7746007, 5, 49
0.00021529197692871094, 1623191329.7746785, 5, 28
0.00042510032653808594, 1623191329.7747116, 5, 40
0.00011587142944335938, 1623191329.7747982, 5, 38
0.00033974647521972656, 1623191329.774803, 5, 28
0.00024127960205078125, 1623191329.7749236, 5, 38
9.5367431640625e-05, 1623191329.7749295, 5, 36
9.703636169433594e-05, 1623191329.7750385, 5, 21
0.0002224445343017578, 1623191329.7750566, 5, 36
0.0002224445343017578, 1623191329.775164, 5, 21
0.00010013580322265625, 1623191329.775166, 5, 29
8.916854858398438e-05, 1623191329.7752953, 5, 18
0.0001773834228515625, 1623191329.7752433, 5, 29
0.0002090930938720703, 1623191329.7754152, 5, 18
9.107589721679688e-05, 1623191329.775421, 5, 25
0.0001957416534423828, 1623191329.7755256, 5, 25
8.916854858398438e-05, 1623191329.7755406, 5, 44
0.00014495849609375, 1623191329.7755964, 5, 44
8.678436279296875e-05, 1623191329.7756462, 5, 37
0.00019049644470214844, 1623191329.77575, 5, 37
0.0001354217529296875, 1623191329.775856, 5, 41
0.00017571449279785156, 1623191329.7758963, 5, 41
0.00011110305786132812, 1623191329.776019, 5, 19
0.00012636184692382812, 1623191329.7760344, 5, 19
7.343292236328125e-05, 1623191329.7761214, 5, 39
8.463859558105469e-05, 1623191329.7761326, 5, 39
0.00014638900756835938, 1623191329.776464, 5, 37
0.00017523765563964844, 1623191329.7764928, 5, 37
7.843971252441406e-05, 1623191329.7765682, 5, 43
9.250640869140625e-05, 1623191329.7765822, 5, 43
0.00019288063049316406, 1623191329.77686, 5, 30
0.00023484230041503906, 1623191329.776902, 5, 30
9.5367431640625e-05, 1623191329.776953, 5, 45
0.0001976490020751953, 1623191329.7770553, 5, 45
0.08028149604797363, 1623191329.8572905, 5, 26
0.08043575286865234, 1623191329.8575995, 5, 35
0.08049726486206055, 1623191329.8578138, 5, 44
0.08056855201721191, 1623191329.8580503, 5, 32
0.08072757720947266, 1623191329.8583384, 5, 55
0.08087897300720215, 1623191329.8585832, 5, 28
0.08098530769348145, 1623191329.8587825, 5, 40
0.08099746704101562, 1623191329.8588889, 5, 58
0.08104586601257324, 1623191329.8590305, 5, 51
0.08104205131530762, 1623191329.859119, 5, 34
0.08102917671203613, 1623191329.8592, 5, 54
0.08106493949890137, 1623191329.85933, 5, 47
0.08105778694152832, 1623191329.859415, 5, 45
0.08109450340270996, 1623191329.8595436, 5, 24
0.0810856819152832, 1623191329.859627, 5, 32
0.08112883567810059, 1623191329.8597622, 5, 44
0.08121061325073242, 1623191329.8599362, 5, 25
0.08127880096435547, 1623191329.8600953, 5, 15
0.08128070831298828, 1623191329.8601875, 5, 40
0.08127045631408691, 1623191329.860269, 5, 16
0.08125662803649902, 1623191329.860346, 5, 36
0.08124160766601562, 1623191329.860423, 5, 49
0.08122515678405762, 1623191329.8604991, 5, 52
0.08121204376220703, 1623191329.8605778, 5, 24
0.08119416236877441, 1623191329.8606548, 5, 40
0.0811767578125, 1623191329.860729, 5, 23
0.08115911483764648, 1623191329.8608034, 5, 48
0.08114266395568848, 1623191329.860878, 5, 33
0.08109879493713379, 1623191329.860953, 5, 53
0.08107662200927734, 1623191329.8610268, 5, 46
0.08106255531311035, 1623191329.8611016, 5, 56
0.08104348182678223, 1623191329.861175, 5, 30
0.08102560043334961, 1623191329.8612487, 5, 22
0.08100700378417969, 1623191329.8613222, 5, 39
0.08103418350219727, 1623191329.8614607, 5, 43
0.08108258247375488, 1623191329.8616211, 5, 24
0.08110833168029785, 1623191329.8617647, 5, 26
0.08115911483764648, 1623191329.8619118, 5, 34
0.0812079906463623, 1623191329.8620543, 5, 34
0.08129215240478516, 1623191329.8622313, 5, 52
0.08134245872497559, 1623191329.862375, 5, 35
0.0813908576965332, 1623191329.8625166, 5, 28
0.08138370513916016, 1623191329.8626022, 5, 45
0.08143162727355957, 1623191329.8627403, 5, 34
0.08143067359924316, 1623191329.8628306, 5, 20
0.08142518997192383, 1623191329.8629165, 5, 44
0.08141398429870605, 1623191329.8629968, 5, 43
0.08140015602111816, 1623191329.8630745, 5, 45
0.08138680458068848, 1623191329.8631535, 5, 20
0.08137035369873047, 1623191329.8632305, 5, 48
0.08135485649108887, 1623191329.8633063, 5, 36
0.08133983612060547, 1623191329.8633833, 5, 58
0.08132410049438477, 1623191329.8634596, 5, 42
0.08130836486816406, 1623191329.8635356, 5, 36
0.08129286766052246, 1623191329.8636117, 5, 53
0.08127593994140625, 1623191329.8636873, 5, 32
0.08125972747802734, 1623191329.8637624, 5, 42
0.0813593864440918, 1623191329.8639545, 5, 44
0.0813605785369873, 1623191329.8640475, 5, 46
0.08134961128234863, 1623191329.8641276, 5, 28
0.08133554458618164, 1623191329.864205, 5, 33
0.08131909370422363, 1623191329.8642797, 5, 46
0.08130002021789551, 1623191329.8643548, 5, 37
0.08128213882446289, 1623191329.8644295, 5, 21
0.08126473426818848, 1623191329.8645039, 5, 35
0.08124780654907227, 1623191329.8645787, 5, 43
0.08123111724853516, 1623191329.864653, 5, 44
0.08121418952941895, 1623191329.8647273, 5, 46
0.08119678497314453, 1623191329.8648021, 5, 55
0.08118009567260742, 1623191329.864877, 5, 46
0.0811612606048584, 1623191329.8649504, 5, 47
0.08111262321472168, 1623191329.8650239, 5, 26
0.08109354972839355, 1623191329.8650968, 5, 27
0.08107852935791016, 1623191329.8651724, 5, 31
0.08105993270874023, 1623191329.8652472, 5, 44
0.0810396671295166, 1623191329.865321, 5, 41
0.08101940155029297, 1623191329.8653934, 5, 28
0.08099746704101562, 1623191329.8654656, 5, 32
0.08098316192626953, 1623191329.8655381, 5, 25
0.08092451095581055, 1623191329.8656096, 5, 16
0.08090424537658691, 1623191329.8656836, 5, 48
0.08088469505310059, 1623191329.8657575, 5, 47
0.08086442947387695, 1623191329.865831, 5, 57
0.08084511756896973, 1623191329.8659043, 5, 25
0.08081293106079102, 1623191329.865978, 5, 57
0.08072209358215332, 1623191329.8660517, 5, 27
0.08069968223571777, 1623191329.8661249, 5, 37
0.08067822456359863, 1623191329.8661976, 5, 24
0.08065915107727051, 1623191329.8662696, 5, 16
0.08063983917236328, 1623191329.866342, 5, 32
0.08062195777893066, 1623191329.8664148, 5, 36
0.08060383796691895, 1623191329.8664887, 5, 29
0.08058714866638184, 1623191329.8665617, 5, 69
0.08056974411010742, 1623191329.8666353, 5, 25
0.0805506706237793, 1623191329.8667083, 5, 33
0.08051562309265137, 1623191329.8667808, 5, 31
0.08049631118774414, 1623191329.8668532, 5, 24
0.08047842979431152, 1623191329.8669257, 5, 38
0.08046078681945801, 1623191329.867001, 5, 48
0.0804445743560791, 1623191329.8670762, 5, 49
0.08042359352111816, 1623191329.86715, 5, 36
0.08040547370910645, 1623191329.867224, 5, 41
0.08044242858886719, 1623191329.8673527, 5, 33
0.0805060863494873, 1623191329.867508, 5, 41
0.08058977127075195, 1623191329.8676832, 5, 29
0.08072209358215332, 1623191329.8679059, 5, 26
0.0808100700378418, 1623191329.8680842, 5, 20
0.08080434799194336, 1623191329.8681684, 5, 27
0.08089399337768555, 1623191329.8683481, 5, 48
0.08088111877441406, 1623191329.8684258, 5, 16
0.08089470863342285, 1623191329.8685303, 5, 28
0.08087754249572754, 1623191329.8686035, 5, 33
0.0808250904083252, 1623191329.8686771, 5, 18
0.08079934120178223, 1623191329.8687491, 5, 25
0.08074784278869629, 1623191329.8688216, 5, 24
0.08068346977233887, 1623191329.868893, 5, 27
0.08064031600952148, 1623191329.8689656, 5, 44
0.08060860633850098, 1623191329.8690386, 5, 40
0.08058929443359375, 1623191329.8691118, 5, 36
0.08057045936584473, 1623191329.869185, 5, 34
0.0805516242980957, 1623191329.8692577, 5, 45
0.08053326606750488, 1623191329.8693306, 5, 42
0.08051466941833496, 1623191329.8694034, 5, 36
0.08049917221069336, 1623191329.8694785, 5, 52
0.08048105239868164, 1623191329.8695521, 5, 41
0.0804598331451416, 1623191329.8696249, 5, 30
0.08042216300964355, 1623191329.8696973, 5, 54
0.08045268058776855, 1623191329.86982, 5, 31
0.0803990364074707, 1623191329.8699, 5, 22
0.08035993576049805, 1623191329.8699737, 5, 29
0.0803375244140625, 1623191329.8700452, 5, 24
0.08031821250915527, 1623191329.8701184, 5, 49
0.08029842376708984, 1623191329.870192, 5, 44
0.08027815818786621, 1623191329.8702645, 5, 20
0.08025717735290527, 1623191329.8703358, 5, 46
0.08023738861083984, 1623191329.8704088, 5, 47
0.08021664619445801, 1623191329.87048, 5, 28
0.08019375801086426, 1623191329.8705513, 5, 40
0.0801699161529541, 1623191329.8706217, 5, 31
0.08014893531799316, 1623191329.870692, 5, 48
0.08012938499450684, 1623191329.8707652, 5, 33
0.0801093578338623, 1623191329.8708363, 5, 25
0.08008861541748047, 1623191329.8709068, 5, 41
0.08008003234863281, 1623191329.8709908, 5, 23
0.08005738258361816, 1623191329.8710597, 5, 43
0.08003520965576172, 1623191329.8711295, 5, 36
0.08001327514648438, 1623191329.871199, 5, 35
0.07999157905578613, 1623191329.8712683, 5, 22
0.07997250556945801, 1623191329.8713393, 5, 24
0.07994937896728516, 1623191329.8714075, 5, 32
0.0799252986907959, 1623191329.8714764, 5, 35
0.07990264892578125, 1623191329.8715463, 5, 38
0.0798799991607666, 1623191329.8716156, 5, 45
0.07981061935424805, 1623191329.8716846, 5, 30
0.07978463172912598, 1623191329.8717535, 5, 51
0.07984066009521484, 1623191329.8719082, 5, 32
0.07988190650939941, 1623191329.8720422, 5, 37
0.07986998558044434, 1623191329.8721228, 5, 29
0.07985520362854004, 1623191329.8721998, 5, 36
0.07985353469848633, 1623191329.8722906, 5, 36
0.0798342227935791, 1623191329.872363, 5, 32
0.07981300354003906, 1623191329.872434, 5, 45
0.07979059219360352, 1623191329.8725054, 5, 39
0.07979583740234375, 1623191329.8726027, 5, 54
0.07977485656738281, 1623191329.8726742, 5, 25
0.07975506782531738, 1623191329.8727455, 5, 41
0.07973361015319824, 1623191329.8728156, 5, 39
0.0797111988067627, 1623191329.8728855, 5, 43
0.0797739028930664, 1623191329.87304, 5, 26
0.07979130744934082, 1623191329.8731499, 5, 44
0.07977795600891113, 1623191329.873229, 5, 46
0.07976031303405762, 1623191329.8733027, 5, 62
0.07973980903625488, 1623191329.8733742, 5, 45
0.07971858978271484, 1623191329.8734453, 5, 32
0.07974505424499512, 1623191329.8735628, 5, 40
0.0797276496887207, 1623191329.8736393, 5, 44
0.07970452308654785, 1623191329.8737073, 5, 24
0.0796823501586914, 1623191329.873776, 5, 21
0.07965731620788574, 1623191329.873842, 5, 21
0.07963275909423828, 1623191329.8739095, 5, 41
0.07962274551391602, 1623191329.8739913, 5, 25
0.07958316802978516, 1623191329.874056, 5, 62
0.07955741882324219, 1623191329.874121, 5, 25
0.0796511173248291, 1623191329.8743038, 5, 30
0.07965278625488281, 1623191329.874408, 5, 39
0.07956123352050781, 1623191329.8744779, 5, 30
0.07953262329101562, 1623191329.8745437, 5, 21
0.07950115203857422, 1623191329.8746092, 5, 35
0.07947421073913574, 1623191329.8746743, 5, 47
0.07944869995117188, 1623191329.874741, 5, 29
0.0794224739074707, 1623191329.8748066, 5, 27
0.07939839363098145, 1623191329.874874, 5, 40
0.07937169075012207, 1623191329.8749402, 5, 39
0.0793459415435791, 1623191329.8750062, 5, 24
0.07931971549987793, 1623191329.8750713, 5, 30
0.07928204536437988, 1623191329.8751369, 5, 16
0.07925820350646973, 1623191329.8752017, 5, 38
0.07923102378845215, 1623191329.8752666, 5, 29
0.0792236328125, 1623191329.8753486, 5, 19
0.07920098304748535, 1623191329.8754168, 5, 26
0.07917380332946777, 1623191329.8754823, 5, 29
0.07914853096008301, 1623191329.875548, 5, 44
0.07912087440490723, 1623191329.8756132, 5, 29
0.07909488677978516, 1623191329.8756785, 5, 46
0.07906866073608398, 1623191329.8757436, 5, 42
0.07915997505187988, 1623191329.875927, 5, 47
0.07941770553588867, 1623191329.8762758, 5, 19
0.07941770553588867, 1623191329.8763664, 5, 26
0.07940292358398438, 1623191329.8764412, 5, 39
0.07938385009765625, 1623191329.8765137, 5, 33
0.07936239242553711, 1623191329.8765836, 5, 29
0.07933878898620605, 1623191329.876651, 5, 29
0.07929635047912598, 1623191329.8767173, 5, 22
0.07926654815673828, 1623191329.8767843, 5, 33
0.07924365997314453, 1623191329.876852, 5, 54
0.07928013801574707, 1623191329.876981, 5, 51
0.0793309211730957, 1623191329.8771243, 5, 52
0.07933402061462402, 1623191329.8772187, 5, 15
0.07931947708129883, 1623191329.8772957, 5, 38
0.0793004035949707, 1623191329.8773675, 5, 28
0.07924342155456543, 1623191329.8774366, 5, 23
0.07921695709228516, 1623191329.8775036, 5, 52
0.07915997505187988, 1623191329.8775713, 5, 54
0.07912349700927734, 1623191329.8776405, 5, 21
0.07910585403442383, 1623191329.8777077, 5, 63
0.07907772064208984, 1623191329.8777745, 5, 43
0.07905340194702148, 1623191329.8778427, 5, 47
0.07902717590332031, 1623191329.8779087, 5, 43
0.07900142669677734, 1623191329.8779743, 5, 23
0.07897639274597168, 1623191329.8780396, 5, 49
0.07895064353942871, 1623191329.8781059, 5, 25
0.07892513275146484, 1623191329.8781717, 5, 47
0.07890009880065918, 1623191329.8782375, 5, 29
0.07887434959411621, 1623191329.8783038, 5, 39
0.07884883880615234, 1623191329.87837, 5, 49
0.07882404327392578, 1623191329.878436, 5, 43
0.07881474494934082, 1623191329.8785186, 5, 34
0.07879281044006348, 1623191329.8785872, 5, 54
0.0787360668182373, 1623191329.8786535, 5, 23
0.07870960235595703, 1623191329.8787193, 5, 42
0.07868385314941406, 1623191329.8787851, 5, 34
0.0786585807800293, 1623191329.8788517, 5, 44
0.07866430282592773, 1623191329.8789492, 5, 34
0.08447146415710449, 1623191329.8848486, 5, 47
0.08477210998535156, 1623191329.8852408, 5, 40
0.08499312400817871, 1623191329.885554, 5, 44
0.08517980575561523, 1623191329.8858323, 5, 28
0.08535432815551758, 1623191329.8860972, 5, 25
0.08550238609313965, 1623191329.8863363, 5, 24
0.08571171760559082, 1623191329.8866355, 5, 24
0.08586525917053223, 1623191329.8868794, 5, 41
0.08600044250488281, 1623191329.887108, 5, 26
0.08642840385437012, 1623191329.8876266, 5, 22
0.0868983268737793, 1623191329.8881867, 5, 48
0.08705282211303711, 1623191329.888433, 5, 25
0.08720231056213379, 1623191329.8886733, 5, 21
0.08736181259155273, 1623191329.8889234, 5, 29
0.0874183177947998, 1623191329.8890703, 5, 55
0.08753275871276855, 1623191329.8892753, 5, 27
0.0880124568939209, 1623191329.889848, 5, 54
0.08808279037475586, 1623191329.8900108, 5, 39
0.08812737464904785, 1623191329.8901465, 5, 47
0.08977532386779785, 1623191329.8918848, 5, 42
0.08984255790710449, 1623191329.8920424, 5, 46
0.0899500846862793, 1623191329.8922422, 5, 31
0.09003710746765137, 1623191329.89242, 5, 27
0.09011530876159668, 1623191329.8925908, 5, 31
0.0901944637298584, 1623191329.89276, 5, 23
0.09027099609375, 1623191329.8929265, 5, 49
0.09036540985107422, 1623191329.8931127, 5, 55
0.09044313430786133, 1623191329.8932812, 5, 26
0.09052038192749023, 1623191329.8934486, 5, 41
0.09059739112854004, 1623191329.8936172, 5, 39
0.09067916870117188, 1623191329.8937898, 5, 27
0.09073662757873535, 1623191329.8939373, 5, 17
0.09079504013061523, 1623191329.8941038, 5, 45
0.09074926376342773, 1623191329.8941731, 5, 36
0.09071564674377441, 1623191329.894236, 5, 51
0.09070181846618652, 1623191329.894315, 5, 17
0.09067368507385254, 1623191329.8943777, 5, 35
0.09064388275146484, 1623191329.8944385, 5, 24
0.09058237075805664, 1623191329.8944998, 5, 50
0.09055137634277344, 1623191329.8945606, 5, 26
0.09051895141601562, 1623191329.8946214, 5, 47
0.09047722816467285, 1623191329.8946836, 5, 61
0.09038472175598145, 1623191329.8947453, 5, 44
0.09033656120300293, 1623191329.8948073, 5, 33
0.09030413627624512, 1623191329.8948684, 5, 31
0.09027290344238281, 1623191329.8949285, 5, 24
0.09025788307189941, 1623191329.8950062, 5, 38
0.09022712707519531, 1623191329.895069, 5, 16
0.09020233154296875, 1623191329.8951313, 5, 51
0.09017324447631836, 1623191329.895194, 5, 19
0.09014177322387695, 1623191329.8952568, 5, 54
0.09011554718017578, 1623191329.8953202, 5, 36
0.09008669853210449, 1623191329.8953822, 5, 30
0.09005880355834961, 1623191329.895445, 5, 38
0.09002876281738281, 1623191329.8955066, 5, 31
0.09000158309936523, 1623191329.8955715, 5, 40
0.08997225761413574, 1623191329.8956337, 5, 31
0.08994340896606445, 1623191329.895696, 5, 25
0.08991456031799316, 1623191329.8957584, 5, 58
0.09001541137695312, 1623191329.8959532, 5, 42
0.09008502960205078, 1623191329.896114, 5, 50
0.09015011787414551, 1623191329.8962708, 5, 20
0.09013628959655762, 1623191329.8963478, 5, 30
0.09011387825012207, 1623191329.8964155, 5, 38
0.09008908271789551, 1623191329.896481, 5, 25
0.09006237983703613, 1623191329.8965452, 5, 40
0.09003472328186035, 1623191329.8966088, 5, 19
0.09000706672668457, 1623191329.8966722, 5, 19
0.08997988700866699, 1623191329.8967352, 5, 24
0.09003615379333496, 1623191329.896881, 5, 37
0.09008240699768066, 1623191329.8970182, 5, 30
0.09006118774414062, 1623191329.897089, 5, 47
0.09003329277038574, 1623191329.8971536, 5, 26
0.09000635147094727, 1623191329.897217, 5, 22
0.0899808406829834, 1623191329.8972812, 5, 42
0.08995485305786133, 1623191329.8973455, 5, 56
0.08992719650268555, 1623191329.8974087, 5, 45
0.08989953994750977, 1623191329.8974729, 5, 35
0.08987665176391602, 1623191329.8975363, 5, 31
0.08985328674316406, 1623191329.8975997, 5, 49
0.0897829532623291, 1623191329.897666, 5, 50
0.08965587615966797, 1623191329.8977306, 5, 33
0.08957481384277344, 1623191329.8977938, 5, 31
0.08952450752258301, 1623191329.8978581, 5, 34
0.08948206901550293, 1623191329.897922, 5, 41
0.09184765815734863, 1623191329.9004242, 5, 39
0.09195256233215332, 1623191329.9006727, 5, 44
0.09200763702392578, 1623191329.900822, 5, 27
0.09216737747192383, 1623191329.9010801, 5, 48
0.09233355522155762, 1623191329.901344, 5, 33
0.09245800971984863, 1623191329.9015658, 5, 42
0.09254860877990723, 1623191329.9017515, 5, 30
0.09261059761047363, 1623191329.9019094, 5, 43
0.09268593788146973, 1623191329.902082, 5, 44
0.09276080131530762, 1623191329.9022546, 5, 21
0.0928945541381836, 1623191329.9024827, 5, 33
0.09296917915344238, 1623191329.902651, 5, 38
0.09307026863098145, 1623191329.9028475, 5, 26
0.09318184852600098, 1623191329.9030542, 5, 36
0.093231201171875, 1623191329.9031987, 5, 41
0.09321117401123047, 1623191329.9032738, 5, 31
0.0931844711303711, 1623191329.9033413, 5, 35
0.0931556224822998, 1623191329.9034076, 5, 38
0.0931246280670166, 1623191329.903473, 5, 43
0.09309506416320801, 1623191329.9035378, 5, 27
0.09306788444519043, 1623191329.9036055, 5, 37
0.09303951263427734, 1623191329.9036715, 5, 39
0.09300780296325684, 1623191329.9037364, 5, 38
0.09297680854797363, 1623191329.9038002, 5, 26
0.09296345710754395, 1623191329.9038818, 5, 39
0.09293723106384277, 1623191329.9039514, 5, 35
0.09292197227478027, 1623191329.9040318, 5, 35
0.09289073944091797, 1623191329.9040952, 5, 45
0.09285926818847656, 1623191329.9041584, 5, 20
0.09282708168029785, 1623191329.90422, 5, 22
0.09279751777648926, 1623191329.9042838, 5, 42
0.09276676177978516, 1623191329.9043481, 5, 35
0.09273409843444824, 1623191329.9044106, 5, 21
0.09267759323120117, 1623191329.904473, 5, 47
0.09260892868041992, 1623191329.9045353, 5, 26
0.09257698059082031, 1623191329.9045982, 5, 44
0.09254646301269531, 1623191329.9046628, 5, 42
0.0925140380859375, 1623191329.9047258, 5, 51
0.09248232841491699, 1623191329.9047887, 5, 16
0.09245181083679199, 1623191329.9048522, 5, 49
0.09242081642150879, 1623191329.9049156, 5, 44
0.09238862991333008, 1623191329.9049785, 5, 43
0.09237027168273926, 1623191329.9050555, 5, 26
0.09233832359313965, 1623191329.905118, 5, 37
0.09230518341064453, 1623191329.9051785, 5, 28
0.09227323532104492, 1623191329.9052408, 5, 29
0.0922389030456543, 1623191329.9053023, 5, 45
0.09220576286315918, 1623191329.9053638, 5, 49
0.09217119216918945, 1623191329.9054248, 5, 41
0.09213757514953613, 1623191329.905486, 5, 27
0.09210419654846191, 1623191329.905547, 5, 40
0.09207034111022949, 1623191329.9056077, 5, 32
0.09203672409057617, 1623191329.905668, 5, 29
0.09200310707092285, 1623191329.905729, 5, 55
0.09196877479553223, 1623191329.9057899, 5, 23
0.0919346809387207, 1623191329.9058511, 5, 47
0.0918891429901123, 1623191329.9059129, 5, 32
0.09180164337158203, 1623191329.905988, 5, 25
0.09176039695739746, 1623191329.9060466, 5, 26
0.09172344207763672, 1623191329.9061055, 5, 31
0.09168291091918945, 1623191329.9061646, 5, 50
0.09164786338806152, 1623191329.9062247, 5, 27
0.09168553352355957, 1623191329.9063554, 5, 27
0.09173178672790527, 1623191329.9064937, 5, 40
0.09171652793884277, 1623191329.9065733, 5, 49
0.0916900634765625, 1623191329.906642, 5, 28
0.09170746803283691, 1623191329.9067547, 5, 41
0.09168505668640137, 1623191329.9068274, 5, 47
0.09165406227111816, 1623191329.9068916, 5, 17
0.09162306785583496, 1623191329.9069548, 5, 45
0.09160852432250977, 1623191329.9070346, 5, 40
0.09158158302307129, 1623191329.9071093, 5, 32
0.09156370162963867, 1623191329.9071865, 5, 29
0.09153223037719727, 1623191329.9072502, 5, 54
0.09146308898925781, 1623191329.9073112, 5, 32
0.09142661094665527, 1623191329.9073713, 5, 12
0.09159469604492188, 1623191329.9076362, 5, 24
0.0915672779083252, 1623191329.9077036, 5, 42
0.09161829948425293, 1623191329.9078496, 5, 14
0.09162688255310059, 1623191329.9079533, 5, 53
0.0916144847869873, 1623191329.9080365, 5, 54
0.0915977954864502, 1623191329.908115, 5, 34
0.09160923957824707, 1623191329.9082215, 5, 27
0.09162473678588867, 1623191329.9083338, 5, 45
0.09159994125366211, 1623191329.9084039, 5, 49
0.09156465530395508, 1623191329.9084647, 5, 52
0.09152865409851074, 1623191329.9085243, 5, 35
0.09149289131164551, 1623191329.908584, 5, 57
0.09145617485046387, 1623191329.9086425, 5, 24
0.09142065048217773, 1623191329.9087014, 5, 50
0.0913851261138916, 1623191329.9087603, 5, 27
0.09134888648986816, 1623191329.9088187, 5, 27
0.09131336212158203, 1623191329.9088778, 5, 23
0.09127688407897949, 1623191329.9089358, 5, 31
0.09124159812927246, 1623191329.9089947, 5, 44
0.09120821952819824, 1623191329.9090555, 5, 40
0.09121179580688477, 1623191329.9091566, 5, 32
0.09116911888122559, 1623191329.9092226, 5, 26
0.09113430976867676, 1623191329.909283, 5, 33
0.09109997749328613, 1623191329.9093428, 5, 55
0.0910642147064209, 1623191329.9094024, 5, 37
0.09102940559387207, 1623191329.9094615, 5, 23
0.09099364280700684, 1623191329.9095206, 5, 41
0.0909574031829834, 1623191329.9095802, 5, 33
0.09092068672180176, 1623191329.9096386, 5, 25
0.09085273742675781, 1623191329.9096968, 5, 47
0.09082150459289551, 1623191329.9097562, 5, 46
0.09078669548034668, 1623191329.9098148, 5, 29
0.0907294750213623, 1623191329.9098735, 5, 20
0.09069275856018066, 1623191329.9099317, 5, 30
0.09065747261047363, 1623191329.9099905, 5, 37
0.0906219482421875, 1623191329.9100504, 5, 61
0.09058570861816406, 1623191329.9101095, 5, 27
0.09055018424987793, 1623191329.9101686, 5, 40
0.0905148983001709, 1623191329.910228, 5, 37
0.09047937393188477, 1623191329.9102871, 5, 42
0.09041023254394531, 1623191329.9103465, 5, 50
0.09037256240844727, 1623191329.9104056, 5, 30
0.09034299850463867, 1623191329.910472, 5, 41
0.09031987190246582, 1623191329.9105444, 5, 35
0.09029650688171387, 1623191329.9106185, 5, 48
0.09027266502380371, 1623191329.9106908, 5, 52
0.09025049209594727, 1623191329.9107625, 5, 20
0.09022903442382812, 1623191329.910835, 5, 46
0.09020471572875977, 1623191329.9109058, 5, 32
0.09016942977905273, 1623191329.9109654, 5, 48
0.0901339054107666, 1623191329.9110248, 5, 35
0.09009909629821777, 1623191329.9110851, 5, 57
0.09006404876708984, 1623191329.9111452, 5, 52
0.09002852439880371, 1623191329.9112046, 5, 26
0.08993959426879883, 1623191329.911264, 5, 24
0.08989763259887695, 1623191329.911323, 5, 41
0.0898590087890625, 1623191329.9113827, 5, 33
0.08982300758361816, 1623191329.9114425, 5, 53
0.08978867530822754, 1623191329.9115033, 5, 40
0.0897524356842041, 1623191329.9115624, 5, 32
0.08971786499023438, 1623191329.911622, 5, 34
0.08968353271484375, 1623191329.9116824, 5, 38
0.08964872360229492, 1623191329.911742, 5, 21
0.0896139144897461, 1623191329.9118016, 5, 21
0.08964204788208008, 1623191329.911924, 5, 41
0.08959197998046875, 1623191329.911986, 5, 52
0.08951592445373535, 1623191329.9120467, 5, 28
0.0894765853881836, 1623191329.9121065, 5, 26
0.08943939208984375, 1623191329.912167, 5, 50
0.08940649032592773, 1623191329.9122293, 5, 27
0.08937335014343262, 1623191329.9122906, 5, 48
0.0893402099609375, 1623191329.9123518, 5, 46
0.08930587768554688, 1623191329.912412, 5, 38
0.08927106857299805, 1623191329.9124722, 5, 41
0.0893402099609375, 1623191329.9126797, 5, 27
0.08934187889099121, 1623191329.9127758, 5, 35
0.08933568000793457, 1623191329.9128637, 5, 18
0.08930587768554688, 1623191329.9129288, 5, 58
0.08927464485168457, 1623191329.9129913, 5, 31
0.089263916015625, 1623191329.913074, 5, 38
0.0891866683959961, 1623191329.9131362, 5, 19
0.08910393714904785, 1623191329.9131975, 5, 49
0.08910083770751953, 1623191329.9132943, 5, 37
0.08906984329223633, 1623191329.9133599, 5, 34
0.08903861045837402, 1623191329.9134233, 5, 44
0.0890038013458252, 1623191329.9134858, 5, 39
0.08897542953491211, 1623191329.9135473, 5, 37
0.08894133567810059, 1623191329.9136076, 5, 38
0.08890986442565918, 1623191329.913669, 5, 53
0.08887386322021484, 1623191329.913729, 5, 23
0.08883976936340332, 1623191329.913789, 5, 39
0.08880496025085449, 1623191329.913849, 5, 42
0.08876824378967285, 1623191329.9139092, 5, 33
0.08873367309570312, 1623191329.913969, 5, 34
0.0887002944946289, 1623191329.9140313, 5, 29
0.08866667747497559, 1623191329.9140918, 5, 40
0.08863282203674316, 1623191329.9141521, 5, 50
0.08865547180175781, 1623191329.914269, 5, 36
0.08863115310668945, 1623191329.9143386, 5, 33
0.08859848976135254, 1623191329.9143991, 5, 31
0.08856487274169922, 1623191329.914459, 5, 29
0.0885324478149414, 1623191329.9145198, 5, 37
0.08849811553955078, 1623191329.91458, 5, 16
0.08846402168273926, 1623191329.9146402, 5, 29
0.08843135833740234, 1623191329.9147007, 5, 31
0.0883944034576416, 1623191329.9147606, 5, 28
0.08836102485656738, 1623191329.9148211, 5, 37
0.08832693099975586, 1623191329.9148812, 5, 26
0.08829331398010254, 1623191329.9149415, 5, 28
0.08825945854187012, 1623191329.9150012, 5, 26
0.0882265567779541, 1623191329.9150617, 5, 33
0.08825850486755371, 1623191329.9151874, 5, 24
0.08823299407958984, 1623191329.9152558, 5, 26
0.08818244934082031, 1623191329.9153178, 5, 27
0.0881493091583252, 1623191329.915378, 5, 15
0.08811664581298828, 1623191329.9154387, 5, 34
0.08808231353759766, 1623191329.9154992, 5, 37
0.08804869651794434, 1623191329.9155607, 5, 31
0.08801102638244629, 1623191329.915622, 5, 58
0.08797883987426758, 1623191329.915684, 5, 29
0.08794522285461426, 1623191329.9157455, 5, 49
0.08791089057922363, 1623191329.9158382, 5, 29
0.08788228034973145, 1623191329.915904, 5, 36
0.08793282508850098, 1623191329.9160688, 5, 23
0.08792424201965332, 1623191329.9161556, 5, 48
0.08790016174316406, 1623191329.9162266, 5, 22
0.0879373550415039, 1623191329.916357, 5, 36
0.08792972564697266, 1623191329.9164424, 5, 31
0.0879065990447998, 1623191329.9165127, 5, 15
0.08787846565246582, 1623191329.9165778, 5, 21
0.0878450870513916, 1623191329.916641, 5, 34
0.08786654472351074, 1623191329.916757, 5, 36
0.08784699440002441, 1623191329.9168315, 5, 32
0.08781981468200684, 1623191329.916897, 5, 19
0.08778858184814453, 1623191329.9169588, 5, 24
0.08775496482849121, 1623191329.91702, 5, 45
0.08772158622741699, 1623191329.9170814, 5, 46
0.08768749237060547, 1623191329.917142, 5, 41
0.08765506744384766, 1623191329.9172032, 5, 35
0.08762025833129883, 1623191329.9172661, 5, 39
0.08758664131164551, 1623191329.9173274, 5, 34
0.08755135536193848, 1623191329.9173872, 5, 31
0.08751702308654785, 1623191329.917447, 5, 37
0.08748054504394531, 1623191329.917507, 5, 35
0.08744621276855469, 1623191329.9175677, 5, 26
0.08746790885925293, 1623191329.9176836, 5, 33
0.08744978904724121, 1623191329.917759, 5, 28
0.08742165565490723, 1623191329.9178243, 5, 33
0.08739066123962402, 1623191329.9178874, 5, 36
0.08735847473144531, 1623191329.9179492, 5, 33
0.08721017837524414, 1623191329.9180105, 5, 48
0.08714127540588379, 1623191329.918071, 5, 28
0.08702468872070312, 1623191329.9181314, 5, 47
0.08692049980163574, 1623191329.9182055, 5, 41
0.08681178092956543, 1623191329.9182796, 5, 45
0.08669662475585938, 1623191329.9183416, 5, 44
0.08658003807067871, 1623191329.9184022, 5, 36
0.08643984794616699, 1623191329.918463, 5, 36
0.08632135391235352, 1623191329.9185233, 5, 41
0.08625245094299316, 1623191329.9185836, 5, 51
0.08620524406433105, 1623191329.9186442, 5, 44
0.08615875244140625, 1623191329.9187038, 5, 28
0.08617210388183594, 1623191329.9188104, 5, 28
0.08608126640319824, 1623191329.9188774, 5, 32
0.08601236343383789, 1623191329.9189386, 5, 60
0.0859067440032959, 1623191329.9189985, 5, 21
0.0858619213104248, 1623191329.9190588, 5, 20
0.08582425117492676, 1623191329.9191184, 5, 37
0.0857858657836914, 1623191329.9191775, 5, 26
0.08575153350830078, 1623191329.9192388, 5, 40
0.08571410179138184, 1623191329.9192996, 5, 22
0.0856776237487793, 1623191329.9193594, 5, 36
0.08564162254333496, 1623191329.9194193, 5, 38
0.08560538291931152, 1623191329.9194791, 5, 47
0.08556890487670898, 1623191329.919539, 5, 36
0.08553314208984375, 1623191329.919599, 5, 33
0.08549833297729492, 1623191329.9196594, 5, 40
0.0854635238647461, 1623191329.9197195, 5, 20
0.08542799949645996, 1623191329.919779, 5, 42
0.08541750907897949, 1623191329.919863, 5, 26
0.0853736400604248, 1623191329.9199274, 5, 39
0.0852973461151123, 1623191329.9199893, 5, 40
0.08524680137634277, 1623191329.9200497, 5, 41
0.08521032333374023, 1623191329.9201102, 5, 41
0.08519458770751953, 1623191329.92019, 5, 36
0.08516240119934082, 1623191329.920253, 5, 32
0.0851283073425293, 1623191329.9203136, 5, 46
0.08509254455566406, 1623191329.9203734, 5, 37
0.08505821228027344, 1623191329.9204335, 5, 34
0.08502388000488281, 1623191329.9204936, 5, 37
0.08498907089233398, 1623191329.9205537, 5, 37
0.08495497703552246, 1623191329.9206145, 5, 50
0.08498191833496094, 1623191329.9207373, 5, 29
0.08489274978637695, 1623191329.9208064, 5, 40
0.08481264114379883, 1623191329.9208717, 5, 35
0.08476018905639648, 1623191329.9209328, 5, 23
0.0847160816192627, 1623191329.9209933, 5, 43
0.08465361595153809, 1623191329.9210532, 5, 26
0.08461236953735352, 1623191329.9211123, 5, 21
0.08457589149475098, 1623191329.921174, 5, 45
0.08455848693847656, 1623191329.9212549, 5, 40
0.08452224731445312, 1623191329.9213154, 5, 18
0.08448672294616699, 1623191329.9213746, 5, 19
0.08452606201171875, 1623191329.9215086, 5, 30
0.08449983596801758, 1623191329.9215782, 5, 47
0.08448338508605957, 1623191329.92166, 5, 30
0.08444833755493164, 1623191329.921721, 5, 51
0.08441805839538574, 1623191329.9217858, 5, 56
0.0843820571899414, 1623191329.921845, 5, 30
0.08434700965881348, 1623191329.9219034, 5, 27
0.08431386947631836, 1623191329.9219637, 5, 35
0.08427929878234863, 1623191329.9220243, 5, 29
0.08427238464355469, 1623191329.9221117, 5, 27
0.08424115180969238, 1623191329.9221742, 5, 24
0.0842282772064209, 1623191329.9222548, 5, 26
0.08421897888183594, 1623191329.922363, 5, 34
0.08418107032775879, 1623191329.9224465, 5, 28
0.08425402641296387, 1623191329.922619, 5, 49
0.08425211906433105, 1623191329.9227133, 5, 51
0.08428382873535156, 1623191329.9228404, 5, 37
0.08431124687194824, 1623191329.9229634, 5, 34
0.08428478240966797, 1623191329.9230318, 5, 23
0.08439135551452637, 1623191329.923233, 5, 47
0.08436346054077148, 1623191329.9233193, 5, 42
0.08440375328063965, 1623191329.9234562, 5, 20
0.08432650566101074, 1623191329.923519, 5, 30
0.08428788185119629, 1623191329.9235804, 5, 54
0.08430004119873047, 1623191329.923689, 5, 34
0.08427190780639648, 1623191329.9237566, 5, 23
0.08429622650146484, 1623191329.9238777, 5, 36
0.08427834510803223, 1623191329.9239557, 5, 36
0.08431148529052734, 1623191329.924084, 5, 39
0.08430790901184082, 1623191329.9242072, 5, 34
0.08428597450256348, 1623191329.9242814, 5, 14
0.08425474166870117, 1623191329.9243445, 5, 47
0.08422183990478516, 1623191329.9244058, 5, 41
0.08418846130371094, 1623191329.9244664, 5, 39
0.08415412902832031, 1623191329.9245257, 5, 25
0.08411955833435059, 1623191329.924585, 5, 30
0.08408665657043457, 1623191329.9246452, 5, 19
0.08410501480102539, 1623191329.9247572, 5, 26
0.08411908149719238, 1623191329.924867, 5, 53
0.08409309387207031, 1623191329.9249353, 5, 52
0.0840597152709961, 1623191329.9249969, 5, 44
0.08402633666992188, 1623191329.9250584, 5, 28
0.08399295806884766, 1623191329.9251187, 5, 43
0.08395648002624512, 1623191329.9251776, 5, 32
0.0839235782623291, 1623191329.9252374, 5, 26
0.08388876914978027, 1623191329.9252958, 5, 29
0.08385467529296875, 1623191329.9253552, 5, 36
0.08386850357055664, 1623191329.9254634, 5, 50
0.08384084701538086, 1623191329.9255297, 5, 23
0.08380770683288574, 1623191329.9255898, 5, 37
0.08377242088317871, 1623191329.9256492, 5, 27
0.08373570442199707, 1623191329.9257078, 5, 29
0.08370137214660645, 1623191329.9257665, 5, 21
0.08366012573242188, 1623191329.9258254, 5, 33
0.08362364768981934, 1623191329.925885, 5, 43
0.0835878849029541, 1623191329.925944, 5, 34
0.08355307579040527, 1623191329.9260035, 5, 32
0.08351826667785645, 1623191329.926063, 5, 38
0.08348345756530762, 1623191329.9261227, 5, 37
0.08344841003417969, 1623191329.926182, 5, 37
0.08341360092163086, 1623191329.926242, 5, 36
0.08337831497192383, 1623191329.9263008, 5, 56
0.0833425521850586, 1623191329.9263594, 5, 26
0.08330702781677246, 1623191329.9264174, 5, 28
0.08327031135559082, 1623191329.9264762, 5, 33
0.08321571350097656, 1623191329.9265354, 5, 39
0.08318161964416504, 1623191329.9265962, 5, 31
0.08314800262451172, 1623191329.9266558, 5, 50
0.08311247825622559, 1623191329.9267147, 5, 24
0.08307719230651855, 1623191329.926774, 5, 48
0.08304214477539062, 1623191329.9268334, 5, 56
0.08297562599182129, 1623191329.9268923, 5, 34
0.08293819427490234, 1623191329.9269505, 5, 29
0.08290290832519531, 1623191329.9270093, 5, 34
0.08286643028259277, 1623191329.9270685, 5, 42
0.08282947540283203, 1623191329.927127, 5, 28
0.08279848098754883, 1623191329.9271927, 5, 28
0.08277225494384766, 1623191329.92726, 12, 10
0.15937066078186035, 1623191329.9363797, 5, 26
0.15958905220031738, 1623191329.9367528, 5, 35
0.15974807739257812, 1623191329.9370646, 5, 44
0.15980124473571777, 1623191329.937283, 5, 32
0.1598970890045166, 1623191329.9375079, 5, 55
0.15997982025146484, 1623191329.937684, 5, 28
0.16006231307983398, 1623191329.9378595, 5, 40
0.1602175235748291, 1623191329.938109, 5, 58
0.16028881072998047, 1623191329.9382734, 5, 51
0.16035223007202148, 1623191329.938429, 5, 34
0.1604139804840088, 1623191329.9385848, 5, 54
0.16042280197143555, 1623191329.9386878, 5, 47
0.16045022010803223, 1623191329.9388075, 5, 45
0.1604619026184082, 1623191329.938911, 5, 24
0.16046595573425293, 1623191329.9390073, 5, 32
0.16045570373535156, 1623191329.939089, 5, 44
0.16044235229492188, 1623191329.939168, 5, 25
0.1604764461517334, 1623191329.939293, 5, 15
0.1604902744293213, 1623191329.939397, 5, 40
0.16049480438232422, 1623191329.9394934, 5, 16
0.16050100326538086, 1623191329.9395905, 5, 36
0.16050481796264648, 1623191329.9396863, 5, 49
0.1605076789855957, 1623191329.9397817, 5, 52
0.1606278419494629, 1623191329.9399936, 5, 24
0.16067743301391602, 1623191329.940138, 5, 40
0.16069531440734863, 1623191329.9402475, 5, 23
0.16071343421936035, 1623191329.9403577, 5, 48
0.1607820987701416, 1623191329.9405174, 5, 33
0.16084742546081543, 1623191329.9407017, 5, 53
0.16092348098754883, 1623191329.9408736, 5, 46
0.16100215911865234, 1623191329.9410412, 5, 56
0.16100096702575684, 1623191329.9411325, 5, 30
0.16099143028259277, 1623191329.9412146, 5, 22
0.16097521781921387, 1623191329.9412904, 5, 39
0.16094255447387695, 1623191329.941369, 5, 43
0.16090917587280273, 1623191329.9414477, 5, 24
0.16086983680725098, 1623191329.9415262, 5, 26
0.16085195541381836, 1623191329.9416046, 5, 34
0.16083717346191406, 1623191329.9416835, 5, 34
0.16082406044006348, 1623191329.9417632, 5, 52
0.16080832481384277, 1623191329.941841, 5, 35
0.16079092025756836, 1623191329.9419167, 5, 28
0.16077518463134766, 1623191329.9419937, 5, 45
0.16076159477233887, 1623191329.9420702, 5, 34
0.160750150680542, 1623191329.94215, 5, 20
0.1607367992401123, 1623191329.942228, 5, 44
0.16072392463684082, 1623191329.9423068, 5, 43
0.16071033477783203, 1623191329.9423847, 5, 45
0.160811185836792, 1623191329.9425778, 5, 20
0.16082215309143066, 1623191329.9426823, 5, 48
0.1608750820159912, 1623191329.9428265, 5, 36
0.16094398498535156, 1623191329.9429874, 5, 58
0.16103219985961914, 1623191329.9431677, 5, 42
0.16111016273498535, 1623191329.9433374, 5, 36
0.16118097305297852, 1623191329.9434998, 5, 53
0.1612560749053955, 1623191329.9436674, 5, 32
0.1613757610321045, 1623191329.9438784, 5, 42
0.16147899627685547, 1623191329.9440742, 5, 44
0.16152572631835938, 1623191329.9442127, 5, 46
0.16151857376098633, 1623191329.9442966, 5, 28
0.16150498390197754, 1623191329.9443743, 5, 33
0.16149044036865234, 1623191329.944451, 5, 46
0.16147279739379883, 1623191329.9445276, 5, 37
0.16145586967468262, 1623191329.9446032, 5, 21
0.1614391803741455, 1623191329.9446783, 5, 35
0.1614232063293457, 1623191329.9447541, 5, 43
0.1614081859588623, 1623191329.9448302, 5, 44
0.161393404006958, 1623191329.9449065, 5, 46
0.161376953125, 1623191329.9449823, 5, 55
0.1613621711730957, 1623191329.945059, 5, 46
0.1613466739654541, 1623191329.9451358, 5, 47
0.1613006591796875, 1623191329.945212, 5, 26
0.1612839698791504, 1623191329.9452872, 5, 27
0.1612715721130371, 1623191329.9453654, 5, 31
0.1612544059753418, 1623191329.9454417, 5, 44
0.16123652458190918, 1623191329.9455178, 5, 41
0.16121888160705566, 1623191329.9455929, 5, 28
0.16120052337646484, 1623191329.9456687, 5, 32
0.16118836402893066, 1623191329.9457433, 5, 25
0.1611330509185791, 1623191329.9458182, 5, 16
0.16111469268798828, 1623191329.945894, 5, 48
0.16109657287597656, 1623191329.9459693, 5, 47
0.16107892990112305, 1623191329.9460454, 5, 57
0.16106200218200684, 1623191329.9461212, 5, 25
0.16103196144104004, 1623191329.946197, 5, 57
0.16094326972961426, 1623191329.9462729, 5, 27
0.16092371940612793, 1623191329.946349, 5, 37
0.1609175205230713, 1623191329.946437, 5, 24
0.16090154647827148, 1623191329.946512, 5, 16
0.16088414192199707, 1623191329.9465864, 5, 32
0.16086864471435547, 1623191329.9466615, 5, 36
0.16085100173950195, 1623191329.9467359, 5, 29
0.16083598136901855, 1623191329.9468105, 5, 69
0.16081953048706055, 1623191329.946885, 5, 25
0.16080164909362793, 1623191329.9469593, 5, 33
0.1607677936553955, 1623191329.947033, 5, 31
0.1607494354248047, 1623191329.9471064, 5, 24
0.16073346138000488, 1623191329.9471807, 5, 38
0.16071653366088867, 1623191329.9472568, 5, 48
0.16070032119750977, 1623191329.947332, 5, 49
0.16067981719970703, 1623191329.9474063, 5, 36
0.16066241264343262, 1623191329.947481, 5, 41
0.1606452465057373, 1623191329.9475555, 5, 33
0.1606287956237793, 1623191329.9476306, 5, 41
0.16061115264892578, 1623191329.9477046, 5, 29
0.16059398651123047, 1623191329.9477777, 5, 26
0.1606755256652832, 1623191329.9479496, 5, 20
0.16072344779968262, 1623191329.9480875, 5, 27
0.16075468063354492, 1623191329.9482088, 5, 48
0.1607823371887207, 1623191329.948327, 5, 16
0.16080856323242188, 1623191329.9484441, 5, 28
0.16083860397338867, 1623191329.9485645, 5, 33
0.16083478927612305, 1623191329.9486868, 5, 18
0.16094064712524414, 1623191329.9488904, 5, 25
0.1610703468322754, 1623191329.9491441, 5, 24
0.1610550880432129, 1623191329.9492645, 5, 27
0.16104555130004883, 1623191329.9493709, 5, 44
0.16104626655578613, 1623191329.9494762, 5, 40
0.16105079650878906, 1623191329.9495733, 5, 36
0.16103839874267578, 1623191329.949653, 5, 34
0.1610245704650879, 1623191329.9497306, 5, 45
0.16100859642028809, 1623191329.949806, 5, 42
0.160994291305542, 1623191329.949883, 5, 36
0.1609811782836914, 1623191329.9499605, 5, 52
0.16096830368041992, 1623191329.9500394, 5, 41
0.16096711158752441, 1623191329.9501321, 5, 30
0.1609334945678711, 1623191329.9502087, 5, 54
0.16091537475585938, 1623191329.9502828, 5, 31
0.16085505485534668, 1623191329.950356, 5, 22
0.16081476211547852, 1623191329.9504285, 5, 29
0.16079354286193848, 1623191329.9505012, 5, 24
0.16077494621276855, 1623191329.950575, 5, 49
0.16075444221496582, 1623191329.950648, 5, 44
0.1607341766357422, 1623191329.9507205, 5, 20
0.16071438789367676, 1623191329.950793, 5, 46
0.16069507598876953, 1623191329.9508665, 5, 47
0.1606755256652832, 1623191329.950939, 5, 28
0.16065454483032227, 1623191329.9510121, 5, 40
0.16063284873962402, 1623191329.9510846, 5, 31
0.1606132984161377, 1623191329.9511564, 5, 48
0.16059422492980957, 1623191329.95123, 5, 33
0.16057538986206055, 1623191329.9513023, 5, 25
0.16055679321289062, 1623191329.951375, 5, 41
0.1605367660522461, 1623191329.9514475, 5, 23
0.16051816940307617, 1623191329.9515204, 5, 43
0.16049861907958984, 1623191329.951593, 5, 36
0.16050314903259277, 1623191329.9516888, 5, 35
0.16048645973205566, 1623191329.9517632, 5, 22
0.16048336029052734, 1623191329.9518502, 5, 24
0.16046762466430664, 1623191329.9519258, 5, 32
0.16046500205993652, 1623191329.952016, 5, 35
0.1604456901550293, 1623191329.9520893, 5, 38
0.16042828559875488, 1623191329.952164, 5, 45
0.16036343574523926, 1623191329.9522374, 5, 30
0.1603410243988037, 1623191329.9523098, 5, 51
0.16031408309936523, 1623191329.9523816, 5, 32
0.1602938175201416, 1623191329.952454, 5, 37
0.16027379035949707, 1623191329.9525266, 5, 29
0.16025447845458984, 1623191329.952599, 5, 36
0.1602342128753662, 1623191329.9526713, 5, 36
0.16021418571472168, 1623191329.952743, 5, 32
0.16019463539123535, 1623191329.9528155, 5, 45
0.1601734161376953, 1623191329.9528883, 5, 39
0.16015386581420898, 1623191329.9529607, 5, 54
0.16013312339782715, 1623191329.9530325, 5, 25
0.16011357307434082, 1623191329.953104, 5, 41
0.1600947380065918, 1623191329.9531767, 5, 39
0.16007471084594727, 1623191329.953249, 5, 43
0.16005563735961914, 1623191329.9533217, 5, 26
0.1600351333618164, 1623191329.9533937, 5, 44
0.16001486778259277, 1623191329.953466, 5, 46
0.15999555587768555, 1623191329.953538, 5, 62
0.15997862815856934, 1623191329.953613, 5, 45
0.15996026992797852, 1623191329.953687, 5, 32
0.1599421501159668, 1623191329.95376, 5, 40
0.15992140769958496, 1623191329.953833, 5, 44
0.15990281105041504, 1623191329.9539056, 5, 24
0.15988373756408691, 1623191329.9539773, 5, 21
0.15986371040344238, 1623191329.9540484, 5, 21
0.15984392166137695, 1623191329.9541206, 5, 41
0.15982389450073242, 1623191329.9541924, 5, 25
0.1598515510559082, 1623191329.9543245, 5, 62
0.15987300872802734, 1623191329.9544365, 5, 25
0.15987038612365723, 1623191329.954523, 5, 30
0.15987110137939453, 1623191329.9546263, 5, 39
0.15978622436523438, 1623191329.9547029, 5, 30
0.15976548194885254, 1623191329.9547765, 5, 21
0.15974164009094238, 1623191329.9548497, 5, 35
0.15972232818603516, 1623191329.9549224, 5, 47
0.15970253944396973, 1623191329.954995, 5, 29
0.1596822738647461, 1623191329.9550664, 5, 27
0.15966343879699707, 1623191329.9551392, 5, 40
0.15964603424072266, 1623191329.9552145, 5, 39
0.15962719917297363, 1623191329.9552875, 5, 24
0.1596078872680664, 1623191329.9553595, 5, 30
0.1595773696899414, 1623191329.9554322, 5, 16
0.1595618724822998, 1623191329.9555054, 5, 38
0.15954208374023438, 1623191329.9555776, 5, 29
0.15954017639160156, 1623191329.955665, 5, 19
0.15952467918395996, 1623191329.9557405, 5, 26
0.1595306396484375, 1623191329.9558392, 5, 29
0.1595160961151123, 1623191329.9559155, 5, 44
0.15949630737304688, 1623191329.9559886, 5, 29
0.15947818756103516, 1623191329.9560618, 5, 46
0.15948152542114258, 1623191329.9561565, 5, 42
0.15946722030639648, 1623191329.9562342, 5, 47
0.15944957733154297, 1623191329.9563076, 5, 19
0.15943169593811035, 1623191329.9563804, 5, 26
0.15941572189331055, 1623191329.956454, 5, 39
0.15939784049987793, 1623191329.9565277, 5, 33
0.159379243850708, 1623191329.9566004, 5, 29
0.15935969352722168, 1623191329.956672, 5, 29
0.15932345390319824, 1623191329.9567444, 5, 22
0.15929889678955078, 1623191329.9568167, 5, 33
0.15928101539611816, 1623191329.9568894, 5, 54
0.15926074981689453, 1623191329.9569616, 5, 51
0.1592409610748291, 1623191329.9570343, 5, 52
0.15922141075134277, 1623191329.957106, 5, 15
0.15920209884643555, 1623191329.9571784, 5, 38
0.15920519828796387, 1623191329.9572723, 5, 28
0.15915465354919434, 1623191329.9573479, 5, 23
0.15913605690002441, 1623191329.9574227, 5, 52
0.1591646671295166, 1623191329.957576, 5, 54
0.15915918350219727, 1623191329.9576762, 5, 21
0.1591503620147705, 1623191329.9577522, 5, 63
0.15912938117980957, 1623191329.9578261, 5, 43
0.15910959243774414, 1623191329.9578989, 5, 47
0.15909051895141602, 1623191329.957972, 5, 43
0.15906953811645508, 1623191329.9580424, 5, 23
0.15909981727600098, 1623191329.958163, 5, 49
0.15908241271972656, 1623191329.9582376, 5, 25
0.15906476974487305, 1623191329.9583113, 5, 47
0.15904664993286133, 1623191329.958384, 5, 29
0.1590285301208496, 1623191329.958458, 5, 39
0.165496826171875, 1623191329.965018, 5, 49
0.16568517684936523, 1623191329.9652972, 5, 43
0.16591262817382812, 1623191329.9656165, 5, 34
0.16620969772338867, 1623191329.9660041, 5, 54
0.16640496253967285, 1623191329.9663224, 5, 23
0.1665639877319336, 1623191329.9665737, 5, 42
0.1667952537536621, 1623191329.9668965, 5, 34
0.1670997142791748, 1623191329.9672928, 5, 44
0.167283296585083, 1623191329.9675682, 5, 34
0.16750359535217285, 1623191329.9678807, 5, 47
0.16768383979797363, 1623191329.9681525, 5, 40
0.16784906387329102, 1623191329.96841, 5, 44
0.168015718460083, 1623191329.9686682, 5, 28
0.16815781593322754, 1623191329.9689007, 5, 25
0.16827654838562012, 1623191329.9691105, 5, 24
0.16832304000854492, 1623191329.9692469, 5, 24
0.1683671474456787, 1623191329.9693813, 5, 41
0.16840648651123047, 1623191329.9695141, 5, 26
0.1684401035308838, 1623191329.9696383, 5, 22
0.16848111152648926, 1623191329.9697695, 5, 48
0.1685199737548828, 1623191329.9699001, 5, 25
0.16855764389038086, 1623191329.9700286, 5, 21
0.1685960292816162, 1623191329.9701576, 5, 29
0.16863489151000977, 1623191329.9702868, 5, 55
0.16863369941711426, 1623191329.9703763, 5, 27
0.16861653327941895, 1623191329.970452, 5, 54
0.16864919662475586, 1623191329.9705772, 5, 39
0.1686856746673584, 1623191329.9707048, 5, 47
0.16869401931762695, 1623191329.9708035, 5, 42
0.1686697006225586, 1623191329.9708695, 5, 46
0.16878724098205566, 1623191329.9710793, 5, 31
0.16881275177001953, 1623191329.9711957, 5, 27
0.16883182525634766, 1623191329.9713073, 5, 31
0.1688532829284668, 1623191329.9714189, 5, 23
0.16887474060058594, 1623191329.9715302, 5, 49
0.16889476776123047, 1623191329.971642, 5, 55
0.1689140796661377, 1623191329.9717522, 5, 26
0.1690216064453125, 1623191329.9719498, 5, 41
0.16907167434692383, 1623191329.9720914, 5, 39
0.1690967082977295, 1623191329.9722073, 5, 27
0.16911792755126953, 1623191329.9723186, 5, 17
0.16912150382995605, 1623191329.9724302, 5, 45
0.16911792755126953, 1623191329.9725418, 5, 36
0.16913151741027832, 1623191329.972652, 5, 51
0.16914939880371094, 1623191329.9727626, 5, 17
0.16916990280151367, 1623191329.972874, 5, 35
0.1691901683807373, 1623191329.9729848, 5, 24
0.16917872428894043, 1623191329.9730961, 5, 50
0.16919755935668945, 1623191329.9732068, 5, 26
0.16921544075012207, 1623191329.9733179, 5, 47
0.1693868637084961, 1623191329.9735932, 5, 61
0.16943120956420898, 1623191329.9737918, 5, 44
0.16953277587890625, 1623191329.9740036, 5, 33
0.16983890533447266, 1623191329.9744031, 5, 31
0.17007708549499512, 1623191329.9747326, 5, 24
0.17029857635498047, 1623191329.9750469, 5, 38
0.17043828964233398, 1623191329.97528, 5, 16
0.17056536674499512, 1623191329.9754944, 5, 51
0.17068743705749512, 1623191329.9757082, 5, 19
0.17101168632507324, 1623191329.9761267, 5, 54
0.17121100425720215, 1623191329.9764156, 5, 36
0.1714019775390625, 1623191329.9766974, 5, 30
0.17162799835205078, 1623191329.9770143, 5, 38
0.17182159423828125, 1623191329.9772995, 5, 31
0.17203307151794434, 1623191329.977603, 5, 40
0.17220568656921387, 1623191329.9778671, 5, 31
0.17234539985656738, 1623191329.978098, 5, 25
0.1724700927734375, 1623191329.978314, 5, 58
0.1724987030029297, 1623191329.9784365, 5, 42
0.17252731323242188, 1623191329.9785564, 5, 50
0.17265081405639648, 1623191329.9787714, 5, 20
0.17267894744873047, 1623191329.9788904, 5, 30
0.17270469665527344, 1623191329.9790063, 5, 38
0.1727278232574463, 1623191329.9791198, 5, 25
0.17275118827819824, 1623191329.979234, 5, 40
0.17277312278747559, 1623191329.9793472, 5, 19
0.17279410362243652, 1623191329.9794593, 5, 19
0.17281651496887207, 1623191329.9795718, 5, 24
0.17284011840820312, 1623191329.979685, 5, 37
0.1731576919555664, 1623191329.9800935, 5, 30
0.17321538925170898, 1623191329.9802432, 5, 47
0.17325091361999512, 1623191329.9803712, 5, 26
0.17328143119812012, 1623191329.980492, 5, 22
0.1733100414276123, 1623191329.9806104, 5, 42
0.17333650588989258, 1623191329.9807272, 5, 56
0.17336273193359375, 1623191329.9808443, 5, 45
0.1733865737915039, 1623191329.98096, 5, 35
0.17343640327453613, 1623191329.981096, 5, 31
0.1734621524810791, 1623191329.9812086, 5, 49
0.17343974113464355, 1623191329.9813228, 5, 50
0.17335939407348633, 1623191329.981434, 5, 33
0.1733260154724121, 1623191329.981545, 5, 31
0.17332124710083008, 1623191329.981655, 5, 34
0.173325777053833, 1623191329.9817657, 5, 41
0.17330026626586914, 1623191329.9818769, 5, 39
0.17326664924621582, 1623191329.9819868, 5, 44
0.17328143119812012, 1623191329.9820957, 5, 27
0.1732923984527588, 1623191329.9822052, 5, 48
0.17330408096313477, 1623191329.9823146, 5, 33
0.17331647872924805, 1623191329.9824243, 5, 42
0.17333054542541504, 1623191329.9825335, 5, 30
0.17334485054016113, 1623191329.9826436, 5, 43
0.17335820198059082, 1623191329.9827542, 5, 44
0.173370361328125, 1623191329.9828641, 5, 21
0.173386812210083, 1623191329.982975, 5, 33
0.17340421676635742, 1623191329.983086, 5, 38
0.17341828346252441, 1623191329.9831955, 5, 26
0.1734323501586914, 1623191329.9833047, 5, 36
0.1734464168548584, 1623191329.983414, 5, 41
0.17345929145812988, 1623191329.983522, 5, 31
0.17347407341003418, 1623191329.983631, 5, 35
0.17348790168762207, 1623191329.9837399, 5, 38
0.17350292205810547, 1623191329.9838512, 5, 43
0.17368459701538086, 1623191329.9841273, 5, 27
0.17373013496398926, 1623191329.9842677, 5, 37
0.17392349243164062, 1623191329.9845555, 5, 39
0.17418694496154785, 1623191329.9849155, 5, 38
0.17436480522155762, 1623191329.9851882, 5, 26
0.17451763153076172, 1623191329.985436, 5, 39
0.17468953132629395, 1623191329.9857037, 5, 35
0.17486858367919922, 1623191329.9859784, 5, 35
0.17505598068237305, 1623191329.9862604, 5, 45
0.17522692680358887, 1623191329.986526, 5, 20
0.17546796798706055, 1623191329.986861, 5, 22
0.17555451393127441, 1623191329.9870408, 5, 42
0.17558789253234863, 1623191329.9871693, 5, 35
0.175612211227417, 1623191329.9872887, 5, 21
0.17560982704162598, 1623191329.9874053, 5, 47
0.17559361457824707, 1623191329.98752, 5, 26
0.1756119728088379, 1623191329.9876332, 5, 44
0.1756305694580078, 1623191329.987747, 5, 42
0.17572498321533203, 1623191329.9879367, 5, 51
0.17576169967651367, 1623191329.988068, 5, 16
0.17578697204589844, 1623191329.9881873, 5, 49
0.17580866813659668, 1623191329.9883034, 5, 44
0.175828218460083, 1623191329.988418, 5, 43
0.17584586143493652, 1623191329.988531, 5, 26
0.17586469650268555, 1623191329.9886444, 5, 37
0.17588329315185547, 1623191329.9887567, 5, 28
0.1759026050567627, 1623191329.9888701, 5, 29
0.17594122886657715, 1623191329.9890046, 5, 45
0.17595791816711426, 1623191329.989116, 5, 49
0.17597508430480957, 1623191329.9892287, 5, 41
0.17599248886108398, 1623191329.989341, 5, 27
0.1760096549987793, 1623191329.9894524, 5, 40
0.1760263442993164, 1623191329.9895637, 5, 32
0.17604279518127441, 1623191329.989674, 5, 29
0.17605876922607422, 1623191329.9897847, 5, 55
0.17607545852661133, 1623191329.9898965, 5, 23
0.17609047889709473, 1623191329.990007, 5, 47
0.17609381675720215, 1623191329.9901175, 5, 32
0.1760423183441162, 1623191329.9902287, 5, 25
0.1760547161102295, 1623191329.990341, 5, 26
0.1760702133178711, 1623191329.9904523, 5, 31
0.1761000156402588, 1623191329.9905818, 5, 50
0.1761186122894287, 1623191329.9906955, 5, 27
0.17613768577575684, 1623191329.9908075, 5, 27
0.17615699768066406, 1623191329.9909189, 5, 40
0.17617392539978027, 1623191329.9910307, 5, 49
0.17619013786315918, 1623191329.991142, 5, 28
0.17620635032653809, 1623191329.9912536, 5, 41
0.1762228012084961, 1623191329.9913652, 5, 47
0.1762382984161377, 1623191329.9914758, 5, 17
0.1762559413909912, 1623191329.9915876, 5, 45
0.17627596855163574, 1623191329.991702, 5, 40
0.17629313468933105, 1623191329.9918208, 5, 32
0.17639374732971191, 1623191329.9920166, 5, 29
0.17641305923461914, 1623191329.992131, 5, 54
0.17639541625976562, 1623191329.9922435, 5, 32
0.17641139030456543, 1623191329.992356, 5, 12
0.17642641067504883, 1623191329.9924679, 5, 24
0.17644262313842773, 1623191329.992579, 5, 42
0.176466703414917, 1623191329.992698, 5, 14
0.17661094665527344, 1623191329.9929373, 5, 53
0.1767256259918213, 1623191329.9931476, 5, 54
0.17676591873168945, 1623191329.993283, 5, 34
0.17679452896118164, 1623191329.9934068, 5, 27
0.17681598663330078, 1623191329.993525, 5, 45
0.17683672904968262, 1623191329.9936407, 5, 49
0.17685484886169434, 1623191329.9937549, 5, 52
0.17687296867370605, 1623191329.9938686, 5, 35
0.17689108848571777, 1623191329.9939823, 5, 57
0.1769084930419922, 1623191329.9940948, 5, 24
0.1769249439239502, 1623191329.9942057, 5, 50
0.1769418716430664, 1623191329.994317, 5, 27
0.17695832252502441, 1623191329.9944282, 5, 27
0.17697453498840332, 1623191329.994539, 5, 23
0.17699074745178223, 1623191329.9946496, 5, 31
0.17700767517089844, 1623191329.9947608, 5, 44
0.17702889442443848, 1623191329.9948761, 5, 40
0.17704296112060547, 1623191329.9949877, 5, 32
0.1770460605621338, 1623191329.9950995, 5, 26
0.1770639419555664, 1623191329.9952126, 5, 33
0.17708206176757812, 1623191329.9953249, 5, 55
0.17709922790527344, 1623191329.9954374, 5, 37
0.17711734771728516, 1623191329.9955494, 5, 23
0.17713451385498047, 1623191329.9956615, 5, 41
0.17715072631835938, 1623191329.9957736, 5, 33
0.1772153377532959, 1623191329.9959333, 5, 25
0.17720270156860352, 1623191329.9960468, 5, 47
0.17722558975219727, 1623191329.9961603, 5, 46
0.1772441864013672, 1623191329.9962723, 5, 29
0.17724084854125977, 1623191329.9963849, 5, 20
0.17725777626037598, 1623191329.9964967, 5, 30
0.1772758960723877, 1623191329.996609, 5, 37
0.1772921085357666, 1623191329.9967206, 5, 61
0.1773080825805664, 1623191329.996832, 5, 27
0.17732501029968262, 1623191329.9969435, 5, 40
0.17734265327453613, 1623191329.9970558, 5, 37
0.17735981941223145, 1623191329.9971676, 5, 42
0.17734313011169434, 1623191329.9972794, 5, 50
0.17735695838928223, 1623191329.99739, 5, 30
0.17737245559692383, 1623191329.9975014, 5, 41
0.17738795280456543, 1623191329.9976125, 5, 35
0.17740345001220703, 1623191329.9977255, 5, 48
0.17741918563842773, 1623191329.9978373, 5, 52
0.17743659019470215, 1623191329.9979486, 5, 20
0.17748093605041504, 1623191329.998087, 5, 46
0.17750787734985352, 1623191329.998209, 5, 32
0.17752432823181152, 1623191329.9983203, 5, 48
0.1775505542755127, 1623191329.9984415, 5, 35
0.1775674819946289, 1623191329.9985535, 5, 57
0.17758512496948242, 1623191329.9986663, 5, 52
0.17760252952575684, 1623191329.9987786, 5, 26
0.1775655746459961, 1623191329.99889, 5, 24
0.17760396003723145, 1623191329.9990294, 5, 41
0.17762422561645508, 1623191329.999148, 5, 33
0.1776411533355713, 1623191329.9992607, 5, 53
0.17772221565246582, 1623191329.9994369, 5, 40
0.17774558067321777, 1623191329.9995556, 5, 32
0.1777629852294922, 1623191329.9996672, 5, 34
0.1777808666229248, 1623191329.9997797, 5, 38
0.1778414249420166, 1623191329.9999347, 5, 21
0.17786026000976562, 1623191330.000048, 5, 21
0.17787766456604004, 1623191330.0001595, 5, 41
0.17787790298461914, 1623191330.000272, 5, 52
0.17785358428955078, 1623191330.0003843, 5, 28
0.17786550521850586, 1623191330.0004954, 5, 26
0.17787933349609375, 1623191330.000607, 5, 50
0.17789840698242188, 1623191330.0007212, 5, 27
0.17791533470153809, 1623191330.0008326, 5, 48
0.1779322624206543, 1623191330.000944, 5, 46
0.1779499053955078, 1623191330.001056, 5, 38
0.17796564102172852, 1623191330.0011668, 5, 41
0.17793822288513184, 1623191330.0012777, 5, 27
0.17795467376708984, 1623191330.0013885, 5, 35
0.17797088623046875, 1623191330.001499, 5, 18
0.17798686027526855, 1623191330.0016098, 5, 58
0.17800450325012207, 1623191330.0017211, 5, 31
0.1780233383178711, 1623191330.0018334, 5, 38
0.1779947280883789, 1623191330.0019443, 5, 19
0.17797541618347168, 1623191330.002069, 5, 49
0.17798447608947754, 1623191330.002178, 5, 37
0.17799687385559082, 1623191330.002287, 5, 34
0.1780104637145996, 1623191330.0023952, 5, 44
0.1780226230621338, 1623191330.0025046, 5, 39
0.1780414581298828, 1623191330.0026133, 5, 37
0.1780552864074707, 1623191330.0027215, 5, 38
0.1780710220336914, 1623191330.0028303, 5, 53
0.1780848503112793, 1623191330.00294, 5, 23
0.17814397811889648, 1623191330.0030932, 5, 39
0.17815804481506348, 1623191330.0032022, 5, 42
0.17816829681396484, 1623191330.0033092, 5, 33
0.17817950248718262, 1623191330.0034149, 5, 34
0.1781911849975586, 1623191330.0035222, 5, 29
0.17820286750793457, 1623191330.003628, 5, 40
0.17821478843688965, 1623191330.003734, 5, 50
0.17823314666748047, 1623191330.0038466, 5, 36
0.17830514907836914, 1623191330.0040126, 5, 33
0.1783158779144287, 1623191330.0041165, 5, 31
0.17832589149475098, 1623191330.00422, 5, 29
0.17833733558654785, 1623191330.0043247, 5, 37
0.1783461570739746, 1623191330.0044281, 5, 16
0.17835450172424316, 1623191330.0045307, 5, 29
0.17836451530456543, 1623191330.004634, 5, 31
0.17836999893188477, 1623191330.0047362, 5, 28
0.17837953567504883, 1623191330.0048397, 5, 37
0.1783885955810547, 1623191330.004943, 5, 26
0.17841076850891113, 1623191330.005059, 5, 28
0.17841720581054688, 1623191330.005159, 5, 26
0.17842364311218262, 1623191330.0052588, 5, 33
0.17842984199523926, 1623191330.0053587, 5, 24
0.1784355640411377, 1623191330.0054584, 5, 26
0.1784229278564453, 1623191330.0055583, 5, 27
0.17842936515808105, 1623191330.0056581, 5, 15
0.178436279296875, 1623191330.0057583, 5, 34
0.17844152450561523, 1623191330.0058584, 5, 37
0.17844629287719727, 1623191330.0059583, 5, 31
0.17844724655151367, 1623191330.0060582, 5, 58
0.17846274375915527, 1623191330.006168, 5, 29
0.17846894264221191, 1623191330.0062692, 5, 49
0.17844247817993164, 1623191330.0063698, 5, 29
0.17844939231872559, 1623191330.0064712, 5, 36
0.17851638793945312, 1623191330.0066524, 5, 23
0.1785449981689453, 1623191330.0067763, 5, 48
0.1785595417022705, 1623191330.006886, 5, 22
0.1785728931427002, 1623191330.0069926, 5, 36
0.17858409881591797, 1623191330.0070968, 5, 31
0.17859244346618652, 1623191330.0071986, 5, 15
0.17860054969787598, 1623191330.0073, 5, 21
0.1786060333251953, 1623191330.007402, 5, 34
0.17861223220825195, 1623191330.0075028, 5, 36
0.1786186695098877, 1623191330.0076032, 5, 32
0.17862629890441895, 1623191330.0077035, 5, 19
0.17863869667053223, 1623191330.007809, 5, 24
0.17871904373168945, 1623191330.0079842, 5, 45
0.17874860763549805, 1623191330.0081084, 5, 46
0.17876672744750977, 1623191330.0082211, 5, 41
0.17878103256225586, 1623191330.0083292, 5, 35
0.17878985404968262, 1623191330.0084357, 5, 39
0.17879986763000488, 1623191330.0085406, 5, 34
0.17880845069885254, 1623191330.0086443, 5, 31
0.1788175106048584, 1623191330.0087476, 5, 37
0.17882370948791504, 1623191330.00885, 5, 35
0.1788325309753418, 1623191330.008954, 5, 26
0.17892074584960938, 1623191330.0091364, 5, 33
0.17910265922546387, 1623191330.0094118, 5, 28
0.1791853904724121, 1623191330.009588, 5, 33
0.17937779426574707, 1623191330.0098746, 5, 36
0.179457426071167, 1623191330.0100482, 5, 33
0.17936134338378906, 1623191330.0101616, 5, 48
0.17934036254882812, 1623191330.01027, 5, 28
0.17926907539367676, 1623191330.0103757, 5, 47
0.17919468879699707, 1623191330.0104797, 5, 41
0.17911386489868164, 1623191330.0105817, 5, 45
0.17903923988342285, 1623191330.0106843, 5, 44
0.17896342277526855, 1623191330.0107856, 5, 36
0.1788647174835205, 1623191330.0108879, 5, 36
0.1787879467010498, 1623191330.01099, 5, 41
0.17880678176879883, 1623191330.011138, 5, 51
0.17880487442016602, 1623191330.0112438, 5, 44
0.17908072471618652, 1623191330.0116258, 5, 28
0.1790924072265625, 1623191330.0117307, 5, 28
0.17904210090637207, 1623191330.0118382, 5, 32
0.179060697555542, 1623191330.011987, 5, 60
0.17899727821350098, 1623191330.012089, 5, 21
0.17899274826049805, 1623191330.0121896, 5, 20
0.17899680137634277, 1623191330.012291, 5, 37
0.1790003776550293, 1623191330.012392, 5, 26
0.17900753021240234, 1623191330.0124948, 5, 40
0.17900967597961426, 1623191330.0125952, 5, 22
0.1790144443511963, 1623191330.0126963, 5, 36
0.17901897430419922, 1623191330.0127966, 5, 38
0.17902302742004395, 1623191330.0128968, 5, 47
0.17911410331726074, 1623191330.0130842, 5, 36
0.17914533615112305, 1623191330.0132113, 5, 33
0.17916321754455566, 1623191330.0133243, 5, 40
0.17917799949645996, 1623191330.013434, 5, 20
0.17918872833251953, 1623191330.0135398, 5, 42
0.1791985034942627, 1623191330.013644, 5, 26
0.17919445037841797, 1623191330.0137482, 5, 39
0.17915987968444824, 1623191330.013852, 5, 40
0.179152250289917, 1623191330.013955, 5, 41
0.17915797233581543, 1623191330.0140579, 5, 41
0.17916536331176758, 1623191330.0141609, 5, 36
0.17917180061340332, 1623191330.0142624, 5, 32
0.17918014526367188, 1623191330.0143654, 5, 46
0.1791980266571045, 1623191330.014479, 5, 37
0.17920660972595215, 1623191330.014582, 5, 34
0.1792154312133789, 1623191330.0146852, 5, 37
0.17922329902648926, 1623191330.014788, 5, 37
0.1792311668395996, 1623191330.0148907, 5, 50
0.17923784255981445, 1623191330.0149932, 5, 29
0.1791820526123047, 1623191330.0150957, 5, 40
0.17914104461669922, 1623191330.0152001, 5, 35
0.17913079261779785, 1623191330.0153034, 5, 23
0.17912960052490234, 1623191330.0154068, 5, 43
0.17911028861999512, 1623191330.0155098, 5, 26
0.17911124229431152, 1623191330.0156112, 5, 21
0.17911505699157715, 1623191330.0157132, 5, 45
0.17917180061340332, 1623191330.0158682, 5, 40
0.1791830062866211, 1623191330.0159762, 5, 18
0.17919158935546875, 1623191330.0160794, 5, 19
0.1791999340057373, 1623191330.0161824, 5, 30
0.17920708656311035, 1623191330.0162854, 5, 47
0.17921137809753418, 1623191330.016388, 5, 30
0.17921876907348633, 1623191330.0164914, 5, 51
0.17922663688659668, 1623191330.0165944, 5, 56
0.17923450469970703, 1623191330.0166974, 5, 30
0.17924284934997559, 1623191330.0167992, 5, 27
0.17925167083740234, 1623191330.0169015, 5, 35
0.1792588233947754, 1623191330.0170038, 5, 29
0.17926692962646484, 1623191330.0171063, 5, 27
0.1792752742767334, 1623191330.0172083, 5, 24
0.17928433418273926, 1623191330.0173109, 5, 26
0.17927026748657227, 1623191330.0174143, 5, 34
0.17925214767456055, 1623191330.0175176, 5, 28
0.17925643920898438, 1623191330.0176215, 5, 49
0.17927289009094238, 1623191330.017734, 5, 51
0.17928624153137207, 1623191330.0178428, 5, 37
0.17929506301879883, 1623191330.0179472, 5, 34
0.1793041229248047, 1623191330.0180511, 5, 23
0.17931246757507324, 1623191330.0181541, 5, 47
0.17930173873901367, 1623191330.0182576, 5, 42
0.17930817604064941, 1623191330.0183606, 5, 20
0.17927050590515137, 1623191330.018463, 5, 30
0.17927312850952148, 1623191330.0185657, 5, 54
0.17928004264831543, 1623191330.018669, 5, 34
0.17928647994995117, 1623191330.0187712, 5, 23
0.1792919635772705, 1623191330.0188735, 5, 36
0.1793060302734375, 1623191330.0189834, 5, 36
0.1793220043182373, 1623191330.0190945, 5, 39
0.17929983139038086, 1623191330.0191991, 5, 34
0.1793069839477539, 1623191330.0193024, 5, 14
0.17931389808654785, 1623191330.0194037, 5, 47
0.1793220043182373, 1623191330.019506, 5, 41
0.1794416904449463, 1623191330.0197196, 5, 39
0.17960119247436523, 1623191330.0199728, 5, 25
0.17969369888305664, 1623191330.0201592, 5, 30
0.17971396446228027, 1623191330.0202725, 5, 19
0.17980313301086426, 1623191330.0204554, 5, 26
0.17983436584472656, 1623191330.0205822, 5, 53
0.17986822128295898, 1623191330.0207105, 5, 52
0.179884672164917, 1623191330.0208218, 5, 44
0.17989850044250488, 1623191330.0209305, 5, 28
0.17990970611572266, 1623191330.0210354, 5, 43
0.17992377281188965, 1623191330.0211449, 5, 32
0.17993712425231934, 1623191330.021251, 5, 26
0.1799466609954834, 1623191330.0213537, 5, 29
0.17995500564575195, 1623191330.0214555, 5, 36
0.1799626350402832, 1623191330.0215576, 5, 50
0.17997074127197266, 1623191330.0216596, 5, 23
0.17998003959655762, 1623191330.0217621, 5, 37
0.17998623847961426, 1623191330.021863, 5, 27
0.17999267578125, 1623191330.0219648, 5, 29
0.1800096035003662, 1623191330.0220747, 5, 21
0.18001127243041992, 1623191330.0221765, 5, 33
0.180039644241333, 1623191330.022301, 5, 43
0.18004703521728516, 1623191330.0224032, 5, 34
0.1800539493560791, 1623191330.0225043, 5, 32
0.18006062507629395, 1623191330.0226054, 5, 38
0.1800675392150879, 1623191330.0227067, 5, 37
0.18007445335388184, 1623191330.022808, 5, 37
0.18007969856262207, 1623191330.0229082, 5, 36
0.1800858974456787, 1623191330.0230083, 5, 56
0.18009305000305176, 1623191330.02311, 5, 26
0.1800997257232666, 1623191330.02321, 5, 28
0.18010544776916504, 1623191330.0233114, 5, 33
0.18009233474731445, 1623191330.023412, 5, 39
0.1801011562347412, 1623191330.0235157, 5, 31
0.18010878562927246, 1623191330.0236166, 5, 50
0.1801154613494873, 1623191330.0237176, 5, 24
0.1801290512084961, 1623191330.023826, 5, 48
0.18019390106201172, 1623191330.0239851, 5, 56
0.18017053604125977, 1623191330.0240872, 5, 34
0.18017578125, 1623191330.024188, 5, 29
0.18018293380737305, 1623191330.0242894, 5, 34
0.18018817901611328, 1623191330.0243902, 5, 42
0.18026947975158691, 1623191330.024567, 5, 28
0.18029284477233887, 1623191330.024687, 5, 28
0.18031549453735352, 1623191330.0248032, 12, 10
