0.0013289451599121094, 1623191327.8055263, 5, 34
0.001219034194946289, 1623191327.8054163, 5, 34
0.0012309551239013672, 1623191327.80591, 5, 34
0.0012502670288085938, 1623191327.8059294, 5, 34
0.0011250972747802734, 1623191327.8061275, 5, 27
0.0011875629425048828, 1623191327.80619, 5, 27
0.0011746883392333984, 1623191327.8063545, 5, 52
0.0012738704681396484, 1623191327.8064537, 5, 52
0.0010242462158203125, 1623191327.806793, 5, 52
0.0011157989501953125, 1623191327.8068845, 5, 52
0.0007255077362060547, 1623191327.8072832, 5, 28
0.0007359981536865234, 1623191327.8072937, 5, 28
0.0006814002990722656, 1623191327.8077562, 5, 19
0.0006804466247558594, 1623191327.8077552, 5, 19
0.0007774829864501953, 1623191327.8083384, 5, 37
0.0008375644683837891, 1623191327.8083985, 5, 37
0.00067138671875, 1623191327.8086689, 5, 49
0.0007216930389404297, 1623191327.8087192, 5, 49
0.0008053779602050781, 1623191327.8089693, 5, 26
0.0008172988891601562, 1623191327.8089812, 5, 26
0.0007455348968505859, 1623191327.809344, 5, 58
0.0007216930389404297, 1623191327.8093202, 5, 58
0.0006375312805175781, 1623191327.8097537, 5, 19
0.0007448196411132812, 1623191327.809861, 5, 19
0.00072479248046875, 1623191327.8102405, 5, 34
0.0007581710815429688, 1623191327.810274, 5, 34
0.0008015632629394531, 1623191327.8105533, 5, 29
0.0008478164672851562, 1623191327.8105996, 5, 29
0.00048828125, 1623191327.810656, 5, 47
0.0005609989166259766, 1623191327.8107288, 5, 47
0.00047135353088378906, 1623191327.8113215, 5, 46
0.0004899501800537109, 1623191327.81134, 5, 46
0.0006072521209716797, 1623191327.811644, 5, 56
0.0006542205810546875, 1623191327.811691, 5, 56
0.0007803440093994141, 1623191327.8119698, 5, 26
0.0007839202880859375, 1623191327.8119733, 5, 26
0.0006253719329833984, 1623191327.8123553, 5, 43
0.0006814002990722656, 1623191327.8124113, 5, 43
0.0005850791931152344, 1623191327.8127453, 5, 29
0.0006418228149414062, 1623191327.812802, 5, 29
0.0004363059997558594, 1623191327.8130593, 5, 27
0.0004684925079345703, 1623191327.8130915, 5, 27
0.00036215782165527344, 1623191327.8133526, 5, 50
0.00039768218994140625, 1623191327.813388, 5, 50
0.0003616809844970703, 1623191327.8136432, 5, 33
0.00042366981506347656, 1623191327.8137052, 5, 33
0.0004076957702636719, 1623191327.8140097, 5, 51
0.0004444122314453125, 1623191327.8140464, 5, 51
0.00038814544677734375, 1623191327.814327, 5, 32
0.0004696846008300781, 1623191327.8144085, 5, 32
0.0003826618194580078, 1623191327.814645, 5, 31
0.0004687309265136719, 1623191327.8147311, 5, 31
0.0005016326904296875, 1623191327.8150675, 5, 44
0.0005056858062744141, 1623191327.8150716, 5, 44
0.0005297660827636719, 1623191327.8154576, 5, 42
0.0006105899810791016, 1623191327.8155384, 5, 42
0.00032806396484375, 1623191327.8155482, 5, 37
0.0004220008850097656, 1623191327.815642, 5, 37
0.0006110668182373047, 1623191327.8159814, 5, 37
0.0006685256958007812, 1623191327.8160388, 5, 37
0.0004603862762451172, 1623191327.8163385, 5, 50
0.0004665851593017578, 1623191327.8163447, 5, 50
0.0005381107330322266, 1623191327.8167148, 5, 18
0.0005869865417480469, 1623191327.8167636, 5, 18
0.0003216266632080078, 1623191327.8168094, 5, 17
0.00037288665771484375, 1623191327.8168607, 5, 17
0.0005254745483398438, 1623191327.8174345, 5, 42
0.00044918060302734375, 1623191327.8175557, 5, 46
0.0006661415100097656, 1623191327.8175752, 5, 42
0.0005617141723632812, 1623191327.8176682, 5, 46
0.0006191730499267578, 1623191327.8178751, 5, 23
0.0008420944213867188, 1623191327.818098, 5, 23
0.0007252693176269531, 1623191327.8184016, 5, 29
0.0007693767547607422, 1623191327.8184457, 5, 29
0.0006411075592041016, 1623191327.8184948, 5, 35
0.0006878376007080078, 1623191327.8185415, 5, 35
0.0008563995361328125, 1623191327.8191957, 5, 29
0.0009541511535644531, 1623191327.8192935, 5, 29
0.0007450580596923828, 1623191327.8195622, 5, 48
0.0007023811340332031, 1623191327.8196766, 5, 32
0.0008840560913085938, 1623191327.8197012, 5, 48
0.0008211135864257812, 1623191327.8197954, 5, 32
0.0009865760803222656, 1623191327.8200953, 5, 48
0.0007960796356201172, 1623191327.8201854, 5, 45
0.0010492801666259766, 1623191327.820158, 5, 48
0.00046539306640625, 1623191327.8203235, 5, 17
0.0009846687316894531, 1623191327.820374, 5, 45
0.0004699230194091797, 1623191327.820485, 5, 43
0.0006341934204101562, 1623191327.8204923, 5, 17
0.0006320476531982422, 1623191327.8206472, 5, 43
0.00029778480529785156, 1623191327.8210504, 5, 26
0.00036978721618652344, 1623191327.8211224, 5, 26
0.00040340423583984375, 1623191327.8213246, 5, 14
0.0003943443298339844, 1623191327.8213155, 5, 14
0.0005195140838623047, 1623191327.821592, 5, 39
0.0005819797515869141, 1623191327.8216546, 5, 39
0.00029540061950683594, 1623191327.8220878, 5, 47
0.0003247261047363281, 1623191327.822117, 5, 47
0.00030994415283203125, 1623191327.8222563, 5, 34
0.000385284423828125, 1623191327.8223317, 5, 34
0.0003046989440917969, 1623191327.8225508, 5, 23
0.0003528594970703125, 1623191327.822599, 5, 23
0.0002789497375488281, 1623191327.823002, 5, 17
0.00032639503479003906, 1623191327.8230495, 5, 17
0.00036907196044921875, 1623191327.8232172, 5, 49
0.00042510032653808594, 1623191327.8232732, 5, 49
0.0005388259887695312, 1623191327.823542, 5, 20
0.0005614757537841797, 1623191327.8235648, 5, 20
0.0003712177276611328, 1623191327.8240263, 5, 20
0.0004134178161621094, 1623191327.8240685, 5, 20
0.0004093647003173828, 1623191327.8242114, 5, 30
0.0004711151123046875, 1623191327.824273, 5, 30
0.0003688335418701172, 1623191327.8243768, 5, 28
0.0003814697265625, 1623191327.8243895, 5, 28
0.0003228187561035156, 1623191327.8248787, 5, 25
0.00037217140197753906, 1623191327.824928, 5, 25
0.00041174888610839844, 1623191327.8250873, 5, 41
0.0004565715789794922, 1623191327.8251321, 5, 41
0.0004322528839111328, 1623191327.8252327, 5, 36
0.0005164146423339844, 1623191327.825317, 5, 36
0.00030493736267089844, 1623191327.8257148, 5, 38
0.0003495216369628906, 1623191327.8257594, 5, 38
0.00037097930908203125, 1623191327.8259084, 5, 53
0.00039076805114746094, 1623191327.8259282, 5, 53
0.0003561973571777344, 1623191327.8260303, 5, 33
0.00045037269592285156, 1623191327.8261244, 5, 33
0.0003440380096435547, 1623191327.826565, 5, 42
0.000400543212890625, 1623191327.8266215, 5, 42
0.00037360191345214844, 1623191327.8267593, 5, 46
0.0004458427429199219, 1623191327.8268316, 5, 46
0.00037550926208496094, 1623191327.826904, 5, 36
0.00041294097900390625, 1623191327.8269415, 5, 36
0.0003173351287841797, 1623191327.8273895, 5, 35
0.00043964385986328125, 1623191327.8275118, 5, 35
0.0006551742553710938, 1623191327.827851, 5, 37
0.00072479248046875, 1623191327.8279207, 5, 37
0.0007309913635253906, 1623191327.8280456, 5, 34
0.0009284019470214844, 1623191327.828243, 5, 34
0.000537872314453125, 1623191327.8282635, 5, 44
0.0006968975067138672, 1623191327.8284225, 5, 44
0.0004355907440185547, 1623191327.8289945, 5, 47
0.00044989585876464844, 1623191327.8290088, 5, 47
0.000568389892578125, 1623191327.8292987, 5, 29
0.0006115436553955078, 1623191327.829342, 5, 29
0.0005528926849365234, 1623191327.8294566, 5, 38
0.0006120204925537109, 1623191327.8295157, 5, 38
0.0004436969757080078, 1623191327.8296125, 5, 51
0.0004565715789794922, 1623191327.8296254, 5, 51
0.00047135353088378906, 1623191327.830209, 5, 26
0.00047850608825683594, 1623191327.8302162, 5, 26
0.00044155120849609375, 1623191327.8303666, 5, 32
0.0004668235778808594, 1623191327.830392, 5, 32
0.00042724609375, 1623191327.8305185, 5, 13
0.00048542022705078125, 1623191327.8305767, 5, 13
0.0006740093231201172, 1623191327.8312054, 5, 61
0.0007872581481933594, 1623191327.8313186, 5, 61
0.0005035400390625, 1623191327.8313243, 5, 45
0.0005898475646972656, 1623191327.8314106, 5, 45
0.0005042552947998047, 1623191327.8314912, 5, 28
0.0006134510040283203, 1623191327.8316004, 5, 28
0.0004894733428955078, 1623191327.8316183, 5, 22
0.0006124973297119141, 1623191327.8317413, 5, 22
0.0005638599395751953, 1623191327.8320866, 5, 41
0.0007717609405517578, 1623191327.8322945, 5, 41
0.00045108795166015625, 1623191327.832532, 5, 43
0.00045871734619140625, 1623191327.8325396, 5, 43
0.00044655799865722656, 1623191327.8327754, 5, 23
0.00046825408935546875, 1623191327.833014, 5, 28
0.0004315376281738281, 1623191327.8332047, 5, 32
0.0008897781372070312, 1623191327.8332186, 5, 23
0.0007677078247070312, 1623191327.8333135, 5, 28
0.0006353855133056641, 1623191327.8334086, 5, 32
0.0005042552947998047, 1623191327.833481, 5, 30
0.0006387233734130859, 1623191327.8336155, 5, 30
0.0006501674652099609, 1623191327.8337357, 5, 30
0.0006830692291259766, 1623191327.8337686, 5, 30
0.0007328987121582031, 1623191327.833998, 5, 23
0.000732421875, 1623191327.834187, 5, 24
0.0006239414215087891, 1623191327.834391, 5, 37
0.0011296272277832031, 1623191327.8343947, 5, 23
0.0010883808135986328, 1623191327.834543, 5, 24
0.0005991458892822266, 1623191327.8345942, 5, 26
0.0008568763732910156, 1623191327.834624, 5, 37
0.0007376670837402344, 1623191327.8347328, 5, 26
0.0006237030029296875, 1623191327.834782, 5, 41
0.0007002353668212891, 1623191327.8348584, 5, 41
0.00074005126953125, 1623191327.8350148, 5, 31
0.0007812976837158203, 1623191327.835056, 5, 31
0.0006728172302246094, 1623191327.8352003, 5, 33
0.0007188320159912109, 1623191327.8352463, 5, 33
0.0004372596740722656, 1623191327.8353758, 5, 46
0.0004837512969970703, 1623191327.8354223, 5, 46
0.0004067420959472656, 1623191327.835638, 5, 34
0.00047278404235839844, 1623191327.835704, 5, 34
0.0004904270172119141, 1623191327.8359828, 5, 59
0.0005328655242919922, 1623191327.8360252, 5, 59
0.0005228519439697266, 1623191327.8362212, 5, 30
0.0005931854248046875, 1623191327.8362916, 5, 30
0.0006268024444580078, 1623191327.8364358, 5, 32
0.0006723403930664062, 1623191327.8364813, 5, 32
0.0004057884216308594, 1623191327.8366733, 5, 35
0.0004723072052001953, 1623191327.8367398, 5, 35
0.00034689903259277344, 1623191327.8368416, 5, 34
0.00037741661071777344, 1623191327.836872, 5, 34
0.00034499168395996094, 1623191327.8371093, 5, 50
0.00039458274841308594, 1623191327.837159, 5, 50
0.00037169456481933594, 1623191327.83745, 5, 40
0.0004341602325439453, 1623191327.8375125, 5, 40
0.0007944107055664062, 1623191327.838141, 5, 31
0.0008471012115478516, 1623191327.8381937, 5, 31
0.0008859634399414062, 1623191327.8384378, 5, 50
0.0009167194366455078, 1623191327.8384686, 5, 50
0.0009045600891113281, 1623191327.8388262, 5, 42
0.0009839534759521484, 1623191327.8389056, 5, 42
0.0010728836059570312, 1623191327.8392692, 5, 58
0.0010938644409179688, 1623191327.8392901, 5, 58
0.000972747802734375, 1623191327.8394644, 5, 45
0.0010044574737548828, 1623191327.8394961, 5, 45
0.0009336471557617188, 1623191327.83969, 5, 27
0.0009891986846923828, 1623191327.8397455, 5, 27
0.0007262229919433594, 1623191327.8399186, 5, 50
0.0008723735809326172, 1623191327.8400648, 5, 50
0.0007655620574951172, 1623191327.8402681, 5, 42
0.0008080005645751953, 1623191327.8403106, 5, 42
0.0008056163787841797, 1623191327.8405573, 5, 35
0.0008096694946289062, 1623191327.8405614, 5, 35
0.00057220458984375, 1623191327.8407335, 5, 15
0.0005402565002441406, 1623191327.8407016, 5, 15
0.00037980079650878906, 1623191327.8408387, 5, 22
0.00046896934509277344, 1623191327.8409278, 5, 22
0.0003361701965332031, 1623191327.8411021, 5, 28
0.0003600120544433594, 1623191327.841126, 5, 28
0.00027632713317871094, 1623191327.8413951, 5, 44
0.00036072731018066406, 1623191327.8414795, 5, 44
0.00038170814514160156, 1623191327.8416705, 5, 46
0.00043201446533203125, 1623191327.8417208, 5, 46
0.00041365623474121094, 1623191327.8418956, 5, 24
0.0004572868347167969, 1623191327.8419392, 5, 24
0.0005352497100830078, 1623191327.8421695, 5, 31
0.0005695819854736328, 1623191327.8422039, 5, 31
0.0004425048828125, 1623191327.8423963, 5, 22
0.0004742145538330078, 1623191327.842428, 5, 22
0.0003249645233154297, 1623191327.8425517, 5, 39
0.0003676414489746094, 1623191327.8425944, 5, 39
0.0003814697265625, 1623191327.8428192, 5, 31
0.00042438507080078125, 1623191327.8428621, 5, 31
0.00034356117248535156, 1623191327.8431315, 5, 49
0.00036835670471191406, 1623191327.8431563, 5, 49
0.00028443336486816406, 1623191327.8433638, 5, 24
0.0003256797790527344, 1623191327.843405, 5, 24
0.0002880096435546875, 1623191327.8436098, 5, 37
0.0003325939178466797, 1623191327.8436544, 5, 37
0.00036835670471191406, 1623191327.8439443, 5, 38
0.0004744529724121094, 1623191327.8440504, 5, 38
0.00031280517578125, 1623191327.8442204, 5, 37
0.0003910064697265625, 1623191327.8442986, 5, 37
0.0002586841583251953, 1623191327.844379, 5, 46
0.00033664703369140625, 1623191327.844457, 5, 46
0.00040411949157714844, 1623191327.8447623, 5, 55
0.0004756450653076172, 1623191327.8448339, 5, 55
0.00042438507080078125, 1623191327.8451622, 5, 37
0.0004639625549316406, 1623191327.8452017, 5, 37
0.0002942085266113281, 1623191327.8453276, 5, 28
0.0003733634948730469, 1623191327.8454068, 5, 28
0.00027823448181152344, 1623191327.845488, 5, 45
0.00031185150146484375, 1623191327.8455217, 5, 45
0.00028514862060546875, 1623191327.84582, 5, 47
0.00038361549377441406, 1623191327.8459184, 5, 47
0.0002543926239013672, 1623191327.8459833, 5, 44
0.0005574226379394531, 1623191327.8462863, 5, 44
0.000453948974609375, 1623191327.846376, 5, 24
0.0005133152008056641, 1623191327.8464353, 5, 24
0.0005435943603515625, 1623191327.8468773, 5, 20
0.0006783008575439453, 1623191327.847012, 5, 20
0.0006115436553955078, 1623191327.8473592, 5, 21
0.0006930828094482422, 1623191327.8474407, 5, 21
0.00039649009704589844, 1623191327.8476737, 5, 42
0.0004420280456542969, 1623191327.8477192, 5, 42
0.0003342628479003906, 1623191327.8479216, 5, 40
0.0003788471221923828, 1623191327.8479662, 5, 40
0.0003123283386230469, 1623191327.848206, 5, 35
0.00044417381286621094, 1623191327.848338, 5, 35
0.00032448768615722656, 1623191327.8484423, 5, 51
0.00036334991455078125, 1623191327.8484812, 5, 51
0.0003380775451660156, 1623191327.8486292, 5, 16
0.00038051605224609375, 1623191327.8486717, 5, 16
0.0004267692565917969, 1623191327.8489144, 5, 29
0.0005893707275390625, 1623191327.849077, 5, 29
0.0004398822784423828, 1623191327.8494148, 5, 23
0.0005054473876953125, 1623191327.8494804, 5, 23
0.00037741661071777344, 1623191327.8497176, 5, 32
0.0004723072052001953, 1623191327.8498125, 5, 32
0.0002734661102294922, 1623191327.8498752, 5, 47
0.00030422210693359375, 1623191327.849906, 5, 47
0.0002734661102294922, 1623191327.8500648, 5, 42
0.0003178119659423828, 1623191327.850109, 5, 42
0.00043892860412597656, 1623191327.8505564, 5, 42
0.0004913806915283203, 1623191327.8506088, 5, 42
0.0004057884216308594, 1623191327.8507698, 5, 24
0.0004467964172363281, 1623191327.8508108, 5, 24
0.000331878662109375, 1623191327.8510103, 5, 12
0.0003705024719238281, 1623191327.851049, 5, 12
0.0002818107604980469, 1623191327.8512464, 5, 43
0.00032639503479003906, 1623191327.851291, 5, 43
0.00025463104248046875, 1623191327.851535, 5, 53
0.0002989768981933594, 1623191327.8515794, 5, 53
0.00029397010803222656, 1623191327.8518708, 5, 26
0.00031828880310058594, 1623191327.851895, 5, 26
0.00024008750915527344, 1623191327.8521318, 5, 44
0.0002665519714355469, 1623191327.8521583, 5, 44
0.00027179718017578125, 1623191327.8524454, 5, 23
0.0003650188446044922, 1623191327.8525386, 5, 23
0.00030875205993652344, 1623191327.852664, 5, 20
0.00031876564025878906, 1623191327.852674, 5, 20
0.0002167224884033203, 1623191327.8527787, 5, 45
0.0002529621124267578, 1623191327.852815, 5, 45
0.00026917457580566406, 1623191327.853087, 5, 37
0.00032329559326171875, 1623191327.853141, 5, 37
0.0002593994140625, 1623191327.8534002, 5, 21
0.00030422210693359375, 1623191327.853445, 5, 21
0.0002410411834716797, 1623191327.8536782, 5, 48
0.00028824806213378906, 1623191327.8537254, 5, 48
0.00028228759765625, 1623191327.8539307, 5, 54
0.0003292560577392578, 1623191327.8539777, 5, 54
0.00028634071350097656, 1623191327.8541899, 5, 21
0.0004086494445800781, 1623191327.8543122, 5, 21
0.0002913475036621094, 1623191327.8543966, 5, 14
0.00037097930908203125, 1623191327.8544762, 5, 14
0.0002415180206298828, 1623191327.8545876, 5, 35
0.00031375885009765625, 1623191327.8546598, 5, 35
0.0003037452697753906, 1623191327.8549867, 5, 24
0.0003483295440673828, 1623191327.8550313, 5, 24
0.0003402233123779297, 1623191327.8551881, 5, 38
0.0003800392150878906, 1623191327.855228, 5, 38
0.0003018379211425781, 1623191327.85533, 5, 29
0.00035309791564941406, 1623191327.8553813, 5, 29
0.0002911090850830078, 1623191327.8555274, 5, 41
0.0004012584686279297, 1623191327.8556376, 5, 41
0.0002422332763671875, 1623191327.8557026, 5, 44
0.0003066062927246094, 1623191327.855767, 5, 44
0.00035881996154785156, 1623191327.8561354, 5, 17
0.00040650367736816406, 1623191327.856183, 5, 17
0.00034999847412109375, 1623191327.8563473, 5, 31
0.0003943443298339844, 1623191327.8563917, 5, 31
0.00038313865661621094, 1623191327.8565583, 5, 25
0.0004177093505859375, 1623191327.856593, 5, 25
0.0003345012664794922, 1623191327.8567266, 5, 42
0.00046324729919433594, 1623191327.8568554, 5, 42
0.00032067298889160156, 1623191327.8569226, 5, 45
0.0003693103790283203, 1623191327.8569713, 5, 45
0.0002162456512451172, 1623191327.857081, 5, 25
0.0003185272216796875, 1623191327.8571832, 5, 25
0.00030803680419921875, 1623191327.8574922, 5, 39
0.00035500526428222656, 1623191327.8575392, 5, 39
0.0002930164337158203, 1623191327.8576536, 5, 44
0.00036263465881347656, 1623191327.8577232, 5, 44
0.00025534629821777344, 1623191327.857803, 5, 21
0.00032711029052734375, 1623191327.8578749, 5, 21
0.0004239082336425781, 1623191327.8582025, 5, 37
0.0004868507385253906, 1623191327.8582654, 5, 37
0.00032973289489746094, 1623191327.8583932, 5, 17
0.00036454200744628906, 1623191327.858428, 5, 17
0.0003304481506347656, 1623191327.858778, 5, 36
0.00037169456481933594, 1623191327.8588192, 5, 36
0.0003407001495361328, 1623191327.858969, 5, 22
0.0003879070281982422, 1623191327.8590162, 5, 22
0.00036144256591796875, 1623191327.8591702, 5, 20
0.0004961490631103516, 1623191327.859305, 5, 20
0.00039577484130859375, 1623191327.859422, 5, 49
0.00041937828063964844, 1623191327.8594456, 5, 49
0.00029969215393066406, 1623191327.8595564, 5, 33
0.0003409385681152344, 1623191327.8595977, 5, 33
0.0002627372741699219, 1623191327.859718, 5, 49
0.000274658203125, 1623191327.85973, 5, 49
0.0002849102020263672, 1623191327.8600461, 5, 33
0.000339508056640625, 1623191327.8601007, 5, 33
0.00034618377685546875, 1623191327.860294, 5, 38
0.0004661083221435547, 1623191327.860414, 5, 38
0.00035691261291503906, 1623191327.8604674, 5, 36
0.00039887428283691406, 1623191327.8605094, 5, 36
0.0003108978271484375, 1623191327.860603, 5, 42
0.0003578662872314453, 1623191327.86065, 5, 42
0.00032329559326171875, 1623191327.8608706, 5, 30
0.0003800392150878906, 1623191327.8609273, 5, 30
0.00029587745666503906, 1623191327.8610907, 5, 33
0.0003399848937988281, 1623191327.8611348, 5, 33
0.0002880096435546875, 1623191327.861318, 5, 27
0.0004220008850097656, 1623191327.861452, 5, 27
0.00027561187744140625, 1623191327.8615294, 5, 35
0.00033020973205566406, 1623191327.861584, 5, 35
0.0003323554992675781, 1623191327.8617477, 5, 21
0.00035762786865234375, 1623191327.861773, 5, 21
0.0003407001495361328, 1623191327.8620198, 5, 35
0.0003750324249267578, 1623191327.862054, 5, 35
0.00029754638671875, 1623191327.8622441, 5, 34
0.0003459453582763672, 1623191327.8622925, 5, 34
0.00033473968505859375, 1623191327.8627017, 5, 38
0.000400543212890625, 1623191327.8627675, 5, 38
0.00040841102600097656, 1623191327.8630507, 5, 35
0.0004875659942626953, 1623191327.8631299, 5, 35
0.000274658203125, 1623191327.8633616, 5, 12
0.00031495094299316406, 1623191327.863402, 5, 12
0.0002713203430175781, 1623191327.863606, 5, 24
0.0003135204315185547, 1623191327.8636482, 5, 24
0.00032973289489746094, 1623191327.8639011, 5, 58
0.0004115104675292969, 1623191327.863983, 5, 58
0.00027942657470703125, 1623191327.8640888, 5, 28
0.0003197193145751953, 1623191327.864129, 5, 28
0.00024271011352539062, 1623191327.8643622, 5, 30
0.0002772808074951172, 1623191327.8643968, 5, 30
0.0002701282501220703, 1623191327.8645935, 5, 31
0.00031256675720214844, 1623191327.864636, 5, 31
0.0002613067626953125, 1623191327.8648171, 5, 24
0.0003132820129394531, 1623191327.864869, 5, 24
0.000263214111328125, 1623191327.8650317, 5, 24
0.0003025531768798828, 1623191327.865071, 5, 24
0.000255584716796875, 1623191327.8653286, 5, 36
0.00029754638671875, 1623191327.8653705, 5, 36
0.0002906322479248047, 1623191327.8655925, 5, 44
0.0003371238708496094, 1623191327.865639, 5, 44
0.00023794174194335938, 1623191327.86577, 5, 45
0.0002796649932861328, 1623191327.8658118, 5, 45
0.0002753734588623047, 1623191327.8660119, 5, 65
0.0003173351287841797, 1623191327.8660538, 5, 65
0.00026535987854003906, 1623191327.8662357, 5, 21
0.0003113746643066406, 1623191327.8662817, 5, 21
0.0003676414489746094, 1623191327.8665776, 5, 35
0.0004162788391113281, 1623191327.8666263, 5, 35
0.0003681182861328125, 1623191327.8667805, 5, 25
0.00039386749267578125, 1623191327.8668063, 5, 25
0.0004506111145019531, 1623191327.8669872, 5, 42
0.0004906654357910156, 1623191327.8670273, 5, 42
0.00042438507080078125, 1623191327.8672192, 5, 27
0.00046706199645996094, 1623191327.867262, 5, 27
0.0003936290740966797, 1623191327.8674157, 5, 37
0.000431060791015625, 1623191327.867453, 5, 37
0.00039076805114746094, 1623191327.8675835, 5, 37
0.00044274330139160156, 1623191327.8676355, 5, 37
0.00032019615173339844, 1623191327.8677855, 5, 47
0.0003921985626220703, 1623191327.8678575, 5, 47
0.00028705596923828125, 1623191327.868011, 5, 46
0.0003285408020019531, 1623191327.8680525, 5, 46
0.00028228759765625, 1623191327.8682683, 5, 46
0.00044655799865722656, 1623191327.8684325, 5, 46
0.0002486705780029297, 1623191327.8684359, 5, 31
0.000362396240234375, 1623191327.8685496, 5, 31
0.00024366378784179688, 1623191327.8687084, 5, 28
0.0002875328063964844, 1623191327.8687522, 5, 28
0.0002028942108154297, 1623191327.868856, 5, 26
0.0002410411834716797, 1623191327.868894, 5, 26
0.0002663135528564453, 1623191327.8691707, 5, 49
0.0003216266632080078, 1623191327.869226, 5, 49
0.0004153251647949219, 1623191327.8695004, 5, 46
0.0004558563232421875, 1623191327.869541, 5, 46
0.00028896331787109375, 1623191327.8697205, 5, 31
0.0003311634063720703, 1623191327.8697627, 5, 31
0.000263214111328125, 1623191327.8699205, 5, 23
0.000301361083984375, 1623191327.8699586, 5, 23
0.00042557716369628906, 1623191327.8702974, 5, 27
0.0004703998565673828, 1623191327.8703423, 5, 27
0.0004622936248779297, 1623191327.8707108, 5, 40
0.00047779083251953125, 1623191327.8707263, 5, 40
0.00025200843811035156, 1623191327.8708472, 5, 37
0.00028204917907714844, 1623191327.8708773, 5, 37
0.0002942085266113281, 1623191327.8711607, 5, 53
0.00030994415283203125, 1623191327.8711765, 5, 53
0.00035572052001953125, 1623191327.871426, 5, 46
0.0003693103790283203, 1623191327.8714397, 5, 46
0.000423431396484375, 1623191327.871792, 5, 35
0.0005445480346679688, 1623191327.8719132, 5, 35
0.00042891502380371094, 1623191327.8723462, 5, 38
0.00045037269592285156, 1623191327.8723676, 5, 38
0.00036406517028808594, 1623191327.8725991, 5, 23
0.00040650367736816406, 1623191327.8726416, 5, 23
0.000278472900390625, 1623191327.872819, 5, 45
0.00032258033752441406, 1623191327.872863, 5, 45
0.00028252601623535156, 1623191327.87306, 5, 34
0.00032711029052734375, 1623191327.8731046, 5, 34
0.0002827644348144531, 1623191327.8733168, 5, 47
0.0003275871276855469, 1623191327.8733616, 5, 47
0.0002734661102294922, 1623191327.8735547, 5, 24
0.0003218650817871094, 1623191327.873603, 5, 24
0.00023174285888671875, 1623191327.8737342, 5, 42
0.0002720355987548828, 1623191327.8737745, 5, 42
0.0002205371856689453, 1623191327.8739839, 5, 29
0.00030875205993652344, 1623191327.874072, 5, 29
0.00021839141845703125, 1623191327.8741307, 5, 47
0.0002853870391845703, 1623191327.8741977, 5, 47
0.0003249645233154297, 1623191327.8744254, 5, 25
0.0003695487976074219, 1623191327.87447, 5, 25
0.00030422210693359375, 1623191327.874702, 5, 38
0.0003552436828613281, 1623191327.874753, 5, 38
0.0002262592315673828, 1623191327.8748715, 5, 59
0.00027060508728027344, 1623191327.8749158, 5, 59
0.0003695487976074219, 1623191327.8752189, 5, 26
0.0004165172576904297, 1623191327.8752658, 5, 26
0.00030922889709472656, 1623191327.8754218, 5, 35
0.0003275871276855469, 1623191327.8754401, 5, 35
0.0003120899200439453, 1623191327.8755796, 5, 32
0.0003483295440673828, 1623191327.8756158, 5, 32
0.0004119873046875, 1623191327.8758605, 5, 55
0.0003695487976074219, 1623191327.8761487, 5, 26
0.0007939338684082031, 1623191327.8762424, 5, 55
0.000244140625, 1623191327.8762753, 5, 13
0.0005564689636230469, 1623191327.8763356, 5, 26
0.0004367828369140625, 1623191327.8767276, 5, 51
0.0006258487701416016, 1623191327.876657, 5, 13
0.0004649162292480469, 1623191327.8770363, 5, 33
0.0006406307220458984, 1623191327.8775616, 5, 19
0.0005702972412109375, 1623191327.8777149, 5, 53
0.0005500316619873047, 1623191327.877827, 5, 41
0.0005288124084472656, 1623191327.8779316, 5, 36
0.0004363059997558594, 1623191327.8780358, 5, 49
0.001856088638305664, 1623191327.878147, 5, 51
0.0003154277801513672, 1623191327.8781886, 5, 29
0.0002810955047607422, 1623191327.8784149, 5, 24
0.0003705024719238281, 1623191327.8787048, 5, 28
0.0018198490142822266, 1623191327.8783913, 5, 33
0.0004508495330810547, 1623191327.8789768, 5, 38
0.00038051605224609375, 1623191327.87911, 5, 40
0.0021941661834716797, 1623191327.879115, 5, 19
0.0003902912139892578, 1623191327.8793983, 5, 51
0.00033020973205566406, 1623191327.879564, 5, 47
0.0023734569549560547, 1623191327.879518, 5, 53
0.00034117698669433594, 1623191327.8797586, 5, 71
0.0003986358642578125, 1623191327.8800979, 5, 51
0.00286102294921875, 1623191327.880138, 5, 41
0.0005159378051757812, 1623191327.8805764, 5, 35
0.0003314018249511719, 1623191327.8807347, 5, 39
0.0003190040588378906, 1623191327.880851, 5, 17
0.0002961158752441406, 1623191327.8810647, 5, 33
0.003425121307373047, 1623191327.880828, 5, 36
0.0002505779266357422, 1623191327.8812065, 5, 27
0.0036079883575439453, 1623191327.8812075, 5, 49
0.00029730796813964844, 1623191327.8814454, 5, 20
0.003709077835083008, 1623191327.8815823, 5, 29
0.00026154518127441406, 1623191327.8816075, 5, 24
0.0036804676055908203, 1623191327.8818142, 5, 24
0.00032973289489746094, 1623191327.8818777, 5, 17
0.003561258316040039, 1623191327.8818955, 5, 28
0.0003604888916015625, 1623191327.8821557, 5, 55
0.0002899169921875, 1623191327.8823245, 5, 46
0.0038955211639404297, 1623191327.8824215, 5, 38
0.0002696514129638672, 1623191327.882459, 5, 35
0.0003275871276855469, 1623191327.8827524, 5, 27
0.00377655029296875, 1623191327.8825061, 5, 40
0.0002396106719970703, 1623191327.8828647, 5, 21
0.00035762786865234375, 1623191327.8831353, 5, 30
0.004039764404296875, 1623191327.8830478, 5, 51
0.00028514862060546875, 1623191327.883277, 5, 44
0.0003726482391357422, 1623191327.8835604, 5, 29
0.004248619079589844, 1623191327.8834825, 5, 47
0.004312992095947266, 1623191327.8837304, 5, 71
0.0003628730773925781, 1623191327.883774, 5, 24
0.004166603088378906, 1623191327.8838658, 5, 51
0.0004482269287109375, 1623191327.8841925, 5, 26
0.0040569305419921875, 1623191327.8841174, 5, 35
0.00030350685119628906, 1623191327.8843389, 5, 61
0.003966808319091797, 1623191327.88437, 5, 39
0.00032138824462890625, 1623191327.8846161, 5, 41
0.00405430793762207, 1623191327.8845863, 5, 17
0.00027942657470703125, 1623191327.8847988, 5, 36
0.004068136215209961, 1623191327.8848367, 5, 33
0.00043892860412597656, 1623191327.8851662, 5, 19
0.00030493736267089844, 1623191327.885313, 5, 49
0.004452943801879883, 1623191327.8854089, 5, 27
0.0002613067626953125, 1623191327.885438, 5, 36
0.0002980232238769531, 1623191327.8857462, 5, 46
0.004339694976806641, 1623191327.8854878, 5, 20
0.0002906322479248047, 1623191327.8859065, 5, 34
0.004564762115478516, 1623191327.8859107, 5, 24
0.004434823989868164, 1623191327.8859828, 5, 17
0.0002856254577636719, 1623191327.8862233, 5, 33
0.004517555236816406, 1623191327.8863127, 5, 55
0.0002491474151611328, 1623191327.8863442, 5, 53
0.00031566619873046875, 1623191327.8865836, 5, 39
0.004660367965698242, 1623191327.886695, 5, 46
0.0002503395080566406, 1623191327.8867252, 5, 49
0.004611015319824219, 1623191327.8868003, 5, 35
0.00040268898010253906, 1623191327.8871422, 5, 40
0.0003180503845214844, 1623191327.8872545, 5, 28
0.004920482635498047, 1623191327.8873453, 5, 27
0.0002949237823486328, 1623191327.8873575, 5, 38
0.004945039749145508, 1623191327.8875701, 5, 21
0.0003123283386230469, 1623191327.8876076, 5, 36
0.004872560501098633, 1623191327.8876503, 5, 30
0.00487208366394043, 1623191327.8878639, 5, 44
0.004796028137207031, 1623191327.8879838, 5, 29
0.004724025726318359, 1623191327.8881352, 5, 24
0.004464626312255859, 1623191327.8882089, 5, 26
0.004239082336425781, 1623191327.8882744, 5, 61
0.0040435791015625, 1623191327.8883383, 5, 41
0.0038809776306152344, 1623191327.8884003, 5, 36
0.0037348270416259766, 1623191327.888462, 5, 19
0.0035371780395507812, 1623191327.8885453, 5, 49
0.0034301280975341797, 1623191327.8886068, 5, 36
0.0032193660736083984, 1623191327.8886676, 5, 46
0.0031130313873291016, 1623191327.8887289, 5, 34
0.0012621879577636719, 1623191327.8888083, 5, 21
0.0029609203338623047, 1623191327.8888986, 5, 33
0.002967357635498047, 1623191327.8890624, 5, 53
0.0028638839721679688, 1623191327.8891318, 5, 39
0.002718687057495117, 1623191327.8891935, 5, 49
0.0025947093963623047, 1623191327.8893342, 5, 40
0.0025463104248046875, 1623191327.8894827, 5, 28
0.0025637149810791016, 1623191327.8896263, 5, 38
0.002460002899169922, 1623191327.8897552, 5, 36
0.002277374267578125, 1623191327.8898234, 5, 21
0.00209808349609375, 1623191327.8898954, 5, 29
0.001203775405883789, 1623191327.8890011, 5, 29
0.0019037723541259766, 1623191327.8900657, 5, 18
0.001748800277709961, 1623191327.890134, 5, 25
0.0015473365783691406, 1623191327.8902, 5, 44
0.0013382434844970703, 1623191327.8902612, 5, 37
0.0011551380157470703, 1623191327.8903346, 5, 41
0.000986337661743164, 1623191327.8903985, 5, 19
0.0008165836334228516, 1623191327.8904595, 5, 39
0.0006420612335205078, 1623191327.89052, 5, 37
0.00048351287841796875, 1623191327.8905795, 5, 43
0.00034046173095703125, 1623191327.8907213, 5, 30
0.00032329559326171875, 1623191327.8909235, 5, 45
0.002646207809448242, 1623191327.890808, 5, 18
0.002660512924194336, 1623191327.8910458, 5, 25
0.002459287643432617, 1623191327.8911119, 5, 44
0.0023088455200195312, 1623191327.8912318, 5, 37
0.002153635025024414, 1623191327.891333, 5, 41
0.001986980438232422, 1623191327.8913991, 5, 19
0.0018355846405029297, 1623191327.8914785, 5, 39
0.0016634464263916016, 1623191327.8915415, 5, 37
0.0015540122985839844, 1623191327.89165, 5, 43
0.0013325214385986328, 1623191327.8917134, 5, 30
0.0011737346649169922, 1623191327.891774, 5, 45
0.13529014587402344, 1623191328.0261247, 5, 26
0.13537812232971191, 1623191328.0264084, 5, 35
0.13533234596252441, 1623191328.0266376, 5, 44
0.13523364067077637, 1623191328.026845, 5, 32
0.13512611389160156, 1623191328.027016, 5, 55
0.13518214225769043, 1623191328.0272486, 5, 28
0.13517451286315918, 1623191328.0274906, 5, 40
0.1352086067199707, 1623191328.0276926, 5, 58
0.1353316307067871, 1623191328.0279467, 5, 51
0.13539886474609375, 1623191328.028233, 5, 34
0.13539958000183105, 1623191328.0284033, 5, 54
0.13535594940185547, 1623191328.0285149, 5, 47
0.13521456718444824, 1623191328.0285964, 5, 45
0.13507914543151855, 1623191328.0286686, 5, 24
0.13504791259765625, 1623191328.0288236, 5, 32
0.13495349884033203, 1623191328.0289154, 5, 44
0.1348562240600586, 1623191328.0289907, 5, 25
0.1347517967224121, 1623191328.0290601, 5, 15
0.13471674919128418, 1623191328.0292044, 5, 40
0.13461637496948242, 1623191328.0292773, 5, 16
0.1345076560974121, 1623191328.0293427, 5, 36
0.13440370559692383, 1623191328.0294082, 5, 49
0.13429856300354004, 1623191328.029473, 5, 52
0.13417792320251465, 1623191328.0295372, 5, 24
0.13407278060913086, 1623191328.0296023, 5, 40
0.1339559555053711, 1623191328.029667, 5, 23
0.133742094039917, 1623191328.0297315, 5, 48
0.13360095024108887, 1623191328.0297964, 5, 33
0.13356280326843262, 1623191328.029941, 5, 53
0.13354945182800293, 1623191328.030108, 5, 46
0.13355684280395508, 1623191328.0302978, 5, 56
0.1335620880126953, 1623191328.0304906, 5, 30
0.13352274894714355, 1623191328.0306277, 5, 22
0.13345575332641602, 1623191328.0307698, 5, 39
0.13332915306091309, 1623191328.0308473, 5, 43
0.13315463066101074, 1623191328.0309162, 5, 24
0.13295245170593262, 1623191328.0309832, 5, 26
0.13285088539123535, 1623191328.0310526, 5, 34
0.13277029991149902, 1623191328.0311198, 5, 34
0.13263821601867676, 1623191328.0311863, 5, 52
0.1325228214263916, 1623191328.0312533, 5, 35
0.13233709335327148, 1623191328.0313194, 5, 28
0.13232731819152832, 1623191328.0314388, 5, 45
0.1322190761566162, 1623191328.0315125, 5, 34
0.1320936679840088, 1623191328.0315802, 5, 20
0.13198232650756836, 1623191328.0316477, 5, 44
0.13182783126831055, 1623191328.0317147, 5, 43
0.1316390037536621, 1623191328.0317812, 5, 45
0.13159418106079102, 1623191328.0318656, 5, 20
0.13150382041931152, 1623191328.0319364, 5, 48
0.13139891624450684, 1623191328.032004, 5, 36
0.13129401206970215, 1623191328.0320709, 5, 58
0.13114070892333984, 1623191328.0321383, 5, 42
0.1310288906097412, 1623191328.0322044, 5, 36
0.13091707229614258, 1623191328.032271, 5, 53
0.1307966709136963, 1623191328.0323372, 5, 32
0.13067936897277832, 1623191328.0324023, 5, 42
0.1305694580078125, 1623191328.0324688, 5, 44
0.13044166564941406, 1623191328.032535, 5, 46
0.1302657127380371, 1623191328.0326004, 5, 28
0.13014864921569824, 1623191328.0326667, 5, 33
0.13005781173706055, 1623191328.0327327, 5, 46
0.12995100021362305, 1623191328.0328019, 5, 37
0.12985587120056152, 1623191328.0328684, 5, 21
0.12973952293395996, 1623191328.0329347, 5, 35
0.12963247299194336, 1623191328.0330007, 5, 43
0.12951350212097168, 1623191328.0330675, 5, 44
0.12940454483032227, 1623191328.0331333, 5, 46
0.129180908203125, 1623191328.0331995, 5, 55
0.12912774085998535, 1623191328.0332916, 5, 46
0.12895607948303223, 1623191328.0333602, 5, 47
0.12884068489074707, 1623191328.033428, 5, 26
0.1287221908569336, 1623191328.0334945, 5, 27
0.12861084938049316, 1623191328.0335603, 5, 31
0.12853026390075684, 1623191328.0336263, 5, 44
0.12844300270080566, 1623191328.0336936, 5, 41
0.1283273696899414, 1623191328.0337598, 5, 28
0.128218412399292, 1623191328.033827, 5, 32
0.12810945510864258, 1623191328.0338979, 5, 25
0.12803387641906738, 1623191328.0339866, 5, 16
0.12797904014587402, 1623191328.0341022, 5, 48
0.12782049179077148, 1623191328.0341756, 5, 47
0.12778449058532715, 1623191328.0343165, 5, 57
0.12767601013183594, 1623191328.03439, 5, 25
0.12753796577453613, 1623191328.0344584, 5, 57
0.12745213508605957, 1623191328.0345254, 5, 27
0.12730765342712402, 1623191328.0345922, 5, 37
0.1272590160369873, 1623191328.0346606, 5, 24
0.12705492973327637, 1623191328.0347273, 5, 16
0.12692809104919434, 1623191328.0347934, 5, 32
0.12682580947875977, 1623191328.0348597, 5, 36
0.12672066688537598, 1623191328.0349255, 5, 29
0.12654900550842285, 1623191328.0349967, 5, 69
0.1264481544494629, 1623191328.0351512, 5, 25
0.12632346153259277, 1623191328.0352945, 5, 33
0.12621450424194336, 1623191328.0353768, 5, 31
0.12612128257751465, 1623191328.0354626, 5, 24
0.12601804733276367, 1623191328.0355315, 5, 38
0.12588167190551758, 1623191328.0355973, 5, 48
0.12577605247497559, 1623191328.035664, 5, 49
0.12566518783569336, 1623191328.0357285, 5, 36
0.12555217742919922, 1623191328.0357928, 5, 41
0.12551450729370117, 1623191328.0359292, 5, 33
0.12540411949157715, 1623191328.0359962, 5, 41
0.12524819374084473, 1623191328.0360615, 5, 29
0.12512779235839844, 1623191328.0361257, 5, 26
0.12509489059448242, 1623191328.0362492, 5, 20
0.12499785423278809, 1623191328.0363216, 5, 27
0.12489938735961914, 1623191328.03639, 5, 48
0.12478065490722656, 1623191328.036456, 5, 16
0.1246340274810791, 1623191328.0365345, 5, 28
0.12405562400817871, 1623191328.0365982, 5, 33
0.1239776611328125, 1623191328.0366635, 5, 18
0.12391400337219238, 1623191328.0367277, 5, 25
0.12385177612304688, 1623191328.0367906, 5, 24
0.12379240989685059, 1623191328.0368536, 5, 27
0.12362408638000488, 1623191328.036917, 5, 44
0.12346816062927246, 1623191328.036982, 5, 40
0.1233363151550293, 1623191328.0370464, 5, 36
0.12313961982727051, 1623191328.0371106, 5, 34
0.12302184104919434, 1623191328.0371745, 5, 45
0.12283205986022949, 1623191328.0372386, 5, 42
0.12280607223510742, 1623191328.0373456, 5, 36
0.12276625633239746, 1623191328.0374804, 5, 52
0.12266874313354492, 1623191328.037562, 5, 41
0.12257528305053711, 1623191328.0376308, 5, 30
0.122344970703125, 1623191328.0376968, 5, 54
0.12227821350097656, 1623191328.0377612, 5, 31
0.12212300300598145, 1623191328.0378249, 5, 22
0.12200427055358887, 1623191328.0378885, 5, 29
0.12194323539733887, 1623191328.038, 5, 24
0.1218407154083252, 1623191328.0380716, 5, 49
0.12173581123352051, 1623191328.0381377, 5, 44
0.12151336669921875, 1623191328.038201, 5, 20
0.12137103080749512, 1623191328.03828, 5, 46
0.1212470531463623, 1623191328.0383577, 5, 47
0.12113118171691895, 1623191328.0384214, 5, 28
0.1208953857421875, 1623191328.0385, 5, 40
0.1208031177520752, 1623191328.0385623, 5, 31
0.12067031860351562, 1623191328.0386243, 5, 48
0.12054228782653809, 1623191328.0386865, 5, 33
0.12042498588562012, 1623191328.0387483, 5, 25
0.12029814720153809, 1623191328.03881, 5, 41
0.12021541595458984, 1623191328.0388718, 5, 23
0.12004566192626953, 1623191328.0389357, 5, 43
0.11986589431762695, 1623191328.039011, 5, 36
0.11983323097229004, 1623191328.0391107, 5, 35
0.11971521377563477, 1623191328.039173, 5, 22
0.11959290504455566, 1623191328.0392342, 5, 24
0.11935734748840332, 1623191328.039295, 5, 32
0.11928439140319824, 1623191328.0393562, 5, 35
0.11915469169616699, 1623191328.0394173, 5, 38
0.11903214454650879, 1623191328.039479, 5, 45
0.11889505386352539, 1623191328.0395398, 5, 30
0.11876749992370605, 1623191328.0396013, 5, 51
0.11863398551940918, 1623191328.0396626, 5, 32
0.1185140609741211, 1623191328.0397248, 5, 37
0.11830902099609375, 1623191328.039786, 5, 29
0.11818814277648926, 1623191328.0398705, 5, 36
0.11797380447387695, 1623191328.039934, 5, 36
0.11776900291442871, 1623191328.0399916, 5, 32
0.11754727363586426, 1623191328.0400484, 5, 45
0.11733746528625488, 1623191328.0401068, 5, 39
0.11712861061096191, 1623191328.0401685, 5, 54
0.11694216728210449, 1623191328.0402308, 5, 25
0.1167898178100586, 1623191328.0402918, 5, 41
0.1166374683380127, 1623191328.0403535, 5, 39
0.11648702621459961, 1623191328.0404522, 5, 43
0.11635851860046387, 1623191328.040519, 5, 26
0.11620831489562988, 1623191328.0405812, 5, 44
0.11609148979187012, 1623191328.0406442, 5, 46
0.11601567268371582, 1623191328.040762, 5, 62
0.1158754825592041, 1623191328.040844, 5, 45
0.11574792861938477, 1623191328.040912, 5, 32
0.1156301498413086, 1623191328.0409777, 5, 40
0.11548471450805664, 1623191328.0410414, 5, 44
0.1153719425201416, 1623191328.0411043, 5, 24
0.11527562141418457, 1623191328.041219, 5, 21
0.11517333984375, 1623191328.0412922, 5, 21
0.11506795883178711, 1623191328.0413566, 5, 41
0.11487841606140137, 1623191328.0414193, 5, 25
0.11485528945922852, 1623191328.0415242, 5, 62
0.11476564407348633, 1623191328.0415926, 5, 25
0.11464762687683105, 1623191328.0416632, 5, 30
0.1145164966583252, 1623191328.0417328, 5, 39
0.11440491676330566, 1623191328.0417948, 5, 30
0.11429619789123535, 1623191328.0418553, 5, 21
0.11421966552734375, 1623191328.0419598, 5, 35
0.11406278610229492, 1623191328.042028, 5, 47
0.11395072937011719, 1623191328.0420895, 5, 29
0.11385011672973633, 1623191328.0421503, 5, 27
0.11368799209594727, 1623191328.042212, 5, 40
0.11362338066101074, 1623191328.0422745, 5, 39
0.11356377601623535, 1623191328.0423365, 5, 24
0.11339950561523438, 1623191328.0423975, 5, 30
0.11328983306884766, 1623191328.0424597, 5, 16
0.11318492889404297, 1623191328.042521, 5, 38
0.11307501792907715, 1623191328.0425837, 5, 29
0.11295866966247559, 1623191328.0426447, 5, 19
0.11284804344177246, 1623191328.0427058, 5, 26
0.11272859573364258, 1623191328.0427666, 5, 29
0.11261296272277832, 1623191328.0428283, 5, 44
0.11244010925292969, 1623191328.042889, 5, 29
0.11229515075683594, 1623191328.0429988, 5, 46
0.11209726333618164, 1623191328.0430849, 5, 42
0.11197185516357422, 1623191328.0431554, 5, 47
0.11185455322265625, 1623191328.0432181, 5, 19
0.11168336868286133, 1623191328.0432787, 5, 26
0.11154842376708984, 1623191328.0433388, 5, 39
0.11131858825683594, 1623191328.043398, 5, 33
0.1111905574798584, 1623191328.043456, 5, 29
0.11101484298706055, 1623191328.0435147, 5, 29
0.11094045639038086, 1623191328.0435736, 5, 22
0.1107938289642334, 1623191328.0436654, 5, 33
0.1106572151184082, 1623191328.0437322, 5, 54
0.11054086685180664, 1623191328.043793, 5, 51
0.11045098304748535, 1623191328.0438855, 5, 52
0.11032867431640625, 1623191328.0439491, 5, 15
0.11025118827819824, 1623191328.044054, 5, 38
0.11012578010559082, 1623191328.0441186, 5, 28
0.11002230644226074, 1623191328.0441782, 5, 23
0.10984516143798828, 1623191328.0442371, 5, 52
0.10967898368835449, 1623191328.0442965, 5, 54
0.10956025123596191, 1623191328.0443542, 5, 21
0.10947394371032715, 1623191328.044459, 5, 63
0.10935235023498535, 1623191328.044526, 5, 43
0.10923385620117188, 1623191328.0445862, 5, 47
0.10910677909851074, 1623191328.0446455, 5, 43
0.10898375511169434, 1623191328.044703, 5, 23
0.1087961196899414, 1623191328.0447621, 5, 49
0.10866689682006836, 1623191328.0448203, 5, 25
0.10854601860046387, 1623191328.0448782, 5, 47
0.10841798782348633, 1623191328.0449362, 5, 29
0.10824418067932129, 1623191328.0449944, 5, 39
0.10811424255371094, 1623191328.045052, 5, 49
0.10794734954833984, 1623191328.0451105, 5, 43
0.10773754119873047, 1623191328.0451682, 5, 34
0.10764050483703613, 1623191328.0452569, 5, 54
0.10750269889831543, 1623191328.0453157, 5, 23
0.10736203193664551, 1623191328.0453756, 5, 42
0.10720348358154297, 1623191328.0454345, 5, 34
0.1070713996887207, 1623191328.045493, 5, 44
0.11275768280029297, 1623191328.0513387, 5, 34
0.11280560493469238, 1623191328.05158, 5, 47
0.11292600631713867, 1623191328.0518909, 5, 40
0.11291289329528809, 1623191328.0521388, 5, 44
0.11299300193786621, 1623191328.0524046, 5, 28
0.1129920482635498, 1623191328.0526643, 5, 25
0.11312222480773926, 1623191328.0529282, 5, 24
0.11322426795959473, 1623191328.053225, 5, 24
0.11324238777160645, 1623191328.0534735, 5, 41
0.11318325996398926, 1623191328.0536504, 5, 26
0.11303377151489258, 1623191328.053761, 5, 22
0.11285829544067383, 1623191328.0538778, 5, 48
0.11268973350524902, 1623191328.0539687, 5, 25
0.11252355575561523, 1623191328.054051, 5, 21
0.1123664379119873, 1623191328.0541642, 5, 29
0.11218476295471191, 1623191328.0542421, 5, 55
0.11201119422912598, 1623191328.0543232, 5, 27
0.1118459701538086, 1623191328.0544312, 5, 54
0.11177635192871094, 1623191328.0545428, 5, 39
0.11164331436157227, 1623191328.0546284, 5, 47
0.11150145530700684, 1623191328.0547116, 5, 42
0.1113896369934082, 1623191328.0548193, 5, 46
0.11136412620544434, 1623191328.0549774, 5, 31
0.11128711700439453, 1623191328.0550919, 5, 27
0.11116814613342285, 1623191328.0552027, 5, 31
0.11107611656188965, 1623191328.055268, 5, 23
0.11096668243408203, 1623191328.05533, 5, 49
0.11079835891723633, 1623191328.0554104, 5, 55
0.11077332496643066, 1623191328.0555162, 5, 26
0.11063504219055176, 1623191328.0556037, 5, 41
0.11060142517089844, 1623191328.0556986, 5, 39
0.11058831214904785, 1623191328.055877, 5, 27
0.11057090759277344, 1623191328.056045, 5, 17
0.11043953895568848, 1623191328.0561159, 5, 45
0.11033415794372559, 1623191328.0561786, 5, 36
0.11022543907165527, 1623191328.0562415, 5, 51
0.1101083755493164, 1623191328.0563014, 5, 17
0.10999941825866699, 1623191328.0563629, 5, 35
0.10988378524780273, 1623191328.0564227, 5, 24
0.10971760749816895, 1623191328.0564845, 5, 50
0.10960054397583008, 1623191328.0565443, 5, 26
0.10950398445129395, 1623191328.056606, 5, 47
0.10925960540771484, 1623191328.0566678, 5, 61
0.10918927192687988, 1623191328.0567284, 5, 44
0.10912489891052246, 1623191328.0567884, 5, 33
0.10892081260681152, 1623191328.056851, 5, 31
0.10880303382873535, 1623191328.0569108, 5, 24
0.10863280296325684, 1623191328.0569713, 5, 38
0.10851526260375977, 1623191328.0570316, 5, 16
0.10840010643005371, 1623191328.057091, 5, 51
0.1082460880279541, 1623191328.0571516, 5, 19
0.10807180404663086, 1623191328.0572112, 5, 54
0.10793066024780273, 1623191328.0572715, 5, 36
0.10779428482055664, 1623191328.0573304, 5, 30
0.1076657772064209, 1623191328.0573893, 5, 38
0.10750913619995117, 1623191328.0574486, 5, 31
0.10738873481750488, 1623191328.0575087, 5, 40
0.10726356506347656, 1623191328.0575662, 5, 31
0.10714888572692871, 1623191328.0576239, 5, 25
0.10702776908874512, 1623191328.0576825, 5, 58
0.10704231262207031, 1623191328.0579, 5, 42
0.10692000389099121, 1623191328.0579803, 5, 50
0.10680675506591797, 1623191328.0580482, 5, 20
0.10666823387145996, 1623191328.0581126, 5, 30
0.10667085647583008, 1623191328.058295, 5, 38
0.10664582252502441, 1623191328.0585048, 5, 25
0.1066732406616211, 1623191328.058708, 5, 40
0.10667634010314941, 1623191328.0588872, 5, 19
0.10667252540588379, 1623191328.0590541, 5, 19
0.10666847229003906, 1623191328.0592246, 5, 24
0.10667204856872559, 1623191328.0593982, 5, 37
0.10660529136657715, 1623191328.0595658, 5, 30
0.10662150382995605, 1623191328.05976, 5, 47
0.10661578178405762, 1623191328.0599568, 5, 26
0.10658884048461914, 1623191328.0601103, 5, 22
0.10645771026611328, 1623191328.060184, 5, 42
0.10634946823120117, 1623191328.0602481, 5, 56
0.10621452331542969, 1623191328.0603096, 5, 45
0.10608792304992676, 1623191328.0603697, 5, 35
0.10597014427185059, 1623191328.060429, 5, 31
0.10584139823913574, 1623191328.0604882, 5, 49
0.10569524765014648, 1623191328.0605476, 5, 50
0.1055002212524414, 1623191328.0606058, 5, 33
0.10537123680114746, 1623191328.0606637, 5, 31
0.1052694320678711, 1623191328.0607219, 5, 34
0.10516214370727539, 1623191328.0607803, 5, 41
0.10493111610412598, 1623191328.060839, 5, 39
0.10486006736755371, 1623191328.0608974, 5, 44
0.10469460487365723, 1623191328.060956, 5, 27
0.10462212562561035, 1623191328.0610142, 5, 48
0.10455775260925293, 1623191328.061074, 5, 33
0.10438179969787598, 1623191328.0611324, 5, 42
0.104248046875, 1623191328.0611906, 5, 30
0.10409927368164062, 1623191328.0612485, 5, 43
0.10375237464904785, 1623191328.0613077, 5, 44
0.10362720489501953, 1623191328.0613675, 5, 21
0.10345935821533203, 1623191328.0614266, 5, 33
0.10332465171813965, 1623191328.0614855, 5, 38
0.10320019721984863, 1623191328.0615437, 5, 26
0.10308599472045898, 1623191328.061617, 5, 36
0.10279965400695801, 1623191328.0616767, 5, 41
0.10270023345947266, 1623191328.061735, 5, 31
0.10262274742126465, 1623191328.061794, 5, 35
0.10241961479187012, 1623191328.061853, 5, 38
0.1022648811340332, 1623191328.0619118, 5, 43
0.10200858116149902, 1623191328.06197, 5, 27
0.10182380676269531, 1623191328.0620277, 5, 37
0.10155749320983887, 1623191328.0620866, 5, 39
0.10130834579467773, 1623191328.0621448, 5, 38
0.10109090805053711, 1623191328.062203, 5, 26
0.10103416442871094, 1623191328.062338, 5, 39
0.10091328620910645, 1623191328.0624044, 5, 35
0.10076045989990234, 1623191328.0624645, 5, 35
0.10059618949890137, 1623191328.0625234, 5, 45
0.10047268867492676, 1623191328.0625813, 5, 20
0.10032463073730469, 1623191328.0626385, 5, 22
0.10020637512207031, 1623191328.0626965, 5, 42
0.1001121997833252, 1623191328.0627553, 5, 35
0.09979557991027832, 1623191328.0628133, 5, 21
0.09965014457702637, 1623191328.0628712, 5, 47
0.09940123558044434, 1623191328.062931, 5, 26
0.09926247596740723, 1623191328.0629902, 5, 44
0.09903311729431152, 1623191328.0630484, 5, 42
0.09895992279052734, 1623191328.0631068, 5, 51
0.0987861156463623, 1623191328.0631645, 5, 16
0.09871745109558105, 1623191328.0632222, 5, 49
0.09861588478088379, 1623191328.0632808, 5, 44
0.09839653968811035, 1623191328.0633397, 5, 43
0.09824562072753906, 1623191328.063398, 5, 26
0.09804439544677734, 1623191328.0634565, 5, 37
0.09780645370483398, 1623191328.063514, 5, 28
0.09759140014648438, 1623191328.0635715, 5, 29
0.09744811058044434, 1623191328.0636327, 5, 45
0.09729766845703125, 1623191328.0636914, 5, 49
0.09716939926147461, 1623191328.06375, 5, 41
0.0970001220703125, 1623191328.063808, 5, 27
0.0969080924987793, 1623191328.0639417, 5, 40
0.09677934646606445, 1623191328.064004, 5, 32
0.09659790992736816, 1623191328.0640624, 5, 29
0.09642529487609863, 1623191328.0641212, 5, 55
0.09626936912536621, 1623191328.0641792, 5, 23
0.09610557556152344, 1623191328.0642364, 5, 47
0.0959017276763916, 1623191328.0642946, 5, 32
0.09577655792236328, 1623191328.0643523, 5, 25
0.09565448760986328, 1623191328.0644093, 5, 26
0.09548234939575195, 1623191328.0644693, 5, 31
0.09536552429199219, 1623191328.0645282, 5, 50
0.09524893760681152, 1623191328.0645862, 5, 27
0.09512925148010254, 1623191328.0646446, 5, 27
0.09496927261352539, 1623191328.0647025, 5, 40
0.09485125541687012, 1623191328.0647607, 5, 49
0.09467172622680664, 1623191328.0648181, 5, 28
0.09579014778137207, 1623191328.066121, 5, 41
0.09569549560546875, 1623191328.0661912, 5, 47
0.09561419486999512, 1623191328.0664022, 5, 17
0.09556889533996582, 1623191328.066611, 5, 45
0.09563827514648438, 1623191328.066869, 5, 40
0.09564828872680664, 1623191328.0670636, 5, 32
0.09566068649291992, 1623191328.0672672, 5, 29
0.09567904472351074, 1623191328.067512, 5, 54
0.09556865692138672, 1623191328.0676537, 5, 32
0.0955662727355957, 1623191328.0678575, 5, 12
0.09554672241210938, 1623191328.0680077, 5, 24
0.09555268287658691, 1623191328.0681894, 5, 42
0.09546875953674316, 1623191328.0683608, 5, 14
0.09527349472045898, 1623191328.0684502, 5, 53
0.09512090682983398, 1623191328.0685349, 5, 54
0.09498739242553711, 1623191328.0686445, 5, 34
0.09487771987915039, 1623191328.068755, 5, 27
0.09475922584533691, 1623191328.0688205, 5, 45
0.09465551376342773, 1623191328.068885, 5, 49
0.09451413154602051, 1623191328.0689456, 5, 52
0.09439682960510254, 1623191328.0690053, 5, 35
0.09427809715270996, 1623191328.0690653, 5, 57
0.09415864944458008, 1623191328.0691237, 5, 24
0.09405803680419922, 1623191328.0691838, 5, 50
0.09395694732666016, 1623191328.0692425, 5, 27
0.09380912780761719, 1623191328.0693002, 5, 27
0.09369230270385742, 1623191328.069358, 5, 23
0.09356546401977539, 1623191328.0694168, 5, 31
0.09346914291381836, 1623191328.0694742, 5, 44
0.09332442283630371, 1623191328.0695336, 5, 40
0.09320640563964844, 1623191328.0695922, 5, 32
0.0930931568145752, 1623191328.0696507, 5, 26
0.09298110008239746, 1623191328.06971, 5, 33
0.09287095069885254, 1623191328.0697684, 5, 55
0.09268665313720703, 1623191328.0698276, 5, 37
0.09260249137878418, 1623191328.0698857, 5, 23
0.09250140190124512, 1623191328.0699437, 5, 41
0.09239935874938965, 1623191328.0700023, 5, 33
0.0922842025756836, 1623191328.0700612, 5, 25
0.09216499328613281, 1623191328.0701196, 5, 47
0.09208464622497559, 1623191328.0701787, 5, 46
0.09193921089172363, 1623191328.070239, 5, 29
0.09169602394104004, 1623191328.070297, 5, 20
0.0915834903717041, 1623191328.0703578, 5, 30
0.0914771556854248, 1623191328.070418, 5, 37
0.09129071235656738, 1623191328.0704772, 5, 61
0.09122228622436523, 1623191328.0705361, 5, 27
0.09105992317199707, 1623191328.0705955, 5, 40
0.09099531173706055, 1623191328.070656, 5, 37
0.09086799621582031, 1623191328.070715, 5, 42
0.09071159362792969, 1623191328.0707743, 5, 50
0.09059429168701172, 1623191328.0708332, 5, 30
0.09044981002807617, 1623191328.0708919, 5, 41
0.09032392501831055, 1623191328.0709512, 5, 35
0.09021186828613281, 1623191328.07101, 5, 48
0.09003806114196777, 1623191328.0710695, 5, 52
0.0899193286895752, 1623191328.0711274, 5, 20
0.08981680870056152, 1623191328.071186, 5, 46
0.08970332145690918, 1623191328.071245, 5, 32
0.08958721160888672, 1623191328.0713034, 5, 48
0.08945059776306152, 1623191328.0713618, 5, 35
0.08928155899047852, 1623191328.0714214, 5, 57
0.08916187286376953, 1623191328.07148, 5, 52
0.08905935287475586, 1623191328.0715382, 5, 26
0.0888967514038086, 1623191328.0715966, 5, 24
0.08877778053283691, 1623191328.071654, 5, 41
0.08864760398864746, 1623191328.0717134, 5, 33
0.088531494140625, 1623191328.0717719, 5, 53
0.08891606330871582, 1623191328.0723267, 5, 40
0.08892035484313965, 1623191328.0725024, 5, 32
0.08896827697753906, 1623191328.072723, 5, 34
0.08900570869445801, 1623191328.0729685, 5, 38
0.08892655372619629, 1623191328.0730624, 5, 21
0.08899044990539551, 1623191328.0733, 5, 21
0.089019775390625, 1623191328.0735006, 5, 41
0.08894062042236328, 1623191328.073663, 5, 52
0.08897113800048828, 1623191328.07382, 5, 28
0.0890803337097168, 1623191328.0740855, 5, 26
0.08903956413269043, 1623191328.0742257, 5, 50
0.08900976181030273, 1623191328.0743651, 5, 27
0.08901095390319824, 1623191328.07452, 5, 48
0.08891749382019043, 1623191328.0745993, 5, 46
0.08881664276123047, 1623191328.074668, 5, 38
0.08880376815795898, 1623191328.0748277, 5, 41
0.08879709243774414, 1623191328.0749927, 5, 27
0.08870911598205566, 1623191328.0750782, 5, 35
0.08864402770996094, 1623191328.0751867, 5, 18
0.08865857124328613, 1623191328.0753706, 5, 58
0.08870625495910645, 1623191328.0755904, 5, 31
0.08888030052185059, 1623191328.075919, 5, 38
0.08886456489562988, 1623191328.076099, 5, 19
0.08897900581359863, 1623191328.0764236, 5, 49
0.08884644508361816, 1623191328.0766037, 5, 37
0.08873128890991211, 1623191328.0767288, 5, 34
0.0886693000793457, 1623191328.076857, 5, 44
0.08857321739196777, 1623191328.0769465, 5, 39
0.08846449851989746, 1623191328.0770125, 5, 37
0.0883786678314209, 1623191328.0770757, 5, 38
0.08820629119873047, 1623191328.0771387, 5, 53
0.08806014060974121, 1623191328.0772002, 5, 23
0.08794212341308594, 1623191328.0772624, 5, 39
0.08783888816833496, 1623191328.0773232, 5, 42
0.08772802352905273, 1623191328.0773842, 5, 33
0.08761310577392578, 1623191328.077444, 5, 34
0.08749508857727051, 1623191328.0775037, 5, 29
0.08739733695983887, 1623191328.0775633, 5, 40
0.08727812767028809, 1623191328.0776234, 5, 50
0.08722925186157227, 1623191328.0777438, 5, 36
0.08715367317199707, 1623191328.077844, 5, 33
0.0870506763458252, 1623191328.0779154, 5, 31
0.0869452953338623, 1623191328.0779831, 5, 29
0.08688163757324219, 1623191328.0780904, 5, 37
0.08678841590881348, 1623191328.0781612, 5, 16
0.0866842269897461, 1623191328.078225, 5, 29
0.0865776538848877, 1623191328.0782876, 5, 31
0.08643960952758789, 1623191328.0783486, 5, 28
0.08631539344787598, 1623191328.0784101, 5, 37
0.0861968994140625, 1623191328.0784771, 5, 26
0.08610320091247559, 1623191328.0785606, 5, 28
0.08600735664367676, 1623191328.0786233, 5, 26
0.08586978912353516, 1623191328.0786846, 5, 33
0.08578324317932129, 1623191328.0787468, 5, 24
0.08566641807556152, 1623191328.0788076, 5, 26
0.08554959297180176, 1623191328.078868, 5, 27
0.08542513847351074, 1623191328.0789292, 5, 15
0.08531618118286133, 1623191328.0789902, 5, 34
0.0852353572845459, 1623191328.0791078, 5, 37
0.0851132869720459, 1623191328.0792387, 5, 31
0.08506536483764648, 1623191328.079318, 5, 58
0.08496904373168945, 1623191328.0794458, 5, 29
0.08495616912841797, 1623191328.0795584, 5, 49
0.08478665351867676, 1623191328.0796268, 5, 29
0.08472394943237305, 1623191328.0796897, 5, 36
0.084564208984375, 1623191328.079752, 5, 23
0.0845785140991211, 1623191328.0798922, 5, 48
0.08449292182922363, 1623191328.079963, 5, 22
0.08438229560852051, 1623191328.0800254, 5, 36
0.0842437744140625, 1623191328.0800877, 5, 31
0.0841379165649414, 1623191328.0801494, 5, 15
0.08402872085571289, 1623191328.0802107, 5, 21
0.08394145965576172, 1623191328.0802724, 5, 34
0.08382725715637207, 1623191328.0803342, 5, 36
0.08371782302856445, 1623191328.080395, 5, 32
0.0834662914276123, 1623191328.0804584, 5, 19
0.08337712287902832, 1623191328.0805228, 5, 24
0.08326935768127441, 1623191328.080585, 5, 45
0.08312106132507324, 1623191328.080647, 5, 46
0.08299756050109863, 1623191328.0807095, 5, 41
0.08286929130554199, 1623191328.0807726, 5, 35
0.08272838592529297, 1623191328.0808353, 5, 39
0.0826878547668457, 1623191328.0809858, 5, 34
0.08254885673522949, 1623191328.081071, 5, 31
0.08248329162597656, 1623191328.0811942, 5, 37
0.08239126205444336, 1623191328.0813072, 5, 35
0.08227968215942383, 1623191328.0813768, 5, 26
0.08211779594421387, 1623191328.0814397, 5, 33
0.08199763298034668, 1623191328.081502, 5, 28
0.08183979988098145, 1623191328.081564, 5, 33
0.0816645622253418, 1623191328.0816255, 5, 36
0.08151865005493164, 1623191328.0816863, 5, 33
0.08138918876647949, 1623191328.0817475, 5, 48
0.0813143253326416, 1623191328.0818086, 5, 28
0.08130002021789551, 1623191328.0818887, 5, 47
0.08131098747253418, 1623191328.0819917, 5, 41
0.08122491836547852, 1623191328.08206, 5, 45
0.08118319511413574, 1623191328.0821233, 5, 44
0.08115506172180176, 1623191328.082185, 5, 36
0.0811302661895752, 1623191328.0822465, 5, 36
0.08102130889892578, 1623191328.0823102, 5, 41
0.08098363876342773, 1623191328.0823712, 5, 51
0.08094477653503418, 1623191328.082433, 5, 44
0.0809183120727539, 1623191328.082495, 5, 28
0.08090972900390625, 1623191328.0825703, 5, 28
0.0808861255645752, 1623191328.0826337, 5, 32
0.08086323738098145, 1623191328.0826957, 5, 60
0.08083963394165039, 1623191328.0827572, 5, 21
0.08086299896240234, 1623191328.082864, 5, 20
0.08084440231323242, 1623191328.082932, 5, 37
0.08075428009033203, 1623191328.0829942, 5, 26
0.08072018623352051, 1623191328.083056, 5, 40
0.08069896697998047, 1623191328.0831168, 5, 22
0.08071589469909668, 1623191328.0832195, 5, 36
0.08069753646850586, 1623191328.083287, 5, 38
0.08067059516906738, 1623191328.0833478, 5, 47
0.08063435554504395, 1623191328.0834086, 5, 36
0.08060789108276367, 1623191328.0834699, 5, 33
0.08058381080627441, 1623191328.0835307, 5, 40
0.08055663108825684, 1623191328.0835912, 5, 20
0.08053445816040039, 1623191328.0836506, 5, 42
0.08050966262817383, 1623191328.0837102, 5, 26
0.08047032356262207, 1623191328.0837698, 5, 39
0.08057141304016113, 1623191328.083952, 5, 40
0.08055830001831055, 1623191328.0840204, 5, 41
0.0805366039276123, 1623191328.084086, 5, 41
0.08055758476257324, 1623191328.0841916, 5, 36
0.08054828643798828, 1623191328.084261, 5, 32
0.08056783676147461, 1623191328.0843658, 5, 46
0.08053851127624512, 1623191328.0844347, 5, 37
0.08055543899536133, 1623191328.0845394, 5, 34
0.0805654525756836, 1623191328.0846274, 5, 37
0.08058476448059082, 1623191328.0847325, 5, 37
0.08057069778442383, 1623191328.0848012, 5, 50
0.08053183555603027, 1623191328.0849166, 5, 29
0.08056163787841797, 1623191328.085044, 5, 40
0.08053326606750488, 1623191328.085115, 5, 35
0.08056998252868652, 1623191328.0852349, 5, 23
0.08055281639099121, 1623191328.0853028, 5, 43
0.0805518627166748, 1623191328.085408, 5, 26
0.08053970336914062, 1623191328.085477, 5, 21
0.08046746253967285, 1623191328.0855398, 5, 45
0.08043289184570312, 1623191328.0856018, 5, 40
0.08030819892883301, 1623191328.0856638, 5, 18
0.0803070068359375, 1623191328.0857832, 5, 19
0.08033585548400879, 1623191328.0858986, 5, 30
0.0803220272064209, 1623191328.0859666, 5, 47
0.08021759986877441, 1623191328.0860279, 5, 30
0.08017611503601074, 1623191328.0860896, 5, 51
0.08016419410705566, 1623191328.0861678, 5, 56
0.08014059066772461, 1623191328.0862327, 5, 30
0.08011603355407715, 1623191328.0862942, 5, 27
0.08009719848632812, 1623191328.0863554, 5, 35
0.08007049560546875, 1623191328.0864165, 5, 29
0.0799551010131836, 1623191328.086477, 5, 27
0.07992100715637207, 1623191328.0865378, 5, 24
0.07990026473999023, 1623191328.0866017, 5, 26
0.07988238334655762, 1623191328.0866652, 5, 34
0.07984757423400879, 1623191328.0867274, 5, 28
0.07978534698486328, 1623191328.086812, 5, 49
0.07983779907226562, 1623191328.0869727, 5, 51
0.07982563972473145, 1623191328.087049, 5, 37
0.07981085777282715, 1623191328.087121, 5, 34
0.07970333099365234, 1623191328.087191, 5, 23
0.0796499252319336, 1623191328.0872612, 5, 47
0.07963013648986816, 1623191328.087331, 5, 42
0.07961320877075195, 1623191328.0874007, 5, 20
0.07952332496643066, 1623191328.0874703, 5, 30
0.07951092720031738, 1623191328.0875401, 5, 54
0.07949280738830566, 1623191328.0876107, 5, 34
0.07937455177307129, 1623191328.08768, 5, 23
0.07931661605834961, 1623191328.0877495, 5, 36
0.0794212818145752, 1623191328.0879445, 5, 36
0.07940483093261719, 1623191328.0880237, 5, 39
0.0793907642364502, 1623191328.088096, 5, 34
0.07937502861022949, 1623191328.0881689, 5, 14
0.07935810089111328, 1623191328.0882409, 5, 47
0.07934069633483887, 1623191328.0883126, 5, 41
0.07933187484741211, 1623191328.088383, 5, 39
0.07931733131408691, 1623191328.0884526, 5, 25
0.07930302619934082, 1623191328.088522, 5, 30
0.07930541038513184, 1623191328.088608, 5, 19
0.07921671867370605, 1623191328.088679, 5, 26
0.07914304733276367, 1623191328.08875, 5, 53
0.0789954662322998, 1623191328.0888207, 5, 52
0.07894349098205566, 1623191328.0888906, 5, 44
0.07892084121704102, 1623191328.0889604, 5, 28
0.07896852493286133, 1623191328.089089, 5, 43
0.07896685600280762, 1623191328.0891728, 5, 32
0.07902979850769043, 1623191328.0893135, 5, 26
0.07902216911315918, 1623191328.0893893, 5, 29
0.07891154289245605, 1623191328.089461, 5, 36
0.07885861396789551, 1623191328.0895317, 5, 50
0.07884550094604492, 1623191328.0896013, 5, 23
0.0788278579711914, 1623191328.0896707, 5, 37
0.07880067825317383, 1623191328.0897403, 5, 27
0.07883310317993164, 1623191328.089859, 5, 29
0.07882475852966309, 1623191328.0899353, 5, 21
0.07880806922912598, 1623191328.090006, 5, 33
0.07880043983459473, 1623191328.0900772, 5, 43
0.07878613471984863, 1623191328.09015, 5, 34
0.07876110076904297, 1623191328.0902205, 5, 32
0.07874655723571777, 1623191328.09029, 5, 38
0.07873153686523438, 1623191328.0903602, 5, 37
0.07871699333190918, 1623191328.09043, 5, 37
0.07870316505432129, 1623191328.0904994, 5, 36
0.07865548133850098, 1623191328.0905685, 5, 56
0.07864022254943848, 1623191328.09064, 5, 26
0.07865285873413086, 1623191328.0907304, 5, 28
0.07864737510681152, 1623191328.0908084, 5, 33
0.07853436470031738, 1623191328.0909524, 5, 39
0.0785226821899414, 1623191328.0910308, 5, 31
0.07851004600524902, 1623191328.0911038, 5, 50
0.07848668098449707, 1623191328.0911748, 5, 24
0.07847976684570312, 1623191328.091246, 5, 48
0.07846593856811523, 1623191328.0913167, 5, 56
0.07845711708068848, 1623191328.091388, 5, 34
0.07844996452331543, 1623191328.0914583, 5, 29
0.07843613624572754, 1623191328.0915284, 5, 34
0.07841897010803223, 1623191328.0915985, 5, 42
0.07839441299438477, 1623191328.0916684, 5, 28
0.07842111587524414, 1623191328.091779, 5, 28
0.0784907341003418, 1623191328.0919297, 12, 10
0.20933818817138672, 1623191328.1001728, 5, 26
0.20953965187072754, 1623191328.10057, 5, 35
0.20952153205871582, 1623191328.1008267, 5, 44
0.20941638946533203, 1623191328.1010277, 5, 32
0.20931315422058105, 1623191328.101203, 5, 55
0.2093217372894287, 1623191328.1013882, 5, 28
0.2092437744140625, 1623191328.1015599, 5, 40
0.20925545692443848, 1623191328.1017394, 5, 58
0.20922017097473145, 1623191328.1018353, 5, 51
0.20913958549499512, 1623191328.1019738, 5, 34
0.20904302597045898, 1623191328.1020467, 5, 54
0.2089545726776123, 1623191328.1021135, 5, 47
0.2088015079498291, 1623191328.1021833, 5, 45
0.20873475074768066, 1623191328.1023242, 5, 24
0.2087709903717041, 1623191328.1025467, 5, 32
0.20871949195861816, 1623191328.1026814, 5, 44
0.20867538452148438, 1623191328.10281, 5, 25
0.20865941047668457, 1623191328.1029677, 5, 15
0.20856881141662598, 1623191328.1030564, 5, 40
0.2084674835205078, 1623191328.1031284, 5, 16
0.2083601951599121, 1623191328.1031952, 5, 36
0.20825529098510742, 1623191328.1032598, 5, 49
0.20814895629882812, 1623191328.1033235, 5, 52
0.20802712440490723, 1623191328.1033864, 5, 24
0.2079451084136963, 1623191328.1034746, 5, 40
0.20782852172851562, 1623191328.1035395, 5, 23
0.20761418342590332, 1623191328.1036036, 5, 48
0.207472562789917, 1623191328.103668, 5, 33
0.2073533535003662, 1623191328.1037316, 5, 53
0.20723724365234375, 1623191328.1037958, 5, 46
0.20713233947753906, 1623191328.1038733, 5, 56
0.20701098442077637, 1623191328.1039395, 5, 30
0.20689821243286133, 1623191328.1040032, 5, 22
0.20675301551818848, 1623191328.104067, 5, 39
0.20668721199035645, 1623191328.1042054, 5, 43
0.20651865005493164, 1623191328.1042802, 5, 24
0.2063148021697998, 1623191328.1043456, 5, 26
0.2062082290649414, 1623191328.10441, 5, 34
0.20612525939941406, 1623191328.1044748, 5, 34
0.20599126815795898, 1623191328.1045394, 5, 52
0.20589184761047363, 1623191328.1046224, 5, 35
0.20570588111877441, 1623191328.1046882, 5, 28
0.2056422233581543, 1623191328.1047537, 5, 45
0.20552635192871094, 1623191328.1048198, 5, 34
0.2053987979888916, 1623191328.1048853, 5, 20
0.20528531074523926, 1623191328.1049507, 5, 44
0.20513033866882324, 1623191328.1050172, 5, 43
0.2049407958984375, 1623191328.105083, 5, 45
0.20487761497497559, 1623191328.105149, 5, 20
0.20478415489196777, 1623191328.1052167, 5, 48
0.20467782020568848, 1623191328.105283, 5, 36
0.20457196235656738, 1623191328.1053488, 5, 58
0.20441675186157227, 1623191328.1054144, 5, 42
0.20430445671081543, 1623191328.10548, 5, 36
0.2042088508605957, 1623191328.1055627, 5, 53
0.20408868789672852, 1623191328.1056292, 5, 32
0.20397329330444336, 1623191328.1056962, 5, 42
0.20386433601379395, 1623191328.1057637, 5, 44
0.20373749732971191, 1623191328.105831, 5, 46
0.20356297492980957, 1623191328.1058977, 5, 28
0.2034471035003662, 1623191328.1059651, 5, 33
0.2034304141998291, 1623191328.1061053, 5, 46
0.20334315299987793, 1623191328.106194, 5, 37
0.20325541496276855, 1623191328.106268, 5, 21
0.20314478874206543, 1623191328.10634, 5, 35
0.20304131507873535, 1623191328.1064095, 5, 43
0.20292448997497559, 1623191328.1064785, 5, 44
0.2028343677520752, 1623191328.106563, 5, 46
0.20261454582214355, 1623191328.1066332, 5, 55
0.20253920555114746, 1623191328.106703, 5, 46
0.20236849784851074, 1623191328.1067727, 5, 47
0.2022550106048584, 1623191328.1068423, 5, 26
0.20218467712402344, 1623191328.106957, 5, 27
0.20208477973937988, 1623191328.1070342, 5, 31
0.2020118236541748, 1623191328.1071079, 5, 44
0.20192861557006836, 1623191328.1071792, 5, 41
0.2018418312072754, 1623191328.1072743, 5, 28
0.2017345428466797, 1623191328.1073432, 5, 32
0.2016453742980957, 1623191328.1074338, 5, 25
0.20155119895935059, 1623191328.107504, 5, 16
0.20145106315612793, 1623191328.1075742, 5, 48
0.20128941535949707, 1623191328.1076446, 5, 47
0.20118165016174316, 1623191328.1077137, 5, 57
0.20106887817382812, 1623191328.1077828, 5, 25
0.20109868049621582, 1623191328.108019, 5, 57
0.20109987258911133, 1623191328.1081731, 5, 27
0.20099973678588867, 1623191328.1082842, 5, 37
0.20095205307006836, 1623191328.1083536, 5, 24
0.20075201988220215, 1623191328.1084244, 5, 16
0.20062971115112305, 1623191328.108495, 5, 32
0.2005317211151123, 1623191328.1085656, 5, 36
0.20043110847473145, 1623191328.108636, 5, 29
0.20025849342346191, 1623191328.1087062, 5, 69
0.2000725269317627, 1623191328.1087756, 5, 25
0.1998739242553711, 1623191328.108845, 5, 33
0.199751615524292, 1623191328.108914, 5, 31
0.19964146614074707, 1623191328.1089828, 5, 24
0.1995391845703125, 1623191328.1090527, 5, 38
0.19940590858459473, 1623191328.1091216, 5, 48
0.19930458068847656, 1623191328.1091926, 5, 49
0.19919943809509277, 1623191328.1092627, 5, 36
0.19909095764160156, 1623191328.1093316, 5, 41
0.19898605346679688, 1623191328.1094007, 5, 33
0.19887852668762207, 1623191328.1094706, 5, 41
0.19872617721557617, 1623191328.1095395, 5, 29
0.1986100673675537, 1623191328.109608, 5, 26
0.19852232933044434, 1623191328.1096766, 5, 20
0.19842028617858887, 1623191328.109744, 5, 27
0.19832205772399902, 1623191328.1098127, 5, 48
0.19820547103881836, 1623191328.109881, 5, 16
0.19804835319519043, 1623191328.1099489, 5, 28
0.19747447967529297, 1623191328.110017, 5, 33
0.19739890098571777, 1623191328.1100848, 5, 18
0.19733905792236328, 1623191328.1101527, 5, 25
0.19732046127319336, 1623191328.1102593, 5, 24
0.19731855392456055, 1623191328.1103797, 5, 27
0.1971573829650879, 1623191328.1104503, 5, 44
0.19700002670288086, 1623191328.110514, 5, 40
0.19686651229858398, 1623191328.1105766, 5, 36
0.1966686248779297, 1623191328.1106396, 5, 34
0.1965501308441162, 1623191328.1107028, 5, 45
0.19635820388793945, 1623191328.1107647, 5, 42
0.1962881088256836, 1623191328.1108277, 5, 36
0.19617533683776855, 1623191328.1108894, 5, 52
0.19606566429138184, 1623191328.1109588, 5, 41
0.19597196578979492, 1623191328.1110275, 5, 30
0.19574379920959473, 1623191328.1110957, 5, 54
0.1956799030303955, 1623191328.111163, 5, 31
0.19552826881408691, 1623191328.1112301, 5, 22
0.19541168212890625, 1623191328.111296, 5, 29
0.19530534744262695, 1623191328.1113622, 5, 24
0.19519853591918945, 1623191328.1114295, 5, 49
0.19509577751159668, 1623191328.1114976, 5, 44
0.19487762451171875, 1623191328.1115654, 5, 20
0.19472479820251465, 1623191328.1116338, 5, 46
0.1946110725402832, 1623191328.1117218, 5, 47
0.19450163841247559, 1623191328.1117918, 5, 28
0.1944115161895752, 1623191328.1120162, 5, 40
0.1943817138671875, 1623191328.112141, 5, 31
0.19426584243774414, 1623191328.1122198, 5, 48
0.19414782524108887, 1623191328.112292, 5, 33
0.19405555725097656, 1623191328.1123788, 5, 25
0.1939389705657959, 1623191328.1124508, 5, 41
0.19386529922485352, 1623191328.1125216, 5, 23
0.19370222091674805, 1623191328.1125922, 5, 43
0.19351744651794434, 1623191328.1126626, 5, 36
0.19345498085021973, 1623191328.1127324, 5, 35
0.1933438777923584, 1623191328.1128016, 5, 22
0.19322872161865234, 1623191328.11287, 5, 24
0.19300317764282227, 1623191328.1129408, 5, 32
0.19298791885375977, 1623191328.1130598, 5, 35
0.19287371635437012, 1623191328.1131363, 5, 38
0.19276046752929688, 1623191328.1132073, 5, 45
0.19275808334350586, 1623191328.1134028, 5, 30
0.19265317916870117, 1623191328.113487, 5, 51
0.19252991676330566, 1623191328.1135585, 5, 32
0.19241833686828613, 1623191328.113629, 5, 37
0.19222068786621094, 1623191328.1136978, 5, 29
0.19208431243896484, 1623191328.1137667, 5, 36
0.1918792724609375, 1623191328.1138394, 5, 36
0.1917405128479004, 1623191328.1139631, 5, 32
0.19153904914855957, 1623191328.1140401, 5, 45
0.19134163856506348, 1623191328.114111, 5, 39
0.19114136695861816, 1623191328.1141813, 5, 54
0.1909627914428711, 1623191328.1142514, 5, 25
0.19081830978393555, 1623191328.1143203, 5, 41
0.1906745433807373, 1623191328.1143906, 5, 39
0.19049406051635742, 1623191328.1144593, 5, 43
0.1903676986694336, 1623191328.1145282, 5, 26
0.19022417068481445, 1623191328.114597, 5, 44
0.19011425971984863, 1623191328.114667, 5, 46
0.18998956680297852, 1623191328.1147358, 5, 62
0.18983721733093262, 1623191328.1148057, 5, 45
0.1897108554840088, 1623191328.1148748, 5, 32
0.18959903717041016, 1623191328.1149466, 5, 40
0.18946075439453125, 1623191328.1150174, 5, 44
0.18935465812683105, 1623191328.115087, 5, 24
0.18921303749084473, 1623191328.1151564, 5, 21
0.18910694122314453, 1623191328.1152258, 5, 21
0.18900680541992188, 1623191328.1152954, 5, 41
0.18882346153259277, 1623191328.1153643, 5, 25
0.1887648105621338, 1623191328.1154337, 5, 62
0.1886754035949707, 1623191328.1155024, 5, 25
0.18856382369995117, 1623191328.1155794, 5, 30
0.18844151496887207, 1623191328.1156578, 5, 39
0.1883373260498047, 1623191328.1157272, 5, 30
0.18823552131652832, 1623191328.1157947, 5, 21
0.18816328048706055, 1623191328.1159034, 5, 35
0.18801069259643555, 1623191328.1159759, 5, 47
0.18790769577026367, 1623191328.1160464, 5, 29
0.18781495094299316, 1623191328.116115, 5, 27
0.18766045570373535, 1623191328.1161845, 5, 40
0.18760299682617188, 1623191328.116254, 5, 39
0.18755054473876953, 1623191328.1163232, 5, 24
0.1873936653137207, 1623191328.1163917, 5, 30
0.18729090690612793, 1623191328.1164608, 5, 16
0.18719482421875, 1623191328.116531, 5, 38
0.18709111213684082, 1623191328.1165998, 5, 29
0.1869826316833496, 1623191328.1166687, 5, 19
0.18688154220581055, 1623191328.1167393, 5, 26
0.18677020072937012, 1623191328.1168082, 5, 29
0.1866621971130371, 1623191328.1168776, 5, 44
0.18649744987487793, 1623191328.1169465, 5, 29
0.1863114833831787, 1623191328.1170151, 5, 46
0.18609619140625, 1623191328.1170838, 5, 42
0.18597102165222168, 1623191328.1171546, 5, 47
0.18586039543151855, 1623191328.117224, 5, 19
0.18569707870483398, 1623191328.1172924, 5, 26
0.18557095527648926, 1623191328.1173613, 5, 39
0.18535065650939941, 1623191328.11743, 5, 33
0.18523287773132324, 1623191328.1174984, 5, 29
0.18506741523742676, 1623191328.1175673, 5, 29
0.18500232696533203, 1623191328.1176355, 5, 22
0.18483233451843262, 1623191328.117704, 5, 33
0.18469786643981934, 1623191328.1177728, 5, 54
0.18459033966064453, 1623191328.1178424, 5, 51
0.1844773292541504, 1623191328.1179118, 5, 52
0.18435978889465332, 1623191328.1179802, 5, 15
0.18424654006958008, 1623191328.1180494, 5, 38
0.18412518501281738, 1623191328.118118, 5, 28
0.18403077125549316, 1623191328.1181867, 5, 23
0.18389582633972168, 1623191328.1182878, 5, 52
0.18380403518676758, 1623191328.1184216, 5, 54
0.18379974365234375, 1623191328.1185937, 5, 21
0.18376922607421875, 1623191328.1187544, 5, 63
0.18373465538024902, 1623191328.1189084, 5, 43
0.1837165355682373, 1623191328.1190689, 5, 47
0.1836705207824707, 1623191328.1192093, 5, 43
0.18363618850708008, 1623191328.1193554, 5, 23
0.18353724479675293, 1623191328.1195033, 5, 49
0.18350768089294434, 1623191328.119661, 5, 25
0.18340516090393066, 1623191328.1197374, 5, 47
0.1832878589630127, 1623191328.119806, 5, 29
0.18325591087341309, 1623191328.120006, 5, 39
0.1831672191619873, 1623191328.120105, 5, 49
0.18302369117736816, 1623191328.1201868, 5, 43
0.1828327178955078, 1623191328.1202633, 5, 34
0.18272089958190918, 1623191328.1203372, 5, 54
0.18259525299072266, 1623191328.1204083, 5, 23
0.18246674537658691, 1623191328.1204803, 5, 42
0.18233346939086914, 1623191328.1205645, 5, 34
0.18221163749694824, 1623191328.1206331, 5, 44
0.18212008476257324, 1623191328.120701, 5, 34
0.18199396133422852, 1623191328.1207683, 5, 47
0.1818711757659912, 1623191328.120836, 5, 40
0.18167757987976074, 1623191328.1209035, 5, 44
0.18155860900878906, 1623191328.1209702, 5, 28
0.1813654899597168, 1623191328.1210377, 5, 25
0.18129849433898926, 1623191328.1211045, 5, 24
0.18117284774780273, 1623191328.1211736, 5, 24
0.18101072311401367, 1623191328.1212418, 5, 41
0.18084144592285156, 1623191328.1213086, 5, 26
0.1806483268737793, 1623191328.1213756, 5, 22
0.18042278289794922, 1623191328.1214423, 5, 48
0.18024420738220215, 1623191328.1215231, 5, 25
0.18006038665771484, 1623191328.1215878, 5, 21
0.179854154586792, 1623191328.121652, 5, 29
0.17965984344482422, 1623191328.1217172, 5, 55
0.17947053909301758, 1623191328.1217825, 5, 27
0.17926239967346191, 1623191328.1218476, 5, 54
0.17914676666259766, 1623191328.1219132, 5, 39
0.17899394035339355, 1623191328.121979, 5, 47
0.178877592086792, 1623191328.1220877, 5, 42
0.17873191833496094, 1623191328.1221616, 5, 46
0.17861366271972656, 1623191328.122227, 5, 31
0.17848730087280273, 1623191328.122292, 5, 27
0.17832136154174805, 1623191328.122356, 5, 31
0.17828154563903809, 1623191328.1224735, 5, 23
0.17824196815490723, 1623191328.1226053, 5, 49
0.17808175086975098, 1623191328.1226938, 5, 55
0.1780238151550293, 1623191328.1227667, 5, 26
0.18365836143493652, 1623191328.128627, 5, 41
0.18382716178894043, 1623191328.1289244, 5, 39
0.18383145332336426, 1623191328.12912, 5, 27
0.18392372131347656, 1623191328.1293979, 5, 17
0.18402791023254395, 1623191328.1297042, 5, 45
0.18417668342590332, 1623191328.130021, 5, 36
0.18434762954711914, 1623191328.1303637, 5, 51
0.18444132804870605, 1623191328.1306343, 5, 17
0.18455719947814941, 1623191328.1309206, 5, 35
0.18461012840270996, 1623191328.131149, 5, 24
0.1846022605895996, 1623191328.131369, 5, 50
0.184584379196167, 1623191328.1315281, 5, 26
0.18459177017211914, 1623191328.1316938, 5, 47
0.18448424339294434, 1623191328.1318924, 5, 61
0.18447351455688477, 1623191328.1320126, 5, 44
0.1845097541809082, 1623191328.1321733, 5, 33
0.1843585968017578, 1623191328.1322887, 5, 31
0.18433475494384766, 1623191328.1324425, 5, 24
0.18421149253845215, 1623191328.13255, 5, 38
0.1841564178466797, 1623191328.1326728, 5, 16
0.1841416358947754, 1623191328.1328325, 5, 51
0.18406033515930176, 1623191328.1329658, 5, 19
0.18398618698120117, 1623191328.1331255, 5, 54
0.18392562866210938, 1623191328.1332664, 5, 36
0.1838686466217041, 1623191328.1334047, 5, 30
0.18386197090148926, 1623191328.1335855, 5, 38
0.1837780475616455, 1623191328.1337175, 5, 31
0.1836707592010498, 1623191328.1337907, 5, 40
0.18355226516723633, 1623191328.1338549, 5, 31
0.1834423542022705, 1623191328.1339173, 5, 25
0.18337106704711914, 1623191328.1340258, 5, 58
0.18323755264282227, 1623191328.1340952, 5, 42
0.18309974670410156, 1623191328.13416, 5, 50
0.1829824447631836, 1623191328.134224, 5, 20
0.18284273147583008, 1623191328.134287, 5, 30
0.18272662162780762, 1623191328.1343508, 5, 38
0.1825554370880127, 1623191328.1344144, 5, 25
0.18244290351867676, 1623191328.1344776, 5, 40
0.18234515190124512, 1623191328.134556, 5, 19
0.18223810195922852, 1623191328.1346197, 5, 19
0.1821272373199463, 1623191328.1346834, 5, 24
0.182020902633667, 1623191328.134747, 5, 37
0.18185019493103027, 1623191328.1348107, 5, 30
0.18173599243164062, 1623191328.1348746, 5, 47
0.18159770965576172, 1623191328.1349387, 5, 26
0.18148016929626465, 1623191328.1350017, 5, 22
0.18133974075317383, 1623191328.135066, 5, 42
0.18123149871826172, 1623191328.1351302, 5, 56
0.18109917640686035, 1623191328.1351943, 5, 45
0.18097662925720215, 1623191328.1352584, 5, 35
0.1808629035949707, 1623191328.1353219, 5, 31
0.1807386875152588, 1623191328.1353855, 5, 49
0.18059778213500977, 1623191328.1354501, 5, 50
0.18042707443237305, 1623191328.1355326, 5, 33
0.18030571937561035, 1623191328.1355982, 5, 31
0.18021154403686523, 1623191328.135664, 5, 34
0.18011093139648438, 1623191328.135729, 5, 41
0.18011164665222168, 1623191328.1360195, 5, 39
0.1800830364227295, 1623191328.1361203, 5, 44
0.17997217178344727, 1623191328.1362336, 5, 27
0.18000340461730957, 1623191328.1363955, 5, 48
0.17999720573425293, 1623191328.1365135, 5, 33
0.17989873886108398, 1623191328.1366494, 5, 42
0.17978334426879883, 1623191328.136726, 5, 30
0.17973828315734863, 1623191328.1368876, 5, 43
0.17947602272033691, 1623191328.1370313, 5, 44
0.17943811416625977, 1623191328.1371784, 5, 21
0.17935609817504883, 1623191328.1373234, 5, 33
0.17929673194885254, 1623191328.1374576, 5, 38
0.17918920516967773, 1623191328.1375327, 5, 26
0.17907047271728516, 1623191328.1376014, 5, 36
0.17879223823547363, 1623191328.1376693, 5, 41
0.17870092391967773, 1623191328.1377356, 5, 31
0.17863202095031738, 1623191328.1378033, 5, 35
0.178436279296875, 1623191328.1378696, 5, 38
0.17828989028930664, 1623191328.1379368, 5, 43
0.17804169654846191, 1623191328.138003, 5, 27
0.17786598205566406, 1623191328.1380699, 5, 37
0.1776106357574463, 1623191328.1381397, 5, 39
0.17737054824829102, 1623191328.138207, 5, 38
0.17717576026916504, 1623191328.1382878, 5, 26
0.17717242240905762, 1623191328.1384764, 5, 39
0.17705988883972168, 1623191328.138551, 5, 35
0.17691493034362793, 1623191328.138619, 5, 35
0.1767587661743164, 1623191328.138686, 5, 45
0.17664265632629395, 1623191328.1387513, 5, 20
0.17650294303894043, 1623191328.1388168, 5, 22
0.1763927936553955, 1623191328.1388829, 5, 42
0.17630529403686523, 1623191328.1389484, 5, 35
0.18242526054382324, 1623191328.145443, 5, 21
0.18258118629455566, 1623191328.1458023, 5, 47
0.18259143829345703, 1623191328.1461213, 5, 26
0.1826627254486084, 1623191328.1463904, 5, 44
0.18261003494262695, 1623191328.1466253, 5, 42
0.1827082633972168, 1623191328.146855, 5, 51
0.18273544311523438, 1623191328.1471138, 5, 16
0.18282747268676758, 1623191328.1473322, 5, 49
0.18294763565063477, 1623191328.1476126, 5, 44
0.1829230785369873, 1623191328.1478662, 5, 43
0.1829237937927246, 1623191328.148076, 5, 26
0.18282294273376465, 1623191328.148235, 5, 37
0.182692289352417, 1623191328.1483998, 5, 28
0.18265080451965332, 1623191328.1486309, 5, 29
0.18262481689453125, 1623191328.1488094, 5, 45
0.18260455131530762, 1623191328.1489983, 5, 49
0.18259024620056152, 1623191328.1491709, 5, 41
0.1825098991394043, 1623191328.1493177, 5, 27
0.18242883682250977, 1623191328.1494625, 5, 40
0.18237996101379395, 1623191328.1496046, 5, 32
0.18221831321716309, 1623191328.1496828, 5, 29
0.18205881118774414, 1623191328.1497548, 5, 55
0.1819159984588623, 1623191328.1498258, 5, 23
0.18176579475402832, 1623191328.1498966, 5, 47
0.18157529830932617, 1623191328.1499681, 5, 32
0.18146204948425293, 1623191328.1500378, 5, 25
0.18140029907226562, 1623191328.150155, 5, 26
0.181290864944458, 1623191328.1502779, 5, 31
0.18119168281555176, 1623191328.1503544, 5, 50
0.18108677864074707, 1623191328.150424, 5, 27
0.1810300350189209, 1623191328.1505454, 5, 27
0.18088912963867188, 1623191328.1506224, 5, 40
0.18082976341247559, 1623191328.1507392, 5, 49
0.18066930770874023, 1623191328.1508157, 5, 28
0.18055462837219238, 1623191328.1508856, 5, 41
0.18045973777770996, 1623191328.1509554, 5, 47
0.1802370548248291, 1623191328.151025, 5, 17
0.1800518035888672, 1623191328.151094, 5, 45
0.1799323558807373, 1623191328.151163, 5, 40
0.17981934547424316, 1623191328.1512346, 5, 32
0.17969703674316406, 1623191328.1513035, 5, 29
0.17953944206237793, 1623191328.1513724, 5, 54
0.17935609817504883, 1623191328.151441, 5, 32
0.17921853065490723, 1623191328.1515098, 5, 12
0.17911672592163086, 1623191328.1515777, 5, 24
0.17900967597961426, 1623191328.1516464, 5, 42
0.17882323265075684, 1623191328.1517153, 5, 14
0.17861676216125488, 1623191328.1517935, 5, 53
0.17860817909240723, 1623191328.1520221, 5, 54
0.17845559120178223, 1623191328.1521127, 5, 34
0.1783125400543213, 1623191328.1521897, 5, 27
0.17820239067077637, 1623191328.1522636, 5, 45
0.17810583114624023, 1623191328.1523354, 5, 49
0.17797327041625977, 1623191328.1524048, 5, 52
0.17786550521850586, 1623191328.152474, 5, 35
0.17775583267211914, 1623191328.152543, 5, 57
0.17764544486999512, 1623191328.1526105, 5, 24
0.1775517463684082, 1623191328.1526775, 5, 50
0.177459716796875, 1623191328.1527452, 5, 27
0.1773216724395752, 1623191328.1528127, 5, 27
0.1772139072418213, 1623191328.1528797, 5, 23
0.1770954132080078, 1623191328.1529467, 5, 31
0.17700886726379395, 1623191328.153014, 5, 44
0.17687320709228516, 1623191328.1530824, 5, 40
0.17676687240600586, 1623191328.1531527, 5, 32
0.17666292190551758, 1623191328.1532204, 5, 26
0.1765587329864502, 1623191328.1532876, 5, 33
0.17645812034606934, 1623191328.1533556, 5, 55
0.17628216743469238, 1623191328.153423, 5, 37
0.1762075424194336, 1623191328.1534908, 5, 23
0.1761164665222168, 1623191328.1535587, 5, 41
0.1760241985321045, 1623191328.1536272, 5, 33
0.1759178638458252, 1623191328.1536949, 5, 25
0.17580866813659668, 1623191328.1537633, 5, 47
0.1757373809814453, 1623191328.1538315, 5, 46
0.1755993366241455, 1623191328.1538992, 5, 29
0.17536616325378418, 1623191328.1539671, 5, 20
0.17525959014892578, 1623191328.154034, 5, 30
0.17516088485717773, 1623191328.1541016, 5, 37
0.17498350143432617, 1623191328.15417, 5, 61
0.17492341995239258, 1623191328.1542373, 5, 27
0.17476916313171387, 1623191328.1543047, 5, 40
0.1747119426727295, 1623191328.1543727, 5, 37
0.17459368705749512, 1623191328.1544406, 5, 42
0.17463469505310059, 1623191328.1546974, 5, 50
0.17453289031982422, 1623191328.1547718, 5, 30
0.17439985275268555, 1623191328.154842, 5, 41
0.1742844581604004, 1623191328.1549118, 5, 35
0.17418289184570312, 1623191328.1549811, 5, 48
0.17402195930480957, 1623191328.1550534, 5, 52
0.17391419410705566, 1623191328.1551223, 5, 20
0.17382168769836426, 1623191328.155191, 5, 46
0.17371797561645508, 1623191328.1552596, 5, 32
0.17361164093017578, 1623191328.1553278, 5, 48
0.17348480224609375, 1623191328.155396, 5, 35
0.1733236312866211, 1623191328.1554635, 5, 57
0.17321324348449707, 1623191328.1555314, 5, 52
0.17312002182006836, 1623191328.1555989, 5, 26
0.17296624183654785, 1623191328.155666, 5, 24
0.17285752296447754, 1623191328.1557338, 5, 41
0.17273473739624023, 1623191328.1558006, 5, 33
0.17270374298095703, 1623191328.155944, 5, 53
0.17261123657226562, 1623191328.1560218, 5, 40
0.17250967025756836, 1623191328.1560917, 5, 32
0.17240500450134277, 1623191328.1561596, 5, 34
0.17226576805114746, 1623191328.1562285, 5, 38
0.17215967178344727, 1623191328.1562955, 5, 21
0.17205548286437988, 1623191328.156365, 5, 21
0.1719520092010498, 1623191328.1564329, 5, 41
0.17177915573120117, 1623191328.1565015, 5, 52
0.1717214584350586, 1623191328.1565704, 5, 28
0.17163443565368652, 1623191328.1566396, 5, 26
0.17152166366577148, 1623191328.1567078, 5, 50
0.17142152786254883, 1623191328.156777, 5, 27
0.1713399887084961, 1623191328.1568491, 5, 48
0.17123627662658691, 1623191328.156918, 5, 46
0.17113447189331055, 1623191328.1569858, 5, 38
0.17102932929992676, 1623191328.1570532, 5, 41
0.17092466354370117, 1623191328.1571202, 5, 27
0.17081856727600098, 1623191328.1571877, 5, 35
0.17071247100830078, 1623191328.1572552, 5, 18
0.17061138153076172, 1623191328.1573234, 5, 58
0.17050671577453613, 1623191328.1573908, 5, 31
0.17042160034179688, 1623191328.1574602, 5, 38
0.17029547691345215, 1623191328.1575298, 5, 19
0.17017221450805664, 1623191328.1576169, 5, 49
0.16994380950927734, 1623191328.157701, 5, 37
0.1697711944580078, 1623191328.1577687, 5, 34
0.16977524757385254, 1623191328.157963, 5, 44
0.16969037055969238, 1623191328.1580637, 5, 39
0.16959547996520996, 1623191328.1581435, 5, 37
0.16952109336853027, 1623191328.1582181, 5, 38
0.1693575382232666, 1623191328.15829, 5, 53
0.1692204475402832, 1623191328.1583605, 5, 23
0.16910958290100098, 1623191328.1584299, 5, 39
0.16901564598083496, 1623191328.1585, 5, 42
0.16892790794372559, 1623191328.158584, 5, 33
0.1688544750213623, 1623191328.1586854, 5, 34
0.1688077449798584, 1623191328.1588163, 5, 29
0.168731689453125, 1623191328.1588976, 5, 40
0.16862249374389648, 1623191328.1589677, 5, 50
0.16852259635925293, 1623191328.159037, 5, 36
0.16841602325439453, 1623191328.1591063, 5, 33
0.16830992698669434, 1623191328.1591747, 5, 31
0.16820406913757324, 1623191328.159242, 5, 29
0.16810083389282227, 1623191328.1593096, 5, 37
0.16800451278686523, 1623191328.1593773, 5, 16
0.16790413856506348, 1623191328.1594448, 5, 29
0.1678013801574707, 1623191328.1595113, 5, 31
0.16766977310180664, 1623191328.1595788, 5, 28
0.16755104064941406, 1623191328.1596458, 5, 37
0.16743230819702148, 1623191328.1597126, 5, 26
0.16732168197631836, 1623191328.159779, 5, 28
0.16726970672607422, 1623191328.1598856, 5, 26
0.16714000701904297, 1623191328.1599548, 5, 33
0.16705918312072754, 1623191328.1600227, 5, 24
0.16694879531860352, 1623191328.16009, 5, 26
0.1668412685394287, 1623191328.1601596, 5, 27
0.16672301292419434, 1623191328.160227, 5, 15
0.16662096977233887, 1623191328.160295, 5, 34
0.1664905548095703, 1623191328.160363, 5, 37
0.166304349899292, 1623191328.1604297, 5, 31
0.1662445068359375, 1623191328.1604972, 5, 58
0.16608762741088867, 1623191328.1605644, 5, 29
0.166032075881958, 1623191328.1606343, 5, 49
0.165863037109375, 1623191328.1607032, 5, 29
0.16580557823181152, 1623191328.1607714, 5, 36
0.16565203666687012, 1623191328.1608398, 5, 23
0.16559338569641113, 1623191328.160907, 5, 48
0.16550469398498535, 1623191328.1609747, 5, 22
0.16539883613586426, 1623191328.161042, 5, 36
0.16526579856872559, 1623191328.1611097, 5, 31
0.16516590118408203, 1623191328.1611774, 5, 15
0.16506242752075195, 1623191328.1612444, 5, 21
0.16498136520385742, 1623191328.1613123, 5, 34
0.164872407913208, 1623191328.1613793, 5, 36
0.16476941108703613, 1623191328.1614466, 5, 32
0.1645214557647705, 1623191328.1615136, 5, 19
0.16444849967956543, 1623191328.1615942, 5, 24
0.16434383392333984, 1623191328.1616595, 5, 45
0.1641983985900879, 1623191328.1617243, 5, 46
0.1640782356262207, 1623191328.1617901, 5, 41
0.16395163536071777, 1623191328.161855, 5, 35
0.16381359100341797, 1623191328.1619205, 5, 39
0.16368889808654785, 1623191328.1619868, 5, 34
0.1635301113128662, 1623191328.1620522, 5, 31
0.1634066104888916, 1623191328.1621175, 5, 37
0.16326665878295898, 1623191328.1621826, 5, 35
0.16315031051635742, 1623191328.1622474, 5, 26
0.16299200057983398, 1623191328.162314, 5, 33
0.16287469863891602, 1623191328.162379, 5, 28
0.1627197265625, 1623191328.1624439, 5, 33
0.16254830360412598, 1623191328.1625092, 5, 36
0.16242122650146484, 1623191328.1625888, 5, 33
0.1622939109802246, 1623191328.1626523, 5, 48
0.16222143173217773, 1623191328.1627157, 5, 28
0.16219067573547363, 1623191328.1627793, 5, 47
0.16216278076171875, 1623191328.1628435, 5, 41
0.16207218170166016, 1623191328.1629074, 5, 45
0.1620314121246338, 1623191328.1629715, 5, 44
0.16200590133666992, 1623191328.1630359, 5, 36
0.16198372840881348, 1623191328.1631, 5, 36
0.16187715530395508, 1623191328.163166, 5, 41
0.16184234619140625, 1623191328.16323, 5, 51
0.1618056297302246, 1623191328.1632938, 5, 44
0.16178059577941895, 1623191328.1633573, 5, 28
0.1617593765258789, 1623191328.16342, 5, 28
0.16173505783081055, 1623191328.1634827, 5, 32
0.1617276668548584, 1623191328.1635602, 5, 60
0.16170454025268555, 1623191328.1636221, 5, 21
0.16168212890625, 1623191328.1636832, 5, 20
0.16165709495544434, 1623191328.1637447, 5, 37
0.16173934936523438, 1623191328.1639793, 5, 26
0.1617417335510254, 1623191328.1640775, 5, 40
0.16180729866027832, 1623191328.164225, 5, 22
0.16184115409851074, 1623191328.1643448, 5, 36
0.16187143325805664, 1623191328.164461, 5, 38
0.16193580627441406, 1623191328.164613, 5, 47
0.16193008422851562, 1623191328.1647043, 5, 36
0.16195344924926758, 1623191328.1648154, 5, 33
0.1619410514831543, 1623191328.164888, 5, 40
0.16191816329956055, 1623191328.1649528, 5, 20
0.16190028190612793, 1623191328.1650164, 5, 42
0.1618788242340088, 1623191328.1650794, 5, 26
0.16184210777282715, 1623191328.1651416, 5, 39
0.16182327270507812, 1623191328.1652038, 5, 40
0.1618034839630127, 1623191328.1652656, 5, 41
0.16177821159362793, 1623191328.1653275, 5, 41
0.16175556182861328, 1623191328.1653895, 5, 36
0.16173815727233887, 1623191328.1654508, 5, 32
0.1617138385772705, 1623191328.1655118, 5, 46
0.16167736053466797, 1623191328.1655736, 5, 37
0.1616511344909668, 1623191328.165635, 5, 34
0.1616346836090088, 1623191328.1656966, 5, 37
0.16161012649536133, 1623191328.165758, 5, 37
0.1615889072418213, 1623191328.1658194, 5, 50
0.16149497032165527, 1623191328.1658797, 5, 29
0.16145849227905273, 1623191328.1659408, 5, 40
0.16141963005065918, 1623191328.1660013, 5, 35
0.16139984130859375, 1623191328.1660647, 5, 23
0.161376953125, 1623191328.166127, 5, 43
0.1613316535949707, 1623191328.1661878, 5, 26
0.16131138801574707, 1623191328.1662488, 5, 21
0.1612546443939209, 1623191328.166327, 5, 45
0.16121935844421387, 1623191328.1663883, 5, 40
0.16109323501586914, 1623191328.1664488, 5, 18
0.16103315353393555, 1623191328.1665094, 5, 19
0.16100692749023438, 1623191328.1665697, 5, 30
0.16098666191101074, 1623191328.1666312, 5, 47
0.16088175773620605, 1623191328.166692, 5, 30
0.16083931922912598, 1623191328.1667528, 5, 51
0.16081023216247559, 1623191328.1668139, 5, 56
0.1607820987701416, 1623191328.1668742, 5, 30
0.16075611114501953, 1623191328.1669343, 5, 27
0.1607370376586914, 1623191328.1669953, 5, 35
0.16071009635925293, 1623191328.167056, 5, 29
0.16059470176696777, 1623191328.1671166, 5, 27
0.16055989265441895, 1623191328.1671767, 5, 24
0.16053557395935059, 1623191328.167237, 5, 26
0.16051530838012695, 1623191328.167298, 5, 34
0.16047906875610352, 1623191328.1673589, 5, 28
0.16039299964904785, 1623191328.1674197, 5, 49
0.16034603118896484, 1623191328.167481, 5, 51
0.16031813621520996, 1623191328.1675415, 5, 37
0.1602940559387207, 1623191328.1676042, 5, 34
0.16017913818359375, 1623191328.167667, 5, 23
0.16011643409729004, 1623191328.1677277, 5, 47
0.16008806228637695, 1623191328.167789, 5, 42
0.1601884365081787, 1623191328.167976, 5, 20
0.16010427474975586, 1623191328.1680512, 5, 30
0.1601400375366211, 1623191328.1681693, 5, 54
0.16012191772460938, 1623191328.1682398, 5, 34
0.15999817848205566, 1623191328.1683037, 5, 23
0.15993356704711914, 1623191328.1683664, 5, 36
0.15990543365478516, 1623191328.1684287, 5, 36
0.15987110137939453, 1623191328.16849, 5, 39
0.15984630584716797, 1623191328.1685514, 5, 34
0.15981745719909668, 1623191328.1686113, 5, 14
0.1598203182220459, 1623191328.168703, 5, 47
0.15979242324829102, 1623191328.1687644, 5, 41
0.1597747802734375, 1623191328.1688259, 5, 39
0.15975189208984375, 1623191328.1688871, 5, 25
0.1597287654876709, 1623191328.1689477, 5, 30
0.15970635414123535, 1623191328.169009, 5, 19
0.1596086025238037, 1623191328.169071, 5, 26
0.15952467918395996, 1623191328.1691315, 5, 53
0.15936779975891113, 1623191328.169193, 5, 52
0.15930747985839844, 1623191328.1692545, 5, 44
0.15927577018737793, 1623191328.1693153, 5, 28
0.15925836563110352, 1623191328.1693788, 5, 43
0.15923404693603516, 1623191328.16944, 5, 32
0.15921664237976074, 1623191328.1695004, 5, 26
0.1591932773590088, 1623191328.1695604, 5, 29
0.1590712070465088, 1623191328.1696208, 5, 36
0.15900802612304688, 1623191328.169681, 5, 50
0.15898633003234863, 1623191328.169742, 5, 23
0.15895891189575195, 1623191328.1698017, 5, 37
0.1589221954345703, 1623191328.1698618, 5, 27
0.15890192985534668, 1623191328.1699278, 5, 29
0.158980131149292, 1623191328.1700907, 5, 21
0.15897631645202637, 1623191328.1701744, 5, 33
0.1589672565460205, 1623191328.170244, 5, 43
0.15894746780395508, 1623191328.1703115, 5, 34
0.15891695022583008, 1623191328.1703763, 5, 32
0.15894341468811035, 1623191328.170487, 5, 38
0.15893793106079102, 1623191328.1705666, 5, 37
0.158919095993042, 1623191328.1706321, 5, 37
0.15890002250671387, 1623191328.1706963, 5, 36
0.15884613990783691, 1623191328.1707592, 5, 56
0.15882229804992676, 1623191328.1708221, 5, 26
0.15880703926086426, 1623191328.1708846, 5, 28
0.15878558158874512, 1623191328.1709466, 5, 33
0.15859079360961914, 1623191328.1710088, 5, 39
0.15856242179870605, 1623191328.1710706, 5, 31
0.15854120254516602, 1623191328.171135, 5, 50
0.1585094928741455, 1623191328.1711977, 5, 24
0.158494234085083, 1623191328.1712604, 5, 48
0.15847229957580566, 1623191328.171323, 5, 56
0.15845465660095215, 1623191328.1713855, 5, 34
0.15845727920532227, 1623191328.1714656, 5, 29
0.15845799446105957, 1623191328.1715503, 5, 34
0.15845704078674316, 1623191328.1716366, 5, 42
0.15844941139221191, 1623191328.1717234, 5, 28
0.15866613388061523, 1623191328.172024, 5, 28
0.15876507759094238, 1623191328.172204, 12, 10
